#
# There is insufficient memory for the Java Runtime Environment to continue.
# Native memory allocation (malloc) failed to allocate 638416 bytes for Chunk::new
# Possible reasons:
#   The system is out of physical RAM or swap space
#   The process is running with CompressedOops enabled, and the Java Heap may be blocking the growth of the native heap
# Possible solutions:
#   Reduce memory load on the system
#   Increase physical memory or swap space
#   Check if swap backing store is full
#   Decrease Java heap size (-Xmx/-Xms)
#   Decrease number of Java threads
#   Decrease Java thread stack sizes (-Xss)
#   Set larger code cache with -XX:ReservedCodeCacheSize=
#   JVM is running with Unscaled Compressed Oops mode in which the Java heap is
#     placed in the first 4GB address space. The Java Heap base address is the
#     maximum limit for the native heap growth. Please use -XX:HeapBaseMinAddress
#     to set the Java Heap base and to place the Java Heap above 4GB virtual address.
# This output file may be truncated or incomplete.
#
#  Out of Memory Error (./src/hotspot/share/memory/arena.cpp:197), pid=4092, tid=5244
#
# JRE version: OpenJDK Runtime Environment (11.0.10) (build 11.0.10+0-b96-7249189)
# Java VM: OpenJDK 64-Bit Server VM (11.0.10+0-b96-7249189, mixed mode, tiered, compressed oops, g1 gc, windows-amd64)
# No core dump will be written. Minidumps are not enabled by default on client versions of Windows
#

---------------  S U M M A R Y ------------

Command Line: org.jetbrains.kotlin.cli.jvm.K2JVMCompiler @D:\DOKUMEN\FilmAPI\app\build\20220207_13580824974516301704.compiler.options

Host: AMD Ryzen 5 5500U with Radeon Graphics         , 12 cores, 7G,  Windows 10 , 64 bit Build 21996 (10.0.21996.1)
Time: Mon Feb  7 13:52:21 2022 SE Asia Standard Time elapsed time: 6.555962 seconds (0d 0h 0m 6s)

---------------  T H R E A D  ---------------

Current thread (0x000002542d8f2800):  JavaThread "C2 CompilerThread0" daemon [_thread_in_native, id=5244, stack(0x000000f4e9b00000,0x000000f4e9c00000)]


Current CompileTask:
C2:   6556 10218       4       org.jetbrains.kotlin.ir.util.TypeTranslator::translateType (593 bytes)

Stack: [0x000000f4e9b00000,0x000000f4e9c00000]
Native frames: (J=compiled Java code, j=interpreted, Vv=VM code, C=native code)
V  [jvm.dll+0x5ecfaa]
V  [jvm.dll+0x722bd5]
V  [jvm.dll+0x72412d]
V  [jvm.dll+0x7247e3]
V  [jvm.dll+0x242928]
V  [jvm.dll+0xbc4fc]
V  [jvm.dll+0xbca0c]
V  [jvm.dll+0x2b4fd4]
V  [jvm.dll+0x506028]
V  [jvm.dll+0x1fc985]
V  [jvm.dll+0x1fa77f]
V  [jvm.dll+0x18354c]
V  [jvm.dll+0x208ee7]
V  [jvm.dll+0x207731]
V  [jvm.dll+0x6eb1cf]
V  [jvm.dll+0x6e3d45]
V  [jvm.dll+0x5ebe96]
C  [ucrtbase.dll+0x26c0c]
C  [KERNEL32.DLL+0x154e0]
C  [ntdll.dll+0x485b]


---------------  P R O C E S S  ---------------

Threads class SMR info:
_java_thread_list=0x000002542e3a1940, length=12, elements={
0x000002541362c000, 0x000002542d8cf000, 0x000002542d8d0000, 0x000002542d8ef000,
0x000002542d8ef800, 0x000002542d8f0800, 0x000002542d8f2800, 0x000002542d8f6800,
0x000002542d8f7800, 0x000002542e3b8800, 0x000002542e3b6000, 0x000002542e3b5000
}

Java Threads: ( => current thread )
  0x000002541362c000 JavaThread "main" [_thread_in_Java, id=11136, stack(0x000000f4e8f00000,0x000000f4e9000000)]
  0x000002542d8cf000 JavaThread "Reference Handler" daemon [_thread_blocked, id=6104, stack(0x000000f4e9600000,0x000000f4e9700000)]
  0x000002542d8d0000 JavaThread "Finalizer" daemon [_thread_blocked, id=11964, stack(0x000000f4e9700000,0x000000f4e9800000)]
  0x000002542d8ef000 JavaThread "Signal Dispatcher" daemon [_thread_blocked, id=8128, stack(0x000000f4e9800000,0x000000f4e9900000)]
  0x000002542d8ef800 JavaThread "Attach Listener" daemon [_thread_blocked, id=8032, stack(0x000000f4e9900000,0x000000f4e9a00000)]
  0x000002542d8f0800 JavaThread "Service Thread" daemon [_thread_blocked, id=1656, stack(0x000000f4e9a00000,0x000000f4e9b00000)]
=>0x000002542d8f2800 JavaThread "C2 CompilerThread0" daemon [_thread_in_native, id=5244, stack(0x000000f4e9b00000,0x000000f4e9c00000)]
  0x000002542d8f6800 JavaThread "C1 CompilerThread0" daemon [_thread_in_vm, id=9804, stack(0x000000f4e9c00000,0x000000f4e9d00000)]
  0x000002542d8f7800 JavaThread "Sweeper thread" daemon [_thread_blocked, id=9652, stack(0x000000f4e9d00000,0x000000f4e9e00000)]
  0x000002542e3b8800 JavaThread "Common-Cleaner" daemon [_thread_blocked, id=3752, stack(0x000000f4e9f00000,0x000000f4ea000000)]
  0x000002542e3b6000 JavaThread "C2 CompilerThread1" daemon [_thread_blocked, id=3352, stack(0x000000f4ea000000,0x000000f4ea100000)]
  0x000002542e3b5000 JavaThread "C2 CompilerThread2" daemon [_thread_in_native, id=7068, stack(0x000000f4ea100000,0x000000f4ea200000)]

Other Threads:
  0x000002542d8ab000 VMThread "VM Thread" [stack: 0x000000f4e9500000,0x000000f4e9600000] [id=8424]
  0x000002542e39d000 WatcherThread [stack: 0x000000f4e9e00000,0x000000f4e9f00000] [id=1952]
  0x0000025413643800 GCTaskThread "GC Thread#0" [stack: 0x000000f4e9000000,0x000000f4e9100000] [id=10784]
  0x000002542e91c800 GCTaskThread "GC Thread#1" [stack: 0x000000f4ea200000,0x000000f4ea300000] [id=8268]
  0x0000025433f73000 GCTaskThread "GC Thread#2" [stack: 0x000000f4ea500000,0x000000f4ea600000] [id=7800]
  0x0000025413671800 ConcurrentGCThread "G1 Main Marker" [stack: 0x000000f4e9100000,0x000000f4e9200000] [id=10872]
  0x0000025413673000 ConcurrentGCThread "G1 Conc#0" [stack: 0x000000f4e9200000,0x000000f4e9300000] [id=6416]
  0x000002542ee03000 ConcurrentGCThread "G1 Conc#1" [stack: 0x000000f4ea300000,0x000000f4ea400000] [id=7252]
  0x000002542ea1d000 ConcurrentGCThread "G1 Conc#2" [stack: 0x000000f4ea400000,0x000000f4ea500000] [id=2512]
  0x000002542d712800 ConcurrentGCThread "G1 Refine#0" [stack: 0x000000f4e9300000,0x000000f4e9400000] [id=10320]
  0x00000254374a9800 ConcurrentGCThread "G1 Refine#1" [stack: 0x000000f4ea600000,0x000000f4ea700000] [id=4312]
  0x00000254302ec000 ConcurrentGCThread "G1 Refine#2" [stack: 0x000000f4ea700000,0x000000f4ea800000] [id=8780]
  0x00000254302ed000 ConcurrentGCThread "G1 Refine#3" [stack: 0x000000f4ea800000,0x000000f4ea900000] [id=12136]
  0x00000254302ee000 ConcurrentGCThread "G1 Refine#4" [stack: 0x000000f4ea900000,0x000000f4eaa00000] [id=10820]
  0x000002542d713000 ConcurrentGCThread "G1 Young RemSet Sampling" [stack: 0x000000f4e9400000,0x000000f4e9500000] [id=9000]

Threads with active compile tasks:
C2 CompilerThread0   6569 10218       4       org.jetbrains.kotlin.ir.util.TypeTranslator::translateType (593 bytes)
C1 CompilerThread0   6569 10238       3       org.jetbrains.kotlin.backend.common.ClassLoweringVisitor::visitDeclarationReference (6 bytes)
C2 CompilerThread2   6569 10192       4       org.jetbrains.kotlin.backend.common.serialization.signature.IdSignatureDescriptor$DescriptorBasedSignatureBuilder::visitFunctionDescriptor (13 bytes)

VM state:not at safepoint (normal execution)

VM Mutex/Monitor currently owned by a thread: None

Heap address: 0x000000008a400000, size: 1884 MB, Compressed Oops mode: 32-bit
Narrow klass base: 0x0000000000000000, Narrow klass shift: 3
Compressed class space size: 1073741824 Address: 0x0000000100000000

Heap:
 garbage-first heap   total 231424K, used 66369K [0x000000008a400000, 0x0000000100000000)
  region size 1024K, 11 young (11264K), 6 survivors (6144K)
 Metaspace       used 73818K, capacity 74594K, committed 74624K, reserved 1116160K
  class space    used 8238K, capacity 8548K, committed 8576K, reserved 1048576K
Heap Regions: E=young(eden), S=young(survivor), O=old, HS=humongous(starts), HC=humongous(continues), CS=collection set, F=free, A=archive, TAMS=top-at-mark-start (previous, next)
|   0|0x000000008a400000, 0x000000008a500000, 0x000000008a500000|100%|HS|  |TAMS 0x000000008a500000, 0x000000008a400000| Complete 
|   1|0x000000008a500000, 0x000000008a600000, 0x000000008a600000|100%|HC|  |TAMS 0x000000008a600000, 0x000000008a500000| Complete 
|   2|0x000000008a600000, 0x000000008a700000, 0x000000008a700000|100%|HC|  |TAMS 0x000000008a700000, 0x000000008a600000| Complete 
|   3|0x000000008a700000, 0x000000008a800000, 0x000000008a800000|100%|HS|  |TAMS 0x000000008a800000, 0x000000008a700000| Complete 
|   4|0x000000008a800000, 0x000000008a900000, 0x000000008a900000|100%|HC|  |TAMS 0x000000008a900000, 0x000000008a800000| Complete 
|   5|0x000000008a900000, 0x000000008aa00000, 0x000000008aa00000|100%|HC|  |TAMS 0x000000008aa00000, 0x000000008a900000| Complete 
|   6|0x000000008aa00000, 0x000000008ab00000, 0x000000008ab00000|100%|HS|  |TAMS 0x000000008ab00000, 0x000000008aa00000| Complete 
|   7|0x000000008ab00000, 0x000000008ac00000, 0x000000008ac00000|100%|HC|  |TAMS 0x000000008ac00000, 0x000000008ab00000| Complete 
|   8|0x000000008ac00000, 0x000000008ad00000, 0x000000008ad00000|100%|HC|  |TAMS 0x000000008ad00000, 0x000000008ac00000| Complete 
|   9|0x000000008ad00000, 0x000000008ae00000, 0x000000008ae00000|100%| O|  |TAMS 0x000000008ae00000, 0x000000008ad00000| Untracked 
|  10|0x000000008ae00000, 0x000000008af00000, 0x000000008af00000|100%| O|  |TAMS 0x000000008af00000, 0x000000008ae00000| Untracked 
|  11|0x000000008af00000, 0x000000008b000000, 0x000000008b000000|100%| O|  |TAMS 0x000000008b000000, 0x000000008af00000| Untracked 
|  12|0x000000008b000000, 0x000000008b100000, 0x000000008b100000|100%| O|  |TAMS 0x000000008b100000, 0x000000008b000000| Untracked 
|  13|0x000000008b100000, 0x000000008b200000, 0x000000008b200000|100%|HS|  |TAMS 0x000000008b200000, 0x000000008b100000| Complete 
|  14|0x000000008b200000, 0x000000008b300000, 0x000000008b300000|100%|HC|  |TAMS 0x000000008b300000, 0x000000008b200000| Complete 
|  15|0x000000008b300000, 0x000000008b400000, 0x000000008b400000|100%| O|  |TAMS 0x000000008b400000, 0x000000008b300000| Untracked 
|  16|0x000000008b400000, 0x000000008b500000, 0x000000008b500000|100%| O|  |TAMS 0x000000008b500000, 0x000000008b400000| Untracked 
|  17|0x000000008b500000, 0x000000008b600000, 0x000000008b600000|100%| O|  |TAMS 0x000000008b600000, 0x000000008b500000| Untracked 
|  18|0x000000008b600000, 0x000000008b700000, 0x000000008b700000|100%| O|  |TAMS 0x000000008b700000, 0x000000008b600000| Untracked 
|  19|0x000000008b700000, 0x000000008b800000, 0x000000008b800000|100%| O|  |TAMS 0x000000008b800000, 0x000000008b700000| Untracked 
|  20|0x000000008b800000, 0x000000008b900000, 0x000000008b900000|100%| O|  |TAMS 0x000000008b900000, 0x000000008b800000| Untracked 
|  21|0x000000008b900000, 0x000000008ba00000, 0x000000008ba00000|100%| O|  |TAMS 0x000000008ba00000, 0x000000008b900000| Untracked 
|  22|0x000000008ba00000, 0x000000008bb00000, 0x000000008bb00000|100%| O|  |TAMS 0x000000008bb00000, 0x000000008ba00000| Untracked 
|  23|0x000000008bb00000, 0x000000008bc00000, 0x000000008bc00000|100%| O|  |TAMS 0x000000008bc00000, 0x000000008bb00000| Untracked 
|  24|0x000000008bc00000, 0x000000008bd00000, 0x000000008bd00000|100%| O|  |TAMS 0x000000008bd00000, 0x000000008bc00000| Untracked 
|  25|0x000000008bd00000, 0x000000008be00000, 0x000000008be00000|100%| O|  |TAMS 0x000000008be00000, 0x000000008bd00000| Untracked 
|  26|0x000000008be00000, 0x000000008bf00000, 0x000000008bf00000|100%| O|  |TAMS 0x000000008bf00000, 0x000000008be00000| Untracked 
|  27|0x000000008bf00000, 0x000000008c000000, 0x000000008c000000|100%| O|  |TAMS 0x000000008c000000, 0x000000008bf00000| Untracked 
|  28|0x000000008c000000, 0x000000008c100000, 0x000000008c100000|100%| O|  |TAMS 0x000000008c100000, 0x000000008c000000| Untracked 
|  29|0x000000008c100000, 0x000000008c200000, 0x000000008c200000|100%| O|  |TAMS 0x000000008c200000, 0x000000008c100000| Untracked 
|  30|0x000000008c200000, 0x000000008c300000, 0x000000008c300000|100%| O|  |TAMS 0x000000008c300000, 0x000000008c200000| Untracked 
|  31|0x000000008c300000, 0x000000008c400000, 0x000000008c400000|100%| O|  |TAMS 0x000000008c400000, 0x000000008c300000| Untracked 
|  32|0x000000008c400000, 0x000000008c500000, 0x000000008c500000|100%| O|  |TAMS 0x000000008c500000, 0x000000008c400000| Untracked 
|  33|0x000000008c500000, 0x000000008c600000, 0x000000008c600000|100%| O|  |TAMS 0x000000008c600000, 0x000000008c500000| Untracked 
|  34|0x000000008c600000, 0x000000008c700000, 0x000000008c700000|100%| O|  |TAMS 0x000000008c700000, 0x000000008c600000| Untracked 
|  35|0x000000008c700000, 0x000000008c800000, 0x000000008c800000|100%| O|  |TAMS 0x000000008c800000, 0x000000008c700000| Untracked 
|  36|0x000000008c800000, 0x000000008c900000, 0x000000008c900000|100%| O|  |TAMS 0x000000008c900000, 0x000000008c800000| Untracked 
|  37|0x000000008c900000, 0x000000008ca00000, 0x000000008ca00000|100%| O|  |TAMS 0x000000008ca00000, 0x000000008c900000| Untracked 
|  38|0x000000008ca00000, 0x000000008cb00000, 0x000000008cb00000|100%| O|  |TAMS 0x000000008cb00000, 0x000000008ca00000| Untracked 
|  39|0x000000008cb00000, 0x000000008cc00000, 0x000000008cc00000|100%| O|  |TAMS 0x000000008cc00000, 0x000000008cb00000| Untracked 
|  40|0x000000008cc00000, 0x000000008cd00000, 0x000000008cd00000|100%| O|  |TAMS 0x000000008cd00000, 0x000000008cc00000| Untracked 
|  41|0x000000008cd00000, 0x000000008ce00000, 0x000000008ce00000|100%| O|  |TAMS 0x000000008ce00000, 0x000000008cd00000| Untracked 
|  42|0x000000008ce00000, 0x000000008cf00000, 0x000000008cf00000|100%| O|  |TAMS 0x000000008cea1e00, 0x000000008ce00000| Untracked 
|  43|0x000000008cf00000, 0x000000008d000000, 0x000000008d000000|100%| O|  |TAMS 0x000000008cf00000, 0x000000008cf00000| Untracked 
|  44|0x000000008d000000, 0x000000008d100000, 0x000000008d100000|100%| O|  |TAMS 0x000000008d000000, 0x000000008d000000| Untracked 
|  45|0x000000008d100000, 0x000000008d200000, 0x000000008d200000|100%| O|  |TAMS 0x000000008d100000, 0x000000008d100000| Untracked 
|  46|0x000000008d200000, 0x000000008d300000, 0x000000008d300000|100%| O|  |TAMS 0x000000008d200000, 0x000000008d200000| Untracked 
|  47|0x000000008d300000, 0x000000008d400000, 0x000000008d400000|100%| O|  |TAMS 0x000000008d300000, 0x000000008d300000| Untracked 
|  48|0x000000008d400000, 0x000000008d500000, 0x000000008d500000|100%| O|  |TAMS 0x000000008d400000, 0x000000008d400000| Untracked 
|  49|0x000000008d500000, 0x000000008d600000, 0x000000008d600000|100%| O|  |TAMS 0x000000008d500000, 0x000000008d500000| Untracked 
|  50|0x000000008d600000, 0x000000008d700000, 0x000000008d700000|100%| O|  |TAMS 0x000000008d600000, 0x000000008d600000| Untracked 
|  51|0x000000008d700000, 0x000000008d800000, 0x000000008d800000|100%| O|  |TAMS 0x000000008d700000, 0x000000008d700000| Untracked 
|  52|0x000000008d800000, 0x000000008d900000, 0x000000008d900000|100%| O|  |TAMS 0x000000008d800000, 0x000000008d800000| Untracked 
|  53|0x000000008d900000, 0x000000008da00000, 0x000000008da00000|100%| O|  |TAMS 0x000000008d900000, 0x000000008d900000| Untracked 
|  54|0x000000008da00000, 0x000000008db00000, 0x000000008db00000|100%| O|  |TAMS 0x000000008da00000, 0x000000008da00000| Untracked 
|  55|0x000000008db00000, 0x000000008db00000, 0x000000008dc00000|  0%| F|  |TAMS 0x000000008db00000, 0x000000008db00000| Untracked 
|  56|0x000000008dc00000, 0x000000008dc00000, 0x000000008dd00000|  0%| F|  |TAMS 0x000000008dc00000, 0x000000008dc00000| Untracked 
|  57|0x000000008dd00000, 0x000000008dd00000, 0x000000008de00000|  0%| F|  |TAMS 0x000000008dd00000, 0x000000008dd00000| Untracked 
|  58|0x000000008de00000, 0x000000008de00000, 0x000000008df00000|  0%| F|  |TAMS 0x000000008de00000, 0x000000008de00000| Untracked 
|  59|0x000000008df00000, 0x000000008df00000, 0x000000008e000000|  0%| F|  |TAMS 0x000000008df00000, 0x000000008df00000| Untracked 
|  60|0x000000008e000000, 0x000000008e000000, 0x000000008e100000|  0%| F|  |TAMS 0x000000008e000000, 0x000000008e000000| Untracked 
|  61|0x000000008e100000, 0x000000008e100000, 0x000000008e200000|  0%| F|  |TAMS 0x000000008e100000, 0x000000008e100000| Untracked 
|  62|0x000000008e200000, 0x000000008e200000, 0x000000008e300000|  0%| F|  |TAMS 0x000000008e200000, 0x000000008e200000| Untracked 
|  63|0x000000008e300000, 0x000000008e300000, 0x000000008e400000|  0%| F|  |TAMS 0x000000008e300000, 0x000000008e300000| Untracked 
|  64|0x000000008e400000, 0x000000008e400000, 0x000000008e500000|  0%| F|  |TAMS 0x000000008e400000, 0x000000008e400000| Untracked 
|  65|0x000000008e500000, 0x000000008e500000, 0x000000008e600000|  0%| F|  |TAMS 0x000000008e500000, 0x000000008e500000| Untracked 
|  66|0x000000008e600000, 0x000000008e600000, 0x000000008e700000|  0%| F|  |TAMS 0x000000008e600000, 0x000000008e600000| Untracked 
|  67|0x000000008e700000, 0x000000008e700000, 0x000000008e800000|  0%| F|  |TAMS 0x000000008e700000, 0x000000008e700000| Untracked 
|  68|0x000000008e800000, 0x000000008e800000, 0x000000008e900000|  0%| F|  |TAMS 0x000000008e800000, 0x000000008e800000| Untracked 
|  69|0x000000008e900000, 0x000000008e900000, 0x000000008ea00000|  0%| F|  |TAMS 0x000000008e900000, 0x000000008e900000| Untracked 
|  70|0x000000008ea00000, 0x000000008ea00000, 0x000000008eb00000|  0%| F|  |TAMS 0x000000008ea00000, 0x000000008ea00000| Untracked 
|  71|0x000000008eb00000, 0x000000008eb00000, 0x000000008ec00000|  0%| F|  |TAMS 0x000000008eb00000, 0x000000008eb00000| Untracked 
|  72|0x000000008ec00000, 0x000000008ec00000, 0x000000008ed00000|  0%| F|  |TAMS 0x000000008ec00000, 0x000000008ec00000| Untracked 
|  73|0x000000008ed00000, 0x000000008ed00000, 0x000000008ee00000|  0%| F|  |TAMS 0x000000008ed00000, 0x000000008ed00000| Untracked 
|  74|0x000000008ee00000, 0x000000008ee00000, 0x000000008ef00000|  0%| F|  |TAMS 0x000000008ee00000, 0x000000008ee00000| Untracked 
|  75|0x000000008ef00000, 0x000000008ef00000, 0x000000008f000000|  0%| F|  |TAMS 0x000000008ef00000, 0x000000008ef00000| Untracked 
|  76|0x000000008f000000, 0x000000008f000000, 0x000000008f100000|  0%| F|  |TAMS 0x000000008f000000, 0x000000008f000000| Untracked 
|  77|0x000000008f100000, 0x000000008f100000, 0x000000008f200000|  0%| F|  |TAMS 0x000000008f100000, 0x000000008f100000| Untracked 
|  78|0x000000008f200000, 0x000000008f200000, 0x000000008f300000|  0%| F|  |TAMS 0x000000008f200000, 0x000000008f200000| Untracked 
|  79|0x000000008f300000, 0x000000008f300000, 0x000000008f400000|  0%| F|  |TAMS 0x000000008f300000, 0x000000008f300000| Untracked 
|  80|0x000000008f400000, 0x000000008f400000, 0x000000008f500000|  0%| F|  |TAMS 0x000000008f400000, 0x000000008f400000| Untracked 
|  81|0x000000008f500000, 0x000000008f500000, 0x000000008f600000|  0%| F|  |TAMS 0x000000008f500000, 0x000000008f500000| Untracked 
|  82|0x000000008f600000, 0x000000008f600000, 0x000000008f700000|  0%| F|  |TAMS 0x000000008f600000, 0x000000008f600000| Untracked 
|  83|0x000000008f700000, 0x000000008f700000, 0x000000008f800000|  0%| F|  |TAMS 0x000000008f700000, 0x000000008f700000| Untracked 
|  84|0x000000008f800000, 0x000000008f800000, 0x000000008f900000|  0%| F|  |TAMS 0x000000008f800000, 0x000000008f800000| Untracked 
|  85|0x000000008f900000, 0x000000008f900000, 0x000000008fa00000|  0%| F|  |TAMS 0x000000008f900000, 0x000000008f900000| Untracked 
|  86|0x000000008fa00000, 0x000000008fa00000, 0x000000008fb00000|  0%| F|  |TAMS 0x000000008fa00000, 0x000000008fa00000| Untracked 
|  87|0x000000008fb00000, 0x000000008fb00000, 0x000000008fc00000|  0%| F|  |TAMS 0x000000008fb00000, 0x000000008fb00000| Untracked 
|  88|0x000000008fc00000, 0x000000008fc00000, 0x000000008fd00000|  0%| F|  |TAMS 0x000000008fc00000, 0x000000008fc00000| Untracked 
|  89|0x000000008fd00000, 0x000000008fd00000, 0x000000008fe00000|  0%| F|  |TAMS 0x000000008fd00000, 0x000000008fd00000| Untracked 
|  90|0x000000008fe00000, 0x000000008fe00000, 0x000000008ff00000|  0%| F|  |TAMS 0x000000008fe00000, 0x000000008fe00000| Untracked 
|  91|0x000000008ff00000, 0x000000008ff00000, 0x0000000090000000|  0%| F|  |TAMS 0x000000008ff00000, 0x000000008ff00000| Untracked 
|  92|0x0000000090000000, 0x0000000090000000, 0x0000000090100000|  0%| F|  |TAMS 0x0000000090000000, 0x0000000090000000| Untracked 
|  93|0x0000000090100000, 0x0000000090100000, 0x0000000090200000|  0%| F|  |TAMS 0x0000000090100000, 0x0000000090100000| Untracked 
|  94|0x0000000090200000, 0x0000000090200000, 0x0000000090300000|  0%| F|  |TAMS 0x0000000090200000, 0x0000000090200000| Untracked 
|  95|0x0000000090300000, 0x0000000090300000, 0x0000000090400000|  0%| F|  |TAMS 0x0000000090300000, 0x0000000090300000| Untracked 
|  96|0x0000000090400000, 0x0000000090400000, 0x0000000090500000|  0%| F|  |TAMS 0x0000000090400000, 0x0000000090400000| Untracked 
|  97|0x0000000090500000, 0x0000000090500000, 0x0000000090600000|  0%| F|  |TAMS 0x0000000090500000, 0x0000000090500000| Untracked 
|  98|0x0000000090600000, 0x0000000090600000, 0x0000000090700000|  0%| F|  |TAMS 0x0000000090600000, 0x0000000090600000| Untracked 
|  99|0x0000000090700000, 0x0000000090700000, 0x0000000090800000|  0%| F|  |TAMS 0x0000000090700000, 0x0000000090700000| Untracked 
| 100|0x0000000090800000, 0x00000000908d06c0, 0x0000000090900000| 81%| S|CS|TAMS 0x0000000090800000, 0x0000000090800000| Complete 
| 101|0x0000000090900000, 0x0000000090a00000, 0x0000000090a00000|100%| S|CS|TAMS 0x0000000090900000, 0x0000000090900000| Complete 
| 102|0x0000000090a00000, 0x0000000090b00000, 0x0000000090b00000|100%| S|CS|TAMS 0x0000000090a00000, 0x0000000090a00000| Complete 
| 103|0x0000000090b00000, 0x0000000090c00000, 0x0000000090c00000|100%| S|CS|TAMS 0x0000000090b00000, 0x0000000090b00000| Complete 
| 104|0x0000000090c00000, 0x0000000090d00000, 0x0000000090d00000|100%| S|CS|TAMS 0x0000000090c00000, 0x0000000090c00000| Complete 
| 105|0x0000000090d00000, 0x0000000090e00000, 0x0000000090e00000|100%| S|CS|TAMS 0x0000000090d00000, 0x0000000090d00000| Complete 
| 106|0x0000000090e00000, 0x0000000090e00000, 0x0000000090f00000|  0%| F|  |TAMS 0x0000000090e00000, 0x0000000090e00000| Untracked 
| 107|0x0000000090f00000, 0x0000000090f00000, 0x0000000091000000|  0%| F|  |TAMS 0x0000000090f00000, 0x0000000090f00000| Untracked 
| 108|0x0000000091000000, 0x0000000091000000, 0x0000000091100000|  0%| F|  |TAMS 0x0000000091000000, 0x0000000091000000| Untracked 
| 109|0x0000000091100000, 0x0000000091100000, 0x0000000091200000|  0%| F|  |TAMS 0x0000000091100000, 0x0000000091100000| Untracked 
| 110|0x0000000091200000, 0x0000000091200000, 0x0000000091300000|  0%| F|  |TAMS 0x0000000091200000, 0x0000000091200000| Untracked 
| 111|0x0000000091300000, 0x0000000091300000, 0x0000000091400000|  0%| F|  |TAMS 0x0000000091300000, 0x0000000091300000| Untracked 
| 112|0x0000000091400000, 0x0000000091400000, 0x0000000091500000|  0%| F|  |TAMS 0x0000000091400000, 0x0000000091400000| Untracked 
| 113|0x0000000091500000, 0x0000000091500000, 0x0000000091600000|  0%| F|  |TAMS 0x0000000091500000, 0x0000000091500000| Untracked 
| 114|0x0000000091600000, 0x0000000091600000, 0x0000000091700000|  0%| F|  |TAMS 0x0000000091600000, 0x0000000091600000| Untracked 
| 115|0x0000000091700000, 0x0000000091700000, 0x0000000091800000|  0%| F|  |TAMS 0x0000000091700000, 0x0000000091700000| Untracked 
| 116|0x0000000091800000, 0x0000000091800000, 0x0000000091900000|  0%| F|  |TAMS 0x0000000091800000, 0x0000000091800000| Untracked 
| 117|0x0000000091900000, 0x0000000091900000, 0x0000000091a00000|  0%| F|  |TAMS 0x0000000091900000, 0x0000000091900000| Untracked 
| 118|0x0000000091a00000, 0x0000000091a00000, 0x0000000091b00000|  0%| F|  |TAMS 0x0000000091a00000, 0x0000000091a00000| Untracked 
| 119|0x0000000091b00000, 0x0000000091b00000, 0x0000000091c00000|  0%| F|  |TAMS 0x0000000091b00000, 0x0000000091b00000| Untracked 
| 120|0x0000000091c00000, 0x0000000091c00000, 0x0000000091d00000|  0%| F|  |TAMS 0x0000000091c00000, 0x0000000091c00000| Untracked 
| 121|0x0000000091d00000, 0x0000000091d00000, 0x0000000091e00000|  0%| F|  |TAMS 0x0000000091d00000, 0x0000000091d00000| Untracked 
| 122|0x0000000091e00000, 0x0000000091e00000, 0x0000000091f00000|  0%| F|  |TAMS 0x0000000091e00000, 0x0000000091e00000| Untracked 
| 123|0x0000000091f00000, 0x0000000091f00000, 0x0000000092000000|  0%| F|  |TAMS 0x0000000091f00000, 0x0000000091f00000| Untracked 
| 124|0x0000000092000000, 0x0000000092000000, 0x0000000092100000|  0%| F|  |TAMS 0x0000000092000000, 0x0000000092000000| Untracked 
| 125|0x0000000092100000, 0x0000000092100000, 0x0000000092200000|  0%| F|  |TAMS 0x0000000092100000, 0x0000000092100000| Untracked 
| 126|0x0000000092200000, 0x0000000092200000, 0x0000000092300000|  0%| F|  |TAMS 0x0000000092200000, 0x0000000092200000| Untracked 
| 127|0x0000000092300000, 0x0000000092300000, 0x0000000092400000|  0%| F|  |TAMS 0x0000000092300000, 0x0000000092300000| Untracked 
| 128|0x0000000092400000, 0x0000000092400000, 0x0000000092500000|  0%| F|  |TAMS 0x0000000092400000, 0x0000000092400000| Untracked 
| 129|0x0000000092500000, 0x0000000092500000, 0x0000000092600000|  0%| F|  |TAMS 0x0000000092500000, 0x0000000092500000| Untracked 
| 130|0x0000000092600000, 0x0000000092600000, 0x0000000092700000|  0%| F|  |TAMS 0x0000000092600000, 0x0000000092600000| Untracked 
| 131|0x0000000092700000, 0x0000000092700000, 0x0000000092800000|  0%| F|  |TAMS 0x0000000092700000, 0x0000000092700000| Untracked 
| 132|0x0000000092800000, 0x0000000092800000, 0x0000000092900000|  0%| F|  |TAMS 0x0000000092800000, 0x0000000092800000| Untracked 
| 133|0x0000000092900000, 0x0000000092900000, 0x0000000092a00000|  0%| F|  |TAMS 0x0000000092900000, 0x0000000092900000| Untracked 
| 134|0x0000000092a00000, 0x0000000092a00000, 0x0000000092b00000|  0%| F|  |TAMS 0x0000000092a00000, 0x0000000092a00000| Untracked 
| 135|0x0000000092b00000, 0x0000000092b00000, 0x0000000092c00000|  0%| F|  |TAMS 0x0000000092b00000, 0x0000000092b00000| Untracked 
| 136|0x0000000092c00000, 0x0000000092c00000, 0x0000000092d00000|  0%| F|  |TAMS 0x0000000092c00000, 0x0000000092c00000| Untracked 
| 137|0x0000000092d00000, 0x0000000092d00000, 0x0000000092e00000|  0%| F|  |TAMS 0x0000000092d00000, 0x0000000092d00000| Untracked 
| 138|0x0000000092e00000, 0x0000000092e00000, 0x0000000092f00000|  0%| F|  |TAMS 0x0000000092e00000, 0x0000000092e00000| Untracked 
| 139|0x0000000092f00000, 0x0000000092f00000, 0x0000000093000000|  0%| F|  |TAMS 0x0000000092f00000, 0x0000000092f00000| Untracked 
| 140|0x0000000093000000, 0x0000000093000000, 0x0000000093100000|  0%| F|  |TAMS 0x0000000093000000, 0x0000000093000000| Untracked 
| 141|0x0000000093100000, 0x0000000093100000, 0x0000000093200000|  0%| F|  |TAMS 0x0000000093100000, 0x0000000093100000| Untracked 
| 142|0x0000000093200000, 0x0000000093200000, 0x0000000093300000|  0%| F|  |TAMS 0x0000000093200000, 0x0000000093200000| Untracked 
| 143|0x0000000093300000, 0x0000000093300000, 0x0000000093400000|  0%| F|  |TAMS 0x0000000093300000, 0x0000000093300000| Untracked 
| 144|0x0000000093400000, 0x0000000093400000, 0x0000000093500000|  0%| F|  |TAMS 0x0000000093400000, 0x0000000093400000| Untracked 
| 145|0x0000000093500000, 0x0000000093500000, 0x0000000093600000|  0%| F|  |TAMS 0x0000000093500000, 0x0000000093500000| Untracked 
| 146|0x0000000093600000, 0x0000000093600000, 0x0000000093700000|  0%| F|  |TAMS 0x0000000093600000, 0x0000000093600000| Untracked 
| 147|0x0000000093700000, 0x0000000093700000, 0x0000000093800000|  0%| F|  |TAMS 0x0000000093700000, 0x0000000093700000| Untracked 
| 148|0x0000000093800000, 0x0000000093800000, 0x0000000093900000|  0%| F|  |TAMS 0x0000000093800000, 0x0000000093800000| Untracked 
| 149|0x0000000093900000, 0x0000000093900000, 0x0000000093a00000|  0%| F|  |TAMS 0x0000000093900000, 0x0000000093900000| Untracked 
| 150|0x0000000093a00000, 0x0000000093a00000, 0x0000000093b00000|  0%| F|  |TAMS 0x0000000093a00000, 0x0000000093a00000| Untracked 
| 151|0x0000000093b00000, 0x0000000093b00000, 0x0000000093c00000|  0%| F|  |TAMS 0x0000000093b00000, 0x0000000093b00000| Untracked 
| 152|0x0000000093c00000, 0x0000000093c00000, 0x0000000093d00000|  0%| F|  |TAMS 0x0000000093c00000, 0x0000000093c00000| Untracked 
| 153|0x0000000093d00000, 0x0000000093d00000, 0x0000000093e00000|  0%| F|  |TAMS 0x0000000093d00000, 0x0000000093d00000| Untracked 
| 154|0x0000000093e00000, 0x0000000093e00000, 0x0000000093f00000|  0%| F|  |TAMS 0x0000000093e00000, 0x0000000093e00000| Untracked 
| 155|0x0000000093f00000, 0x0000000093f00000, 0x0000000094000000|  0%| F|  |TAMS 0x0000000093f00000, 0x0000000093f00000| Untracked 
| 156|0x0000000094000000, 0x0000000094000000, 0x0000000094100000|  0%| F|  |TAMS 0x0000000094000000, 0x0000000094000000| Untracked 
| 157|0x0000000094100000, 0x0000000094100000, 0x0000000094200000|  0%| F|  |TAMS 0x0000000094100000, 0x0000000094100000| Untracked 
| 158|0x0000000094200000, 0x0000000094200000, 0x0000000094300000|  0%| F|  |TAMS 0x0000000094200000, 0x0000000094200000| Untracked 
| 159|0x0000000094300000, 0x0000000094300000, 0x0000000094400000|  0%| F|  |TAMS 0x0000000094300000, 0x0000000094300000| Untracked 
| 160|0x0000000094400000, 0x0000000094400000, 0x0000000094500000|  0%| F|  |TAMS 0x0000000094400000, 0x0000000094400000| Untracked 
| 161|0x0000000094500000, 0x0000000094500000, 0x0000000094600000|  0%| F|  |TAMS 0x0000000094500000, 0x0000000094500000| Untracked 
| 162|0x0000000094600000, 0x0000000094600000, 0x0000000094700000|  0%| F|  |TAMS 0x0000000094600000, 0x0000000094600000| Untracked 
| 163|0x0000000094700000, 0x0000000094700000, 0x0000000094800000|  0%| F|  |TAMS 0x0000000094700000, 0x0000000094700000| Untracked 
| 164|0x0000000094800000, 0x0000000094800000, 0x0000000094900000|  0%| F|  |TAMS 0x0000000094800000, 0x0000000094800000| Untracked 
| 165|0x0000000094900000, 0x0000000094900000, 0x0000000094a00000|  0%| F|  |TAMS 0x0000000094900000, 0x0000000094900000| Untracked 
| 166|0x0000000094a00000, 0x0000000094a00000, 0x0000000094b00000|  0%| F|  |TAMS 0x0000000094a00000, 0x0000000094a00000| Untracked 
| 167|0x0000000094b00000, 0x0000000094b00000, 0x0000000094c00000|  0%| F|  |TAMS 0x0000000094b00000, 0x0000000094b00000| Untracked 
| 168|0x0000000094c00000, 0x0000000094c00000, 0x0000000094d00000|  0%| F|  |TAMS 0x0000000094c00000, 0x0000000094c00000| Untracked 
| 169|0x0000000094d00000, 0x0000000094d00000, 0x0000000094e00000|  0%| F|  |TAMS 0x0000000094d00000, 0x0000000094d00000| Untracked 
| 170|0x0000000094e00000, 0x0000000094e00000, 0x0000000094f00000|  0%| F|  |TAMS 0x0000000094e00000, 0x0000000094e00000| Untracked 
| 171|0x0000000094f00000, 0x0000000094f00000, 0x0000000095000000|  0%| F|  |TAMS 0x0000000094f00000, 0x0000000094f00000| Untracked 
| 172|0x0000000095000000, 0x0000000095000000, 0x0000000095100000|  0%| F|  |TAMS 0x0000000095000000, 0x0000000095000000| Untracked 
| 173|0x0000000095100000, 0x0000000095100000, 0x0000000095200000|  0%| F|  |TAMS 0x0000000095100000, 0x0000000095100000| Untracked 
| 174|0x0000000095200000, 0x0000000095200000, 0x0000000095300000|  0%| F|  |TAMS 0x0000000095200000, 0x0000000095200000| Untracked 
| 175|0x0000000095300000, 0x0000000095300000, 0x0000000095400000|  0%| F|  |TAMS 0x0000000095300000, 0x0000000095300000| Untracked 
| 176|0x0000000095400000, 0x0000000095400000, 0x0000000095500000|  0%| F|  |TAMS 0x0000000095400000, 0x0000000095400000| Untracked 
| 177|0x0000000095500000, 0x0000000095500000, 0x0000000095600000|  0%| F|  |TAMS 0x0000000095500000, 0x0000000095500000| Untracked 
| 178|0x0000000095600000, 0x0000000095600000, 0x0000000095700000|  0%| F|  |TAMS 0x0000000095600000, 0x0000000095600000| Untracked 
| 179|0x0000000095700000, 0x0000000095700000, 0x0000000095800000|  0%| F|  |TAMS 0x0000000095700000, 0x0000000095700000| Untracked 
| 180|0x0000000095800000, 0x0000000095800000, 0x0000000095900000|  0%| F|  |TAMS 0x0000000095800000, 0x0000000095800000| Untracked 
| 181|0x0000000095900000, 0x0000000095900000, 0x0000000095a00000|  0%| F|  |TAMS 0x0000000095900000, 0x0000000095900000| Untracked 
| 182|0x0000000095a00000, 0x0000000095a00000, 0x0000000095b00000|  0%| F|  |TAMS 0x0000000095a00000, 0x0000000095a00000| Untracked 
| 183|0x0000000095b00000, 0x0000000095b00000, 0x0000000095c00000|  0%| F|  |TAMS 0x0000000095b00000, 0x0000000095b00000| Untracked 
| 184|0x0000000095c00000, 0x0000000095c00000, 0x0000000095d00000|  0%| F|  |TAMS 0x0000000095c00000, 0x0000000095c00000| Untracked 
| 185|0x0000000095d00000, 0x0000000095d00000, 0x0000000095e00000|  0%| F|  |TAMS 0x0000000095d00000, 0x0000000095d00000| Untracked 
| 186|0x0000000095e00000, 0x0000000095e00000, 0x0000000095f00000|  0%| F|  |TAMS 0x0000000095e00000, 0x0000000095e00000| Untracked 
| 187|0x0000000095f00000, 0x0000000095f00000, 0x0000000096000000|  0%| F|  |TAMS 0x0000000095f00000, 0x0000000095f00000| Untracked 
| 188|0x0000000096000000, 0x0000000096000000, 0x0000000096100000|  0%| F|  |TAMS 0x0000000096000000, 0x0000000096000000| Untracked 
| 189|0x0000000096100000, 0x0000000096100000, 0x0000000096200000|  0%| F|  |TAMS 0x0000000096100000, 0x0000000096100000| Untracked 
| 190|0x0000000096200000, 0x0000000096200000, 0x0000000096300000|  0%| F|  |TAMS 0x0000000096200000, 0x0000000096200000| Untracked 
| 191|0x0000000096300000, 0x0000000096300000, 0x0000000096400000|  0%| F|  |TAMS 0x0000000096300000, 0x0000000096300000| Untracked 
| 192|0x0000000096400000, 0x0000000096400000, 0x0000000096500000|  0%| F|  |TAMS 0x0000000096400000, 0x0000000096400000| Untracked 
| 193|0x0000000096500000, 0x0000000096500000, 0x0000000096600000|  0%| F|  |TAMS 0x0000000096500000, 0x0000000096500000| Untracked 
| 194|0x0000000096600000, 0x0000000096600000, 0x0000000096700000|  0%| F|  |TAMS 0x0000000096600000, 0x0000000096600000| Untracked 
| 195|0x0000000096700000, 0x0000000096700000, 0x0000000096800000|  0%| F|  |TAMS 0x0000000096700000, 0x0000000096700000| Untracked 
| 196|0x0000000096800000, 0x0000000096800000, 0x0000000096900000|  0%| F|  |TAMS 0x0000000096800000, 0x0000000096800000| Untracked 
| 197|0x0000000096900000, 0x0000000096900000, 0x0000000096a00000|  0%| F|  |TAMS 0x0000000096900000, 0x0000000096900000| Untracked 
| 198|0x0000000096a00000, 0x0000000096a00000, 0x0000000096b00000|  0%| F|  |TAMS 0x0000000096a00000, 0x0000000096a00000| Untracked 
| 199|0x0000000096b00000, 0x0000000096b00000, 0x0000000096c00000|  0%| F|  |TAMS 0x0000000096b00000, 0x0000000096b00000| Untracked 
| 200|0x0000000096c00000, 0x0000000096c00000, 0x0000000096d00000|  0%| F|  |TAMS 0x0000000096c00000, 0x0000000096c00000| Untracked 
| 201|0x0000000096d00000, 0x0000000096d00000, 0x0000000096e00000|  0%| F|  |TAMS 0x0000000096d00000, 0x0000000096d00000| Untracked 
| 202|0x0000000096e00000, 0x0000000096e00000, 0x0000000096f00000|  0%| F|  |TAMS 0x0000000096e00000, 0x0000000096e00000| Untracked 
| 203|0x0000000096f00000, 0x0000000096f00000, 0x0000000097000000|  0%| F|  |TAMS 0x0000000096f00000, 0x0000000096f00000| Untracked 
| 204|0x0000000097000000, 0x0000000097000000, 0x0000000097100000|  0%| F|  |TAMS 0x0000000097000000, 0x0000000097000000| Untracked 
| 205|0x0000000097100000, 0x0000000097100000, 0x0000000097200000|  0%| F|  |TAMS 0x0000000097100000, 0x0000000097100000| Untracked 
| 206|0x0000000097200000, 0x0000000097200000, 0x0000000097300000|  0%| F|  |TAMS 0x0000000097200000, 0x0000000097200000| Untracked 
| 207|0x0000000097300000, 0x0000000097300000, 0x0000000097400000|  0%| F|  |TAMS 0x0000000097300000, 0x0000000097300000| Untracked 
| 208|0x0000000097400000, 0x0000000097400000, 0x0000000097500000|  0%| F|  |TAMS 0x0000000097400000, 0x0000000097400000| Untracked 
| 209|0x0000000097500000, 0x0000000097500000, 0x0000000097600000|  0%| F|  |TAMS 0x0000000097500000, 0x0000000097500000| Untracked 
| 210|0x0000000097600000, 0x0000000097600000, 0x0000000097700000|  0%| F|  |TAMS 0x0000000097600000, 0x0000000097600000| Untracked 
| 211|0x0000000097700000, 0x0000000097700000, 0x0000000097800000|  0%| F|  |TAMS 0x0000000097700000, 0x0000000097700000| Untracked 
| 212|0x0000000097800000, 0x0000000097800000, 0x0000000097900000|  0%| F|  |TAMS 0x0000000097800000, 0x0000000097800000| Untracked 
| 213|0x0000000097900000, 0x0000000097900000, 0x0000000097a00000|  0%| F|  |TAMS 0x0000000097900000, 0x0000000097900000| Untracked 
| 214|0x0000000097a00000, 0x0000000097a00000, 0x0000000097b00000|  0%| F|  |TAMS 0x0000000097a00000, 0x0000000097a00000| Untracked 
| 215|0x0000000097b00000, 0x0000000097b00000, 0x0000000097c00000|  0%| F|  |TAMS 0x0000000097b00000, 0x0000000097b00000| Untracked 
| 216|0x0000000097c00000, 0x0000000097c00000, 0x0000000097d00000|  0%| F|  |TAMS 0x0000000097c00000, 0x0000000097c00000| Untracked 
| 217|0x0000000097d00000, 0x0000000097d00000, 0x0000000097e00000|  0%| F|  |TAMS 0x0000000097d00000, 0x0000000097d00000| Untracked 
| 218|0x0000000097e00000, 0x0000000097e00000, 0x0000000097f00000|  0%| F|  |TAMS 0x0000000097e00000, 0x0000000097e00000| Untracked 
| 219|0x0000000097f00000, 0x0000000097f00000, 0x0000000098000000|  0%| F|  |TAMS 0x0000000097f00000, 0x0000000097f00000| Untracked 
| 220|0x0000000098000000, 0x0000000098083c10, 0x0000000098100000| 51%| E|  |TAMS 0x0000000098000000, 0x0000000098000000| Complete 
| 221|0x0000000098100000, 0x0000000098200000, 0x0000000098200000|100%| E|CS|TAMS 0x0000000098100000, 0x0000000098100000| Complete 
| 222|0x0000000098200000, 0x0000000098300000, 0x0000000098300000|100%| E|CS|TAMS 0x0000000098200000, 0x0000000098200000| Complete 
| 223|0x0000000098300000, 0x0000000098400000, 0x0000000098400000|100%| E|CS|TAMS 0x0000000098300000, 0x0000000098300000| Complete 
| 224|0x0000000098400000, 0x0000000098500000, 0x0000000098500000|100%| E|CS|TAMS 0x0000000098400000, 0x0000000098400000| Complete 
| 225|0x0000000098500000, 0x0000000098600000, 0x0000000098600000|100%| E|CS|TAMS 0x0000000098500000, 0x0000000098500000| Complete 

Card table byte_map: [0x0000025426a30000,0x0000025426de0000] _byte_map_base: 0x00000254265de000

Marking Bits (Prev, Next): (CMBitMap*) 0x00000254136698f0, (CMBitMap*) 0x00000254136698b8
 Prev Bits: [0x0000025428f00000, 0x000002542ac70000)
 Next Bits: [0x0000025427190000, 0x0000025428f00000)

Polling page: 0x0000025411600000

Metaspace:

Usage:
  Non-class:     64.56 MB capacity,    64.14 MB (>99%) used,   312.49 KB ( <1%) free+waste,   115.56 KB ( <1%) overhead. 
      Class:      8.35 MB capacity,     8.06 MB ( 97%) used,   250.66 KB (  3%) free+waste,    48.50 KB ( <1%) overhead. 
       Both:     72.91 MB capacity,    72.20 MB (>99%) used,   563.15 KB ( <1%) free+waste,   164.06 KB ( <1%) overhead. 

Virtual space:
  Non-class space:       66.00 MB reserved,      64.75 MB ( 98%) committed 
      Class space:        1.00 GB reserved,       8.38 MB ( <1%) committed 
             Both:        1.06 GB reserved,      73.13 MB (  7%) committed 

Chunk freelists:
   Non-Class:  0 bytes
       Class:  27.00 KB
        Both:  27.00 KB

MaxMetaspaceSize: 17179869184.00 GB
CompressedClassSpaceSize: 1.00 GB

CodeHeap 'non-profiled nmethods': size=120000Kb used=5064Kb max_used=5064Kb free=114935Kb
 bounds [0x000002541ebf0000, 0x000002541f0f0000, 0x0000025426120000]
CodeHeap 'profiled nmethods': size=120000Kb used=28782Kb max_used=28782Kb free=91217Kb
 bounds [0x00000254176c0000, 0x00000254192e0000, 0x000002541ebf0000]
CodeHeap 'non-nmethods': size=5760Kb used=1266Kb max_used=1316Kb free=4493Kb
 bounds [0x0000025417120000, 0x0000025417390000, 0x00000254176c0000]
 total_blobs=10847 nmethods=10211 adapters=544
 compilation: enabled
              stopped_count=0, restarted_count=0
 full_count=0

Compilation events (20 events):
Event: 6.538 Thread 0x000002542d8f6800 nmethod 10215 0x00000254192c0f10 code [0x00000254192c1100, 0x00000254192c14e8]
Event: 6.538 Thread 0x000002542d8f6800 10216       3       org.jetbrains.kotlin.ir.declarations.lazy.IrLazyFunction::createValueParameters (5 bytes)
Event: 6.539 Thread 0x000002542d8f6800 nmethod 10216 0x00000254192c1690 code [0x00000254192c19a0, 0x00000254192c2938]
Event: 6.539 Thread 0x000002542d8f6800 10217       3       org.jetbrains.kotlin.ir.declarations.lazy.IrLazyFunction$typeParameters$2::<init> (11 bytes)
Event: 6.539 Thread 0x000002542d8f6800 nmethod 10217 0x00000254192c2f10 code [0x00000254192c30c0, 0x00000254192c32d8]
Event: 6.539 Thread 0x000002542d8f6800 10208       1       org.jetbrains.kotlin.serialization.deserialization.DeserializationContext::getVersionRequirementTable (5 bytes)
Event: 6.539 Thread 0x000002542d8f6800 nmethod 10208 0x000002541f0e1a10 code [0x000002541f0e1bc0, 0x000002541f0e1c78]
Event: 6.541 Thread 0x000002542d8f6800 10221       3       org.jetbrains.kotlin.backend.common.IrElementTransformerVoidWithContext::visitFunction (38 bytes)
Event: 6.543 Thread 0x000002542d8f6800 nmethod 10221 0x00000254192c3410 code [0x00000254192c3ac0, 0x00000254192c6ee8]
Event: 6.543 Thread 0x000002542d8f6800 10223       3       org.jetbrains.kotlin.backend.common.BodyLoweringVisitor::visitSimpleFunction (13 bytes)
Event: 6.543 Thread 0x000002542d8f6800 nmethod 10223 0x00000254192c8090 code [0x00000254192c8300, 0x00000254192c8ce8]
Event: 6.543 Thread 0x000002542d8f6800 10225       3       org.jetbrains.kotlin.ir.symbols.impl.IrValueParameterSymbolImpl::getOwner (8 bytes)
Event: 6.543 Thread 0x000002542d8f6800 nmethod 10225 0x00000254192c9090 code [0x00000254192c9260, 0x00000254192c94e8]
Event: 6.543 Thread 0x000002542d8f6800 10222       3       org.jetbrains.kotlin.backend.common.IrElementTransformerVoidWithContext::visitFunctionNew (12 bytes)
Event: 6.544 Thread 0x000002542d8f6800 nmethod 10222 0x00000254192c9590 code [0x00000254192c98c0, 0x00000254192ca948]
Event: 6.544 Thread 0x000002542d8f6800 10224       3       org.jetbrains.kotlin.ir.declarations.impl.IrVariableImpl::acceptChildren (26 bytes)
Event: 6.544 Thread 0x000002542d8f6800 nmethod 10224 0x00000254192caf10 code [0x00000254192cb140, 0x00000254192cb828]
Event: 6.544 Thread 0x000002542d8f6800 10226       1       org.jetbrains.kotlin.backend.common.phaser.PhaserState::getPhaseCount (5 bytes)
Event: 6.544 Thread 0x000002542d8f6800 nmethod 10226 0x000002541f0e1d10 code [0x000002541f0e1ec0, 0x000002541f0e1f78]
Event: 6.554 Thread 0x000002542d8f6800 10227       3       org.jetbrains.kotlin.ir.visitors.IrElementVisitor$DefaultImpls::visitBlockBody (24 bytes)

GC Heap History (18 events):
Event: 0.393 GC heap before
{Heap before GC invocations=0 (full 0):
 garbage-first heap   total 120832K, used 27648K [0x000000008a400000, 0x0000000100000000)
  region size 1024K, 24 young (24576K), 0 survivors (0K)
 Metaspace       used 12313K, capacity 12405K, committed 12544K, reserved 1060864K
  class space    used 1157K, capacity 1174K, committed 1280K, reserved 1048576K
}
Event: 0.398 GC heap after
{Heap after GC invocations=1 (full 0):
 garbage-first heap   total 120832K, used 5644K [0x000000008a400000, 0x0000000100000000)
  region size 1024K, 3 young (3072K), 3 survivors (3072K)
 Metaspace       used 12313K, capacity 12405K, committed 12544K, reserved 1060864K
  class space    used 1157K, capacity 1174K, committed 1280K, reserved 1048576K
}
Event: 0.830 GC heap before
{Heap before GC invocations=1 (full 0):
 garbage-first heap   total 120832K, used 41484K [0x000000008a400000, 0x0000000100000000)
  region size 1024K, 39 young (39936K), 3 survivors (3072K)
 Metaspace       used 20882K, capacity 21102K, committed 21248K, reserved 1069056K
  class space    used 2219K, capacity 2286K, committed 2304K, reserved 1048576K
}
Event: 0.842 GC heap after
{Heap after GC invocations=2 (full 0):
 garbage-first heap   total 120832K, used 9546K [0x000000008a400000, 0x0000000100000000)
  region size 1024K, 7 young (7168K), 7 survivors (7168K)
 Metaspace       used 20882K, capacity 21102K, committed 21248K, reserved 1069056K
  class space    used 2219K, capacity 2286K, committed 2304K, reserved 1048576K
}
Event: 1.490 GC heap before
{Heap before GC invocations=3 (full 0):
 garbage-first heap   total 120832K, used 72010K [0x000000008a400000, 0x0000000100000000)
  region size 1024K, 56 young (57344K), 7 survivors (7168K)
 Metaspace       used 30916K, capacity 31403K, committed 31616K, reserved 1077248K
  class space    used 3679K, capacity 3857K, committed 3968K, reserved 1048576K
}
Event: 1.512 GC heap after
{Heap after GC invocations=4 (full 0):
 garbage-first heap   total 120832K, used 24010K [0x000000008a400000, 0x0000000100000000)
  region size 1024K, 7 young (7168K), 7 survivors (7168K)
 Metaspace       used 30916K, capacity 31403K, committed 31616K, reserved 1077248K
  class space    used 3679K, capacity 3857K, committed 3968K, reserved 1048576K
}
Event: 1.727 GC heap before
{Heap before GC invocations=4 (full 0):
 garbage-first heap   total 120832K, used 44490K [0x000000008a400000, 0x0000000100000000)
  region size 1024K, 28 young (28672K), 7 survivors (7168K)
 Metaspace       used 35143K, capacity 35536K, committed 35584K, reserved 1081344K
  class space    used 4146K, capacity 4316K, committed 4352K, reserved 1048576K
}
Event: 1.740 GC heap after
{Heap after GC invocations=5 (full 0):
 garbage-first heap   total 120832K, used 24314K [0x000000008a400000, 0x0000000100000000)
  region size 1024K, 3 young (3072K), 3 survivors (3072K)
 Metaspace       used 35143K, capacity 35536K, committed 35584K, reserved 1081344K
  class space    used 4146K, capacity 4316K, committed 4352K, reserved 1048576K
}
Event: 2.593 GC heap before
{Heap before GC invocations=6 (full 0):
 garbage-first heap   total 120832K, used 89850K [0x000000008a400000, 0x0000000100000000)
  region size 1024K, 64 young (65536K), 3 survivors (3072K)
 Metaspace       used 47843K, capacity 48364K, committed 48640K, reserved 1091584K
  class space    used 5642K, capacity 5852K, committed 5888K, reserved 1048576K
}
Event: 2.611 GC heap after
{Heap after GC invocations=7 (full 0):
 garbage-first heap   total 166912K, used 32768K [0x000000008a400000, 0x0000000100000000)
  region size 1024K, 8 young (8192K), 8 survivors (8192K)
 Metaspace       used 47843K, capacity 48364K, committed 48640K, reserved 1091584K
  class space    used 5642K, capacity 5852K, committed 5888K, reserved 1048576K
}
Event: 3.727 GC heap before
{Heap before GC invocations=7 (full 0):
 garbage-first heap   total 166912K, used 118784K [0x000000008a400000, 0x0000000100000000)
  region size 1024K, 92 young (94208K), 8 survivors (8192K)
 Metaspace       used 54404K, capacity 54976K, committed 55168K, reserved 1097728K
  class space    used 6268K, capacity 6494K, committed 6528K, reserved 1048576K
}
Event: 3.749 GC heap after
{Heap after GC invocations=8 (full 0):
 garbage-first heap   total 166912K, used 43096K [0x000000008a400000, 0x0000000100000000)
  region size 1024K, 12 young (12288K), 12 survivors (12288K)
 Metaspace       used 54404K, capacity 54976K, committed 55168K, reserved 1097728K
  class space    used 6268K, capacity 6494K, committed 6528K, reserved 1048576K
}
Event: 4.450 GC heap before
{Heap before GC invocations=8 (full 0):
 garbage-first heap   total 166912K, used 82008K [0x000000008a400000, 0x0000000100000000)
  region size 1024K, 51 young (52224K), 12 survivors (12288K)
 Metaspace       used 58864K, capacity 59567K, committed 59648K, reserved 1101824K
  class space    used 6833K, capacity 7125K, committed 7168K, reserved 1048576K
}
Event: 4.487 GC heap after
{Heap after GC invocations=9 (full 0):
 garbage-first heap   total 166912K, used 50823K [0x000000008a400000, 0x0000000100000000)
  region size 1024K, 7 young (7168K), 7 survivors (7168K)
 Metaspace       used 58864K, capacity 59567K, committed 59648K, reserved 1101824K
  class space    used 6833K, capacity 7125K, committed 7168K, reserved 1048576K
}
Event: 5.756 GC heap before
{Heap before GC invocations=10 (full 0):
 garbage-first heap   total 166912K, used 109191K [0x000000008a400000, 0x0000000100000000)
  region size 1024K, 64 young (65536K), 7 survivors (7168K)
 Metaspace       used 67502K, capacity 68256K, committed 68480K, reserved 1110016K
  class space    used 7672K, capacity 7972K, committed 8064K, reserved 1048576K
}
Event: 5.771 GC heap after
{Heap after GC invocations=11 (full 0):
 garbage-first heap   total 166912K, used 56279K [0x000000008a400000, 0x0000000100000000)
  region size 1024K, 7 young (7168K), 7 survivors (7168K)
 Metaspace       used 67502K, capacity 68256K, committed 68480K, reserved 1110016K
  class space    used 7672K, capacity 7972K, committed 8064K, reserved 1048576K
}
Event: 6.487 GC heap before
{Heap before GC invocations=11 (full 0):
 garbage-first heap   total 166912K, used 114647K [0x000000008a400000, 0x0000000100000000)
  region size 1024K, 64 young (65536K), 7 survivors (7168K)
 Metaspace       used 72714K, capacity 73506K, committed 73728K, reserved 1114112K
  class space    used 8110K, capacity 8420K, committed 8448K, reserved 1048576K
}
Event: 6.504 GC heap after
{Heap after GC invocations=12 (full 0):
 garbage-first heap   total 231424K, used 62273K [0x000000008a400000, 0x0000000100000000)
  region size 1024K, 6 young (6144K), 6 survivors (6144K)
 Metaspace       used 72714K, capacity 73506K, committed 73728K, reserved 1114112K
  class space    used 8110K, capacity 8420K, committed 8448K, reserved 1048576K
}

Deoptimization events (20 events):
Event: 6.465 Thread 0x000002541362c000 Uncommon trap: trap_request=0xffffffde fr.pc=0x000002541ef9697c relative=0x0000000000000f1c
Event: 6.465 Thread 0x000002541362c000 Uncommon trap: reason=class_check action=maybe_recompile pc=0x000002541ef9697c method=org.jetbrains.kotlin.serialization.deserialization.descriptors.DeserializedMemberScope$OptimizedImplementation.getContributedVariables(Lorg/jetbrains/kotlin/name/Name;Lo
Event: 6.465 Thread 0x000002541362c000 DEOPT PACKING pc=0x000002541ef9697c sp=0x000000f4e8ffd880
Event: 6.465 Thread 0x000002541362c000 DEOPT UNPACKING pc=0x00000254171478af sp=0x000000f4e8ffd850 mode 2
Event: 6.465 Thread 0x000002541362c000 Uncommon trap: trap_request=0xffffffde fr.pc=0x000002541ef9697c relative=0x0000000000000f1c
Event: 6.465 Thread 0x000002541362c000 Uncommon trap: reason=class_check action=maybe_recompile pc=0x000002541ef9697c method=org.jetbrains.kotlin.serialization.deserialization.descriptors.DeserializedMemberScope$OptimizedImplementation.getContributedVariables(Lorg/jetbrains/kotlin/name/Name;Lo
Event: 6.465 Thread 0x000002541362c000 DEOPT PACKING pc=0x000002541ef9697c sp=0x000000f4e8ffd880
Event: 6.465 Thread 0x000002541362c000 DEOPT UNPACKING pc=0x00000254171478af sp=0x000000f4e8ffd850 mode 2
Event: 6.465 Thread 0x000002541362c000 Uncommon trap: trap_request=0xffffffde fr.pc=0x000002541ef9697c relative=0x0000000000000f1c
Event: 6.465 Thread 0x000002541362c000 Uncommon trap: reason=class_check action=maybe_recompile pc=0x000002541ef9697c method=org.jetbrains.kotlin.serialization.deserialization.descriptors.DeserializedMemberScope$OptimizedImplementation.getContributedVariables(Lorg/jetbrains/kotlin/name/Name;Lo
Event: 6.465 Thread 0x000002541362c000 DEOPT PACKING pc=0x000002541ef9697c sp=0x000000f4e8ffd880
Event: 6.465 Thread 0x000002541362c000 DEOPT UNPACKING pc=0x00000254171478af sp=0x000000f4e8ffd850 mode 2
Event: 6.466 Thread 0x000002541362c000 Uncommon trap: trap_request=0xffffffc6 fr.pc=0x000002541f040bac relative=0x000000000000056c
Event: 6.466 Thread 0x000002541362c000 Uncommon trap: reason=bimorphic_or_optimized_type_check action=maybe_recompile pc=0x000002541f040bac method=org.jetbrains.kotlin.descriptors.impl.FunctionDescriptorImpl.isInfix()Z @ 44 c2
Event: 6.466 Thread 0x000002541362c000 DEOPT PACKING pc=0x000002541f040bac sp=0x000000f4e8ffd680
Event: 6.466 Thread 0x000002541362c000 DEOPT UNPACKING pc=0x00000254171478af sp=0x000000f4e8ffd610 mode 2
Event: 6.530 Thread 0x000002541362c000 Uncommon trap: trap_request=0xffffffc6 fr.pc=0x000002541f040bac relative=0x000000000000056c
Event: 6.530 Thread 0x000002541362c000 Uncommon trap: reason=bimorphic_or_optimized_type_check action=maybe_recompile pc=0x000002541f040bac method=org.jetbrains.kotlin.descriptors.impl.FunctionDescriptorImpl.isInfix()Z @ 44 c2
Event: 6.530 Thread 0x000002541362c000 DEOPT PACKING pc=0x000002541f040bac sp=0x000000f4e8ffd610
Event: 6.530 Thread 0x000002541362c000 DEOPT UNPACKING pc=0x00000254171478af sp=0x000000f4e8ffd5a0 mode 2

Classes redefined (0 events):
No events

Internal exceptions (20 events):
Event: 3.232 Thread 0x000002541362c000 Implicit null exception at 0x000002541edec033 to 0x000002541edec3f0
Event: 3.270 Thread 0x000002541362c000 Exception <a 'java/lang/NoSuchMethodError'{0x0000000090f65510}: 'int java.lang.invoke.DirectMethodHandle$Holder.invokeInterface(java.lang.Object, java.lang.Object)'> (0x0000000090f65510) thrown at [./src/hotspot/share/interpreter/linkResolver.cpp, line 773]
Event: 3.344 Thread 0x000002541362c000 Exception <a 'java/lang/NoSuchMethodError'{0x0000000090b62990}: 'java.lang.Object java.lang.invoke.DirectMethodHandle$Holder.invokeStaticInit(java.lang.Object, java.lang.Object, java.lang.Object)'> (0x0000000090b62990) thrown at [./src/hotspot/share/interpreter/linkResolver.cpp, line 773]
Event: 3.871 Thread 0x000002541362c000 Exception <a 'java/lang/NoSuchMethodError'{0x0000000093ab7198}: 'java.lang.Object java.lang.invoke.Invokers$Holder.linkToTargetMethod(java.lang.Object, java.lang.Object, java.lang.Object, int, int, java.lang.Object)'> (0x0000000093ab7198) thrown at [./src/hotspot/share/interpreter/linkResolver.cpp, line 773]
Event: 3.879 Thread 0x000002541362c000 Exception <a 'java/lang/NoSuchMethodError'{0x000000009390d8f8}: 'java.lang.Object java.lang.invoke.Invokers$Holder.linkToTargetMethod(java.lang.Object, java.lang.Object, java.lang.Object, java.lang.Object, java.lang.Object, java.lang.Object)'> (0x000000009390d8f8) thrown at [./src/hotspot/share/interpreter/linkResolver.cpp, line 773]
Event: 3.913 Thread 0x000002541362c000 Exception <a 'java/lang/NoSuchMethodError'{0x000000009377b1e8}: 'int java.lang.invoke.DirectMethodHandle$Holder.invokeVirtual(java.lang.Object, java.lang.Object, java.lang.Object)'> (0x000000009377b1e8) thrown at [./src/hotspot/share/interpreter/linkResolver.cpp, line 773]
Event: 3.951 Thread 0x000002541362c000 Exception <a 'java/lang/NoSuchMethodError'{0x0000000093562fd0}: 'int java.lang.invoke.DirectMethodHandle$Holder.invokeStaticInit(java.lang.Object, int)'> (0x0000000093562fd0) thrown at [./src/hotspot/share/interpreter/linkResolver.cpp, line 773]
Event: 3.986 Thread 0x000002541362c000 Exception <a 'java/lang/IncompatibleClassChangeError'{0x0000000093304a00}: Found class java.lang.Object, but interface was expected> (0x0000000093304a00) thrown at [./src/hotspot/share/interpreter/linkResolver.cpp, line 839]
Event: 3.991 Thread 0x000002541362c000 Implicit null exception at 0x000002541ed24fcc to 0x000002541ed250a8
Event: 4.090 Thread 0x000002541362c000 Implicit null exception at 0x000002541ec4e1de to 0x000002541ec4e94a
Event: 4.090 Thread 0x000002541362c000 Implicit null exception at 0x000002541ec320af to 0x000002541ec3211d
Event: 4.133 Thread 0x000002541362c000 Exception <a 'java/lang/NoSuchMethodError'{0x0000000092c7c898}: 'java.lang.Object java.lang.invoke.DirectMethodHandle$Holder.invokeStatic(java.lang.Object, int, java.lang.Object, java.lang.Object)'> (0x0000000092c7c898) thrown at [./src/hotspot/share/interpreter/linkResolver.cpp, line 773]
Event: 4.206 Thread 0x000002541362c000 Exception <a 'java/lang/NoSuchMethodError'{0x000000009296e1f8}: 'java.lang.Object java.lang.invoke.DirectMethodHandle$Holder.invokeInterface(java.lang.Object, java.lang.Object, java.lang.Object)'> (0x000000009296e1f8) thrown at [./src/hotspot/share/interpreter/linkResolver.cpp, line 773]
Event: 4.206 Thread 0x000002541362c000 Exception <a 'java/lang/IncompatibleClassChangeError'{0x0000000092971428}: Found class java.lang.Object, but interface was expected> (0x0000000092971428) thrown at [./src/hotspot/share/interpreter/linkResolver.cpp, line 839]
Event: 4.814 Thread 0x000002541362c000 Exception <a 'java/lang/NoSuchMethodError'{0x000000009390f9e0}: 'java.lang.Object java.lang.invoke.Invokers$Holder.linkToTargetMethod(java.lang.Object, java.lang.Object, java.lang.Object, java.lang.Object, java.lang.Object, java.lang.Object, java.lang.Object)'> (0x000000009390f9e0) thrown at [./src/hotspot/share/interpreter/linkResolver.cpp, line 773]
Event: 4.909 Thread 0x000002541362c000 Implicit null exception at 0x000002541ec493f5 to 0x000002541ec495bc
Event: 5.184 Thread 0x000002541362c000 Implicit null exception at 0x000002541ee7bbbc to 0x000002541ee7c664
Event: 5.447 Thread 0x000002541362c000 Implicit null exception at 0x000002541ee82679 to 0x000002541ee82964
Event: 5.550 Thread 0x000002541362c000 Implicit null exception at 0x000002541ed8dd52 to 0x000002541ed8e08f
Event: 5.843 Thread 0x000002541362c000 Implicit null exception at 0x000002541ec55774 to 0x000002541ec5598c

Events (20 events):
Event: 6.548 loading class org/jetbrains/kotlin/backend/common/lower/LocalDeclarationsLowering$LocalDeclarationsTransformer$collectLocalDeclarations$1
Event: 6.548 loading class org/jetbrains/kotlin/backend/common/lower/LocalDeclarationsLowering$LocalDeclarationsTransformer$collectLocalDeclarations$1 done
Event: 6.550 loading class org/jetbrains/kotlin/backend/common/lower/LocalDeclarationsLowering$LocalDeclarationsTransformer$collectLocalDeclarations$Data
Event: 6.550 loading class org/jetbrains/kotlin/backend/common/lower/LocalDeclarationsLowering$LocalDeclarationsTransformer$collectLocalDeclarations$Data done
Event: 6.550 loading class org/jetbrains/kotlin/backend/common/lower/LocalDeclarationsLowering$ScopeWithCounter
Event: 6.550 loading class org/jetbrains/kotlin/backend/common/lower/LocalDeclarationsLowering$ScopeWithCounter done
Event: 6.550 loading class org/jetbrains/kotlin/backend/common/lower/LocalDeclarationsLowering$LocalFunctionContext
Event: 6.550 loading class org/jetbrains/kotlin/backend/common/lower/LocalDeclarationsLowering$LocalFunctionContext done
Event: 6.551 loading class org/jetbrains/kotlin/backend/common/lower/LocalDeclarationsLowering$LocalContextWithClosureAsParameters
Event: 6.551 loading class org/jetbrains/kotlin/backend/common/lower/LocalDeclarationsLowering$LocalContextWithClosureAsParameters done
Event: 6.551 loading class org/jetbrains/kotlin/backend/common/lower/LocalDeclarationsLowering$LocalContext
Event: 6.551 loading class org/jetbrains/kotlin/backend/common/lower/LocalDeclarationsLowering$LocalContext done
Event: 6.551 loading class org/jetbrains/kotlin/ir/util/IrTypeParameterRemapper
Event: 6.551 loading class org/jetbrains/kotlin/ir/util/IrTypeParameterRemapper done
Event: 6.551 loading class org/jetbrains/kotlin/backend/common/lower/ClosureAnnotator
Event: 6.551 loading class org/jetbrains/kotlin/backend/common/lower/ClosureAnnotator done
Event: 6.552 loading class org/jetbrains/kotlin/backend/common/lower/ClosureAnnotator$ClosureCollectorVisitor
Event: 6.552 loading class org/jetbrains/kotlin/backend/common/lower/ClosureAnnotator$ClosureCollectorVisitor done
Event: 6.554 loading class org/jetbrains/kotlin/backend/common/lower/ClosureAnnotator$ClosureBuilder
Event: 6.554 loading class org/jetbrains/kotlin/backend/common/lower/ClosureAnnotator$ClosureBuilder done


Dynamic libraries:
0x00007ff6caae0000 - 0x00007ff6caaea000 	C:\Program Files\Android\Android Studio\jre\bin\java.exe
0x00007ffcf46a0000 - 0x00007ffcf48a7000 	C:\WINDOWS\SYSTEM32\ntdll.dll
0x00007ffcf30b0000 - 0x00007ffcf316d000 	C:\WINDOWS\System32\KERNEL32.DLL
0x00007ffcf2150000 - 0x00007ffcf24c2000 	C:\WINDOWS\System32\KERNELBASE.dll
0x00007ffcf1d00000 - 0x00007ffcf1e11000 	C:\WINDOWS\System32\ucrtbase.dll
0x00007ffcebd30000 - 0x00007ffcebd49000 	C:\Program Files\Android\Android Studio\jre\bin\jli.dll
0x00007ffcebd10000 - 0x00007ffcebd27000 	C:\Program Files\Android\Android Studio\jre\bin\VCRUNTIME140.dll
0x00007ffcf3520000 - 0x00007ffcf36cc000 	C:\WINDOWS\System32\USER32.dll
0x00007ffcf2540000 - 0x00007ffcf2566000 	C:\WINDOWS\System32\win32u.dll
0x00007ffcf3280000 - 0x00007ffcf32a9000 	C:\WINDOWS\System32\GDI32.dll
0x00007ffcdd4a0000 - 0x00007ffcdd745000 	C:\WINDOWS\WinSxS\amd64_microsoft.windows.common-controls_6595b64144ccf1df_6.0.21996.1_none_7d6b053978bcd706\COMCTL32.dll
0x00007ffcf1e20000 - 0x00007ffcf1f32000 	C:\WINDOWS\System32\gdi32full.dll
0x00007ffcf1f40000 - 0x00007ffcf1fdd000 	C:\WINDOWS\System32\msvcp_win.dll
0x00007ffcf3be0000 - 0x00007ffcf3c83000 	C:\WINDOWS\System32\msvcrt.dll
0x00007ffcf32b0000 - 0x00007ffcf32e1000 	C:\WINDOWS\System32\IMM32.DLL
0x00007ffcdfce0000 - 0x00007ffcdfd7d000 	C:\Program Files\Android\Android Studio\jre\bin\msvcp140.dll
0x00007ffcbbc60000 - 0x00007ffcbc72f000 	C:\Program Files\Android\Android Studio\jre\bin\server\jvm.dll
0x00007ffcf4510000 - 0x00007ffcf45bc000 	C:\WINDOWS\System32\ADVAPI32.dll
0x00007ffcf45c0000 - 0x00007ffcf465d000 	C:\WINDOWS\System32\sechost.dll
0x00007ffcf32f0000 - 0x00007ffcf3411000 	C:\WINDOWS\System32\RPCRT4.dll
0x00007ffcf3420000 - 0x00007ffcf3428000 	C:\WINDOWS\System32\PSAPI.DLL
0x00007ffce7c70000 - 0x00007ffce7c7a000 	C:\WINDOWS\SYSTEM32\VERSION.dll
0x00007ffceae70000 - 0x00007ffceaea3000 	C:\WINDOWS\SYSTEM32\WINMM.dll
0x00007ffce11f0000 - 0x00007ffce11f9000 	C:\WINDOWS\SYSTEM32\WSOCK32.dll
0x00007ffcf3d20000 - 0x00007ffcf3d8f000 	C:\WINDOWS\System32\WS2_32.dll
0x00007ffcf0cf0000 - 0x00007ffcf0d07000 	C:\WINDOWS\SYSTEM32\kernel.appcore.dll
0x00007ffcd5650000 - 0x00007ffcd5661000 	C:\Program Files\Android\Android Studio\jre\bin\verify.dll
0x00007ffce8ac0000 - 0x00007ffce8ce1000 	C:\WINDOWS\SYSTEM32\DBGHELP.DLL
0x00007ffce0b60000 - 0x00007ffce0b91000 	C:\WINDOWS\SYSTEM32\dbgcore.DLL
0x00007ffcf1c80000 - 0x00007ffcf1d00000 	C:\WINDOWS\System32\bcryptPrimitives.dll
0x00007ffcd40b0000 - 0x00007ffcd40d9000 	C:\Program Files\Android\Android Studio\jre\bin\java.dll
0x00007ffce7c30000 - 0x00007ffce7c3b000 	C:\Program Files\Android\Android Studio\jre\bin\jimage.dll
0x00007ffcd4470000 - 0x00007ffcd4488000 	C:\Program Files\Android\Android Studio\jre\bin\zip.dll
0x00007ffcf3d90000 - 0x00007ffcf44f9000 	C:\WINDOWS\System32\SHELL32.dll
0x00007ffcefd80000 - 0x00007ffcf05d8000 	C:\WINDOWS\SYSTEM32\windows.storage.dll
0x00007ffcf37f0000 - 0x00007ffcf3b65000 	C:\WINDOWS\System32\combase.dll
0x00007ffcefc10000 - 0x00007ffcefd76000 	C:\WINDOWS\SYSTEM32\wintypes.dll
0x00007ffcf3170000 - 0x00007ffcf325a000 	C:\WINDOWS\System32\SHCORE.dll
0x00007ffcf28d0000 - 0x00007ffcf292d000 	C:\WINDOWS\System32\shlwapi.dll
0x00007ffcf1af0000 - 0x00007ffcf1b11000 	C:\WINDOWS\SYSTEM32\profapi.dll
0x00007ffcd2bd0000 - 0x00007ffcd2bea000 	C:\Program Files\Android\Android Studio\jre\bin\net.dll
0x00007ffcec3c0000 - 0x00007ffcec4cc000 	C:\WINDOWS\SYSTEM32\WINHTTP.dll
0x00007ffcf1100000 - 0x00007ffcf1167000 	C:\WINDOWS\system32\mswsock.dll
0x00007ffcd1030000 - 0x00007ffcd1044000 	C:\Program Files\Android\Android Studio\jre\bin\nio.dll

dbghelp: loaded successfully - version: 4.0.5 - missing functions: none
symbol engine: initialized successfully - sym options: 0x614 - pdb path: .;C:\Program Files\Android\Android Studio\jre\bin;C:\WINDOWS\SYSTEM32;C:\WINDOWS\WinSxS\amd64_microsoft.windows.common-controls_6595b64144ccf1df_6.0.21996.1_none_7d6b053978bcd706;C:\Program Files\Android\Android Studio\jre\bin\server

VM Arguments:
java_command: org.jetbrains.kotlin.cli.jvm.K2JVMCompiler @D:\DOKUMEN\FilmAPI\app\build\20220207_13580824974516301704.compiler.options
java_class_path (initial): C:\Users\suare\.gradle\caches\modules-2\files-2.1\org.jetbrains.kotlin\kotlin-compiler-embeddable\1.5.20\1900e8b9aca0a9caffd45b99b36e3720a0a284f8\kotlin-compiler-embeddable-1.5.20.jar;C:\Users\suare\.gradle\caches\modules-2\files-2.1\org.jetbrains.kotlin\kotlin-reflect\1.5.20\63810951f09a27f7827977f1bc21094042a915e\kotlin-reflect-1.5.20.jar;C:\Users\suare\.gradle\caches\modules-2\files-2.1\org.jetbrains.kotlin\kotlin-stdlib\1.5.20\9de35cc611bcecec8edce1d56d8e659953806751\kotlin-stdlib-1.5.20.jar;C:\Users\suare\.gradle\caches\modules-2\files-2.1\org.jetbrains.kotlin\kotlin-script-runtime\1.5.20\4381bb58d37b84d4d1afe55ec35542dd9b77e101\kotlin-script-runtime-1.5.20.jar;C:\Users\suare\.gradle\caches\modules-2\files-2.1\org.jetbrains.kotlin\kotlin-daemon-embeddable\1.5.20\36c38cda019834dcd2959cc33a12768adcd94256\kotlin-daemon-embeddable-1.5.20.jar;C:\Users\suare\.gradle\caches\modules-2\files-2.1\org.jetbrains.intellij.deps\trove4j\1.0.20181211\216c2e14b070f334479d800987affe4054cd563f\trove4j-1.0.20181211.jar;C:\Users\suare\.gradle\caches\modules-2\files-2.1\org.jetbrains\annotations\13.0\919f0dfe192fb4e063e7dacadee7f8bb9a2672a9\annotations-13.0.jar;C:\Users\suare\.gradle\caches\modules-2\files-2.1\org.jetbrains.kotlin\kotlin-stdlib-common\1.5.20\3d79dbd48bf605f4aac1e7028981a1953e245cbb\kotlin-stdlib-common-1.5.20.jar
Launcher Type: SUN_STANDARD

[Global flags]
     intx CICompilerCount                          = 4                                         {product} {ergonomic}
     uint ConcGCThreads                            = 3                                         {product} {ergonomic}
     uint G1ConcRefinementThreads                  = 10                                        {product} {ergonomic}
   size_t G1HeapRegionSize                         = 1048576                                   {product} {ergonomic}
    uintx GCDrainStackTargetSize                   = 64                                        {product} {ergonomic}
   size_t InitialHeapSize                          = 123731968                                 {product} {ergonomic}
   size_t MarkStackSize                            = 4194304                                   {product} {ergonomic}
   size_t MaxHeapSize                              = 1975517184                                {product} {ergonomic}
   size_t MaxNewSize                               = 1184890880                                {product} {ergonomic}
   size_t MinHeapDeltaBytes                        = 1048576                                   {product} {ergonomic}
    uintx NonNMethodCodeHeapSize                   = 5836300                                {pd product} {ergonomic}
    uintx NonProfiledCodeHeapSize                  = 122910970                              {pd product} {ergonomic}
    uintx ProfiledCodeHeapSize                     = 122910970                              {pd product} {ergonomic}
    uintx ReservedCodeCacheSize                    = 251658240                              {pd product} {ergonomic}
     bool SegmentedCodeCache                       = true                                      {product} {ergonomic}
     bool UseCompressedClassPointers               = true                                 {lp64_product} {ergonomic}
     bool UseCompressedOops                        = true                                 {lp64_product} {ergonomic}
     bool UseG1GC                                  = true                                      {product} {ergonomic}
     bool UseLargePagesIndividualAllocation        = false                                  {pd product} {ergonomic}

Logging:
Log output configuration:
 #0: stdout all=warning uptime,level,tags
 #1: stderr all=off uptime,level,tags

Environment Variables:
PATH=C:\WINDOWS\system32;C:\WINDOWS;C:\WINDOWS\System32\Wbem;C:\WINDOWS\System32\WindowsPowerShell\v1.0\;C:\WINDOWS\System32\OpenSSH\;C:\Program Files\Git\cmd;C:\Users\suare\AppData\Local\Microsoft\WindowsApps;
USERNAME=Itok
OS=Windows_NT
PROCESSOR_IDENTIFIER=AMD64 Family 23 Model 104 Stepping 1, AuthenticAMD



---------------  S Y S T E M  ---------------

OS: Windows 10 , 64 bit Build 21996 (10.0.21996.1)
OS uptime: 3 days 22:28 hours

CPU:total 12 (initial active 12) (12 cores per cpu, 2 threads per core) family 23 model 104 stepping 1 microcode 0x0, cmov, cx8, fxsr, mmx, sse, sse2, sse3, ssse3, sse4.1, sse4.2, popcnt, avx, avx2, aes, clmul, mmxext, 3dnowpref, lzcnt, sse4a, ht, tsc, tscinvbit, tscinv, bmi1, bmi2, adx,

Memory: 4k page, system-wide physical 7530M (911M free)
TotalPageFile size 7530M (AvailPageFile size 5M)
current process WorkingSet (physical memory assigned to process): 365M, peak: 379M
current process commit charge ("private bytes"): 465M, peak: 466M

vm_info: OpenJDK 64-Bit Server VM (11.0.10+0-b96-7249189) for windows-amd64 JRE (11.0.10+0-b96-7249189), built on Mar 31 2021 21:44:00 by "builder" with MS VC++ 14.0 (VS2015)

END.
