#
# There is insufficient memory for the Java Runtime Environment to continue.
# Native memory allocation (malloc) failed to allocate 1363856 bytes for Chunk::new
# Possible reasons:
#   The system is out of physical RAM or swap space
#   The process is running with CompressedOops enabled, and the Java Heap may be blocking the growth of the native heap
# Possible solutions:
#   Reduce memory load on the system
#   Increase physical memory or swap space
#   Check if swap backing store is full
#   Decrease Java heap size (-Xmx/-Xms)
#   Decrease number of Java threads
#   Decrease Java thread stack sizes (-Xss)
#   Set larger code cache with -XX:ReservedCodeCacheSize=
#   JVM is running with Unscaled Compressed Oops mode in which the Java heap is
#     placed in the first 4GB address space. The Java Heap base address is the
#     maximum limit for the native heap growth. Please use -XX:HeapBaseMinAddress
#     to set the Java Heap base and to place the Java Heap above 4GB virtual address.
# This output file may be truncated or incomplete.
#
#  Out of Memory Error (./src/hotspot/share/memory/arena.cpp:197), pid=11124, tid=11008
#
# JRE version: OpenJDK Runtime Environment (11.0.10) (build 11.0.10+0-b96-7249189)
# Java VM: OpenJDK 64-Bit Server VM (11.0.10+0-b96-7249189, mixed mode, tiered, compressed oops, g1 gc, windows-amd64)
# No core dump will be written. Minidumps are not enabled by default on client versions of Windows
#

---------------  S U M M A R Y ------------

Command Line: org.jetbrains.kotlin.cli.jvm.K2JVMCompiler @D:\DOKUMEN\FilmAPI\app\build\20220204_4132673708091096399.compiler.options

Host: AMD Ryzen 5 5500U with Radeon Graphics         , 12 cores, 7G,  Windows 10 , 64 bit Build 21996 (10.0.21996.1)
Time: Fri Feb  4 15:50:09 2022 SE Asia Standard Time elapsed time: 5.012528 seconds (0d 0h 0m 5s)

---------------  T H R E A D  ---------------

Current thread (0x000002b9c617e000):  JavaThread "C2 CompilerThread2" daemon [_thread_in_native, id=11008, stack(0x000000eb66600000,0x000000eb66700000)]


Current CompileTask:
C2:   5012 5921       4       org.jetbrains.kotlin.utils.SmartSet::add (279 bytes)

Stack: [0x000000eb66600000,0x000000eb66700000]
Native frames: (J=compiled Java code, j=interpreted, Vv=VM code, C=native code)
V  [jvm.dll+0x5ecfaa]
V  [jvm.dll+0x722bd5]
V  [jvm.dll+0x72412d]
V  [jvm.dll+0x7247e3]
V  [jvm.dll+0x242928]
V  [jvm.dll+0xbc4fc]
V  [jvm.dll+0xbca0c]
V  [jvm.dll+0x352d3b]
V  [jvm.dll+0x320ad3]
V  [jvm.dll+0x31ffca]
V  [jvm.dll+0x1fb602]
V  [jvm.dll+0x1fa7f4]
V  [jvm.dll+0x18354c]
V  [jvm.dll+0x208ee7]
V  [jvm.dll+0x207731]
V  [jvm.dll+0x6eb1cf]
V  [jvm.dll+0x6e3d45]
V  [jvm.dll+0x5ebe96]
C  [ucrtbase.dll+0x26c0c]
C  [KERNEL32.DLL+0x154e0]
C  [ntdll.dll+0x485b]


---------------  P R O C E S S  ---------------

Threads class SMR info:
_java_thread_list=0x000002b9c5ce0a00, length=12, elements={
0x000002b9a984d800, 0x000002b9c3aed000, 0x000002b9c3aee800, 0x000002b9c3b09800,
0x000002b9c3b0b800, 0x000002b9c3b0c000, 0x000002b9c3b0e800, 0x000002b9c3b11800,
0x000002b9c3b12800, 0x000002b9c45ea800, 0x000002b9c4624000, 0x000002b9c617e000
}

Java Threads: ( => current thread )
  0x000002b9a984d800 JavaThread "main" [_thread_in_Java, id=10664, stack(0x000000eb65400000,0x000000eb65500000)]
  0x000002b9c3aed000 JavaThread "Reference Handler" daemon [_thread_blocked, id=4872, stack(0x000000eb65b00000,0x000000eb65c00000)]
  0x000002b9c3aee800 JavaThread "Finalizer" daemon [_thread_blocked, id=4760, stack(0x000000eb65c00000,0x000000eb65d00000)]
  0x000002b9c3b09800 JavaThread "Signal Dispatcher" daemon [_thread_blocked, id=9808, stack(0x000000eb65d00000,0x000000eb65e00000)]
  0x000002b9c3b0b800 JavaThread "Attach Listener" daemon [_thread_blocked, id=11556, stack(0x000000eb65e00000,0x000000eb65f00000)]
  0x000002b9c3b0c000 JavaThread "Service Thread" daemon [_thread_blocked, id=10832, stack(0x000000eb65f00000,0x000000eb66000000)]
  0x000002b9c3b0e800 JavaThread "C2 CompilerThread0" daemon [_thread_in_native, id=7612, stack(0x000000eb66000000,0x000000eb66100000)]
  0x000002b9c3b11800 JavaThread "C1 CompilerThread0" daemon [_thread_in_vm, id=7104, stack(0x000000eb66100000,0x000000eb66200000)]
  0x000002b9c3b12800 JavaThread "Sweeper thread" daemon [_thread_blocked, id=3204, stack(0x000000eb66200000,0x000000eb66300000)]
  0x000002b9c45ea800 JavaThread "Common-Cleaner" daemon [_thread_blocked, id=10148, stack(0x000000eb66400000,0x000000eb66500000)]
  0x000002b9c4624000 JavaThread "C2 CompilerThread1" daemon [_thread_in_native, id=2880, stack(0x000000eb66500000,0x000000eb66600000)]
=>0x000002b9c617e000 JavaThread "C2 CompilerThread2" daemon [_thread_in_native, id=11008, stack(0x000000eb66600000,0x000000eb66700000)]

Other Threads:
  0x000002b9c3ac7800 VMThread "VM Thread" [stack: 0x000000eb65a00000,0x000000eb65b00000] [id=10948]
  0x000002b9c45e3000 WatcherThread [stack: 0x000000eb66300000,0x000000eb66400000] [id=10192]
  0x000002b9a9865000 GCTaskThread "GC Thread#0" [stack: 0x000000eb65500000,0x000000eb65600000] [id=6220]
  0x000002b9c4c56000 GCTaskThread "GC Thread#1" [stack: 0x000000eb66700000,0x000000eb66800000] [id=6528]
  0x000002b9ca76c000 GCTaskThread "GC Thread#2" [stack: 0x000000eb66a00000,0x000000eb66b00000] [id=1508]
  0x000002b9cb992800 GCTaskThread "GC Thread#3" [stack: 0x000000eb66b00000,0x000000eb66c00000] [id=900]
  0x000002b9a9893800 ConcurrentGCThread "G1 Main Marker" [stack: 0x000000eb65600000,0x000000eb65700000] [id=8772]
  0x000002b9a9894800 ConcurrentGCThread "G1 Conc#0" [stack: 0x000000eb65700000,0x000000eb65800000] [id=3016]
  0x000002b9c4f9f800 ConcurrentGCThread "G1 Conc#1" [stack: 0x000000eb66800000,0x000000eb66900000] [id=9636]
  0x000002b9c4d81000 ConcurrentGCThread "G1 Conc#2" [stack: 0x000000eb66900000,0x000000eb66a00000] [id=9844]
  0x000002b9a992d000 ConcurrentGCThread "G1 Refine#0" [stack: 0x000000eb65800000,0x000000eb65900000] [id=6492]
  0x000002b9a992e000 ConcurrentGCThread "G1 Young RemSet Sampling" [stack: 0x000000eb65900000,0x000000eb65a00000] [id=8216]

Threads with active compile tasks:
C2 CompilerThread0   5024 5592       4       jdk.internal.loader.BuiltinClassLoader::defineClass (121 bytes)
C1 CompilerThread0   5024 6034       3       org.jetbrains.kotlin.psi.KtExpressionImplStub::getParent (26 bytes)
C2 CompilerThread1   5024 5989       4       org.jetbrains.kotlin.com.intellij.psi.stubs.MostlyUShortIntList::add (38 bytes)
C2 CompilerThread2   5024 5921       4       org.jetbrains.kotlin.utils.SmartSet::add (279 bytes)

VM state:not at safepoint (normal execution)

VM Mutex/Monitor currently owned by a thread:  ([mutex/lock_event])
[0x000002b9a984af80] MethodCompileQueue_lock - owner thread: 0x0000000000000000

Heap address: 0x000000008a400000, size: 1884 MB, Compressed Oops mode: 32-bit
Narrow klass base: 0x0000000000000000, Narrow klass shift: 3
Compressed class space size: 1073741824 Address: 0x0000000100000000

Heap:
 garbage-first heap   total 171008K, used 69209K [0x000000008a400000, 0x0000000100000000)
  region size 1024K, 37 young (37888K), 11 survivors (11264K)
 Metaspace       used 57733K, capacity 58465K, committed 58496K, reserved 1101824K
  class space    used 6734K, capacity 7021K, committed 7040K, reserved 1048576K
Heap Regions: E=young(eden), S=young(survivor), O=old, HS=humongous(starts), HC=humongous(continues), CS=collection set, F=free, A=archive, TAMS=top-at-mark-start (previous, next)
|   0|0x000000008a400000, 0x000000008a500000, 0x000000008a500000|100%|HS|  |TAMS 0x000000008a500000, 0x000000008a400000| Complete 
|   1|0x000000008a500000, 0x000000008a600000, 0x000000008a600000|100%|HC|  |TAMS 0x000000008a600000, 0x000000008a500000| Complete 
|   2|0x000000008a600000, 0x000000008a700000, 0x000000008a700000|100%|HC|  |TAMS 0x000000008a700000, 0x000000008a600000| Complete 
|   3|0x000000008a700000, 0x000000008a800000, 0x000000008a800000|100%|HS|  |TAMS 0x000000008a800000, 0x000000008a700000| Complete 
|   4|0x000000008a800000, 0x000000008a900000, 0x000000008a900000|100%|HC|  |TAMS 0x000000008a900000, 0x000000008a800000| Complete 
|   5|0x000000008a900000, 0x000000008aa00000, 0x000000008aa00000|100%|HC|  |TAMS 0x000000008aa00000, 0x000000008a900000| Complete 
|   6|0x000000008aa00000, 0x000000008ab00000, 0x000000008ab00000|100%|HS|  |TAMS 0x000000008ab00000, 0x000000008aa00000| Complete 
|   7|0x000000008ab00000, 0x000000008ac00000, 0x000000008ac00000|100%|HC|  |TAMS 0x000000008ac00000, 0x000000008ab00000| Complete 
|   8|0x000000008ac00000, 0x000000008ad00000, 0x000000008ad00000|100%|HC|  |TAMS 0x000000008ad00000, 0x000000008ac00000| Complete 
|   9|0x000000008ad00000, 0x000000008ae00000, 0x000000008ae00000|100%| O|  |TAMS 0x000000008ae00000, 0x000000008ad00000| Untracked 
|  10|0x000000008ae00000, 0x000000008af00000, 0x000000008af00000|100%| O|  |TAMS 0x000000008af00000, 0x000000008ae00000| Untracked 
|  11|0x000000008af00000, 0x000000008b000000, 0x000000008b000000|100%| O|  |TAMS 0x000000008b000000, 0x000000008af00000| Untracked 
|  12|0x000000008b000000, 0x000000008b100000, 0x000000008b100000|100%| O|  |TAMS 0x000000008b100000, 0x000000008b000000| Untracked 
|  13|0x000000008b100000, 0x000000008b200000, 0x000000008b200000|100%|HS|  |TAMS 0x000000008b100000, 0x000000008b100000| Complete 
|  14|0x000000008b200000, 0x000000008b300000, 0x000000008b300000|100%|HC|  |TAMS 0x000000008b200000, 0x000000008b200000| Complete 
|  15|0x000000008b300000, 0x000000008b400000, 0x000000008b400000|100%| O|  |TAMS 0x000000008b400000, 0x000000008b300000| Untracked 
|  16|0x000000008b400000, 0x000000008b500000, 0x000000008b500000|100%| O|  |TAMS 0x000000008b500000, 0x000000008b400000| Untracked 
|  17|0x000000008b500000, 0x000000008b600000, 0x000000008b600000|100%| O|  |TAMS 0x000000008b600000, 0x000000008b500000| Untracked 
|  18|0x000000008b600000, 0x000000008b700000, 0x000000008b700000|100%| O|  |TAMS 0x000000008b700000, 0x000000008b600000| Untracked 
|  19|0x000000008b700000, 0x000000008b800000, 0x000000008b800000|100%| O|  |TAMS 0x000000008b800000, 0x000000008b700000| Untracked 
|  20|0x000000008b800000, 0x000000008b900000, 0x000000008b900000|100%| O|  |TAMS 0x000000008b900000, 0x000000008b800000| Untracked 
|  21|0x000000008b900000, 0x000000008ba00000, 0x000000008ba00000|100%| O|  |TAMS 0x000000008ba00000, 0x000000008b900000| Untracked 
|  22|0x000000008ba00000, 0x000000008bb00000, 0x000000008bb00000|100%| O|  |TAMS 0x000000008bb00000, 0x000000008ba00000| Untracked 
|  23|0x000000008bb00000, 0x000000008bc00000, 0x000000008bc00000|100%| O|  |TAMS 0x000000008bb00000, 0x000000008bb00000| Untracked 
|  24|0x000000008bc00000, 0x000000008bd00000, 0x000000008bd00000|100%| O|  |TAMS 0x000000008bc00000, 0x000000008bc00000| Untracked 
|  25|0x000000008bd00000, 0x000000008be00000, 0x000000008be00000|100%| O|  |TAMS 0x000000008bd00000, 0x000000008bd00000| Untracked 
|  26|0x000000008be00000, 0x000000008bf00000, 0x000000008bf00000|100%| O|  |TAMS 0x000000008be00000, 0x000000008be00000| Untracked 
|  27|0x000000008bf00000, 0x000000008c000000, 0x000000008c000000|100%| O|  |TAMS 0x000000008bf00000, 0x000000008bf00000| Untracked 
|  28|0x000000008c000000, 0x000000008c100000, 0x000000008c100000|100%| O|  |TAMS 0x000000008c000000, 0x000000008c000000| Untracked 
|  29|0x000000008c100000, 0x000000008c200000, 0x000000008c200000|100%| O|  |TAMS 0x000000008c100000, 0x000000008c100000| Untracked 
|  30|0x000000008c200000, 0x000000008c300000, 0x000000008c300000|100%| O|  |TAMS 0x000000008c200000, 0x000000008c200000| Untracked 
|  31|0x000000008c300000, 0x000000008c396400, 0x000000008c400000| 58%| O|  |TAMS 0x000000008c300000, 0x000000008c300000| Untracked 
|  32|0x000000008c400000, 0x000000008c400000, 0x000000008c500000|  0%| F|  |TAMS 0x000000008c400000, 0x000000008c400000| Untracked 
|  33|0x000000008c500000, 0x000000008c500000, 0x000000008c600000|  0%| F|  |TAMS 0x000000008c500000, 0x000000008c500000| Untracked 
|  34|0x000000008c600000, 0x000000008c600000, 0x000000008c700000|  0%| F|  |TAMS 0x000000008c600000, 0x000000008c600000| Untracked 
|  35|0x000000008c700000, 0x000000008c700000, 0x000000008c800000|  0%| F|  |TAMS 0x000000008c700000, 0x000000008c700000| Untracked 
|  36|0x000000008c800000, 0x000000008c800000, 0x000000008c900000|  0%| F|  |TAMS 0x000000008c800000, 0x000000008c800000| Untracked 
|  37|0x000000008c900000, 0x000000008c900000, 0x000000008ca00000|  0%| F|  |TAMS 0x000000008c900000, 0x000000008c900000| Untracked 
|  38|0x000000008ca00000, 0x000000008ca00000, 0x000000008cb00000|  0%| F|  |TAMS 0x000000008ca00000, 0x000000008ca00000| Untracked 
|  39|0x000000008cb00000, 0x000000008cb00000, 0x000000008cc00000|  0%| F|  |TAMS 0x000000008cb00000, 0x000000008cb00000| Untracked 
|  40|0x000000008cc00000, 0x000000008cc00000, 0x000000008cd00000|  0%| F|  |TAMS 0x000000008cc00000, 0x000000008cc00000| Untracked 
|  41|0x000000008cd00000, 0x000000008cd00000, 0x000000008ce00000|  0%| F|  |TAMS 0x000000008cd00000, 0x000000008cd00000| Untracked 
|  42|0x000000008ce00000, 0x000000008ce00000, 0x000000008cf00000|  0%| F|  |TAMS 0x000000008ce00000, 0x000000008ce00000| Untracked 
|  43|0x000000008cf00000, 0x000000008cf00000, 0x000000008d000000|  0%| F|  |TAMS 0x000000008cf00000, 0x000000008cf00000| Untracked 
|  44|0x000000008d000000, 0x000000008d000000, 0x000000008d100000|  0%| F|  |TAMS 0x000000008d000000, 0x000000008d000000| Untracked 
|  45|0x000000008d100000, 0x000000008d100000, 0x000000008d200000|  0%| F|  |TAMS 0x000000008d100000, 0x000000008d100000| Untracked 
|  46|0x000000008d200000, 0x000000008d200000, 0x000000008d300000|  0%| F|  |TAMS 0x000000008d200000, 0x000000008d200000| Untracked 
|  47|0x000000008d300000, 0x000000008d300000, 0x000000008d400000|  0%| F|  |TAMS 0x000000008d300000, 0x000000008d300000| Untracked 
|  48|0x000000008d400000, 0x000000008d400000, 0x000000008d500000|  0%| F|  |TAMS 0x000000008d400000, 0x000000008d400000| Untracked 
|  49|0x000000008d500000, 0x000000008d500000, 0x000000008d600000|  0%| F|  |TAMS 0x000000008d500000, 0x000000008d500000| Untracked 
|  50|0x000000008d600000, 0x000000008d600000, 0x000000008d700000|  0%| F|  |TAMS 0x000000008d600000, 0x000000008d600000| Untracked 
|  51|0x000000008d700000, 0x000000008d700000, 0x000000008d800000|  0%| F|  |TAMS 0x000000008d700000, 0x000000008d700000| Untracked 
|  52|0x000000008d800000, 0x000000008d800000, 0x000000008d900000|  0%| F|  |TAMS 0x000000008d800000, 0x000000008d800000| Untracked 
|  53|0x000000008d900000, 0x000000008d900000, 0x000000008da00000|  0%| F|  |TAMS 0x000000008d900000, 0x000000008d900000| Untracked 
|  54|0x000000008da00000, 0x000000008da00000, 0x000000008db00000|  0%| F|  |TAMS 0x000000008da00000, 0x000000008da00000| Untracked 
|  55|0x000000008db00000, 0x000000008db00000, 0x000000008dc00000|  0%| F|  |TAMS 0x000000008db00000, 0x000000008db00000| Untracked 
|  56|0x000000008dc00000, 0x000000008dc00000, 0x000000008dd00000|  0%| F|  |TAMS 0x000000008dc00000, 0x000000008dc00000| Untracked 
|  57|0x000000008dd00000, 0x000000008dd00000, 0x000000008de00000|  0%| F|  |TAMS 0x000000008dd00000, 0x000000008dd00000| Untracked 
|  58|0x000000008de00000, 0x000000008de00000, 0x000000008df00000|  0%| F|  |TAMS 0x000000008de00000, 0x000000008de00000| Untracked 
|  59|0x000000008df00000, 0x000000008df00000, 0x000000008e000000|  0%| F|  |TAMS 0x000000008df00000, 0x000000008df00000| Untracked 
|  60|0x000000008e000000, 0x000000008e000000, 0x000000008e100000|  0%| F|  |TAMS 0x000000008e000000, 0x000000008e000000| Untracked 
|  61|0x000000008e100000, 0x000000008e100000, 0x000000008e200000|  0%| F|  |TAMS 0x000000008e100000, 0x000000008e100000| Untracked 
|  62|0x000000008e200000, 0x000000008e200000, 0x000000008e300000|  0%| F|  |TAMS 0x000000008e200000, 0x000000008e200000| Untracked 
|  63|0x000000008e300000, 0x000000008e300000, 0x000000008e400000|  0%| F|  |TAMS 0x000000008e300000, 0x000000008e300000| Untracked 
|  64|0x000000008e400000, 0x000000008e400000, 0x000000008e500000|  0%| F|  |TAMS 0x000000008e400000, 0x000000008e400000| Untracked 
|  65|0x000000008e500000, 0x000000008e500000, 0x000000008e600000|  0%| F|  |TAMS 0x000000008e500000, 0x000000008e500000| Untracked 
|  66|0x000000008e600000, 0x000000008e600000, 0x000000008e700000|  0%| F|  |TAMS 0x000000008e600000, 0x000000008e600000| Untracked 
|  67|0x000000008e700000, 0x000000008e700000, 0x000000008e800000|  0%| F|  |TAMS 0x000000008e700000, 0x000000008e700000| Untracked 
|  68|0x000000008e800000, 0x000000008e800000, 0x000000008e900000|  0%| F|  |TAMS 0x000000008e800000, 0x000000008e800000| Untracked 
|  69|0x000000008e900000, 0x000000008e900000, 0x000000008ea00000|  0%| F|  |TAMS 0x000000008e900000, 0x000000008e900000| Untracked 
|  70|0x000000008ea00000, 0x000000008ea00000, 0x000000008eb00000|  0%| F|  |TAMS 0x000000008ea00000, 0x000000008ea00000| Untracked 
|  71|0x000000008eb00000, 0x000000008eb00000, 0x000000008ec00000|  0%| F|  |TAMS 0x000000008eb00000, 0x000000008eb00000| Untracked 
|  72|0x000000008ec00000, 0x000000008ec00000, 0x000000008ed00000|  0%| F|  |TAMS 0x000000008ec00000, 0x000000008ec00000| Untracked 
|  73|0x000000008ed00000, 0x000000008ed00000, 0x000000008ee00000|  0%| F|  |TAMS 0x000000008ed00000, 0x000000008ed00000| Untracked 
|  74|0x000000008ee00000, 0x000000008ee00000, 0x000000008ef00000|  0%| F|  |TAMS 0x000000008ee00000, 0x000000008ee00000| Untracked 
|  75|0x000000008ef00000, 0x000000008ef00000, 0x000000008f000000|  0%| F|  |TAMS 0x000000008ef00000, 0x000000008ef00000| Untracked 
|  76|0x000000008f000000, 0x000000008f100000, 0x000000008f100000|100%| S|CS|TAMS 0x000000008f000000, 0x000000008f000000| Complete 
|  77|0x000000008f100000, 0x000000008f200000, 0x000000008f200000|100%| S|CS|TAMS 0x000000008f100000, 0x000000008f100000| Complete 
|  78|0x000000008f200000, 0x000000008f300000, 0x000000008f300000|100%| S|CS|TAMS 0x000000008f200000, 0x000000008f200000| Complete 
|  79|0x000000008f300000, 0x000000008f400000, 0x000000008f400000|100%| S|CS|TAMS 0x000000008f300000, 0x000000008f300000| Complete 
|  80|0x000000008f400000, 0x000000008f500000, 0x000000008f500000|100%| S|CS|TAMS 0x000000008f400000, 0x000000008f400000| Complete 
|  81|0x000000008f500000, 0x000000008f600000, 0x000000008f600000|100%| S|CS|TAMS 0x000000008f500000, 0x000000008f500000| Complete 
|  82|0x000000008f600000, 0x000000008f700000, 0x000000008f700000|100%| S|CS|TAMS 0x000000008f600000, 0x000000008f600000| Complete 
|  83|0x000000008f700000, 0x000000008f800000, 0x000000008f800000|100%| S|CS|TAMS 0x000000008f700000, 0x000000008f700000| Complete 
|  84|0x000000008f800000, 0x000000008f900000, 0x000000008f900000|100%| S|CS|TAMS 0x000000008f800000, 0x000000008f800000| Complete 
|  85|0x000000008f900000, 0x000000008fa00000, 0x000000008fa00000|100%| S|CS|TAMS 0x000000008f900000, 0x000000008f900000| Complete 
|  86|0x000000008fa00000, 0x000000008fb00000, 0x000000008fb00000|100%| S|CS|TAMS 0x000000008fa00000, 0x000000008fa00000| Complete 
|  87|0x000000008fb00000, 0x000000008fb00000, 0x000000008fc00000|  0%| F|  |TAMS 0x000000008fb00000, 0x000000008fb00000| Untracked 
|  88|0x000000008fc00000, 0x000000008fc00000, 0x000000008fd00000|  0%| F|  |TAMS 0x000000008fc00000, 0x000000008fc00000| Untracked 
|  89|0x000000008fd00000, 0x000000008fd00000, 0x000000008fe00000|  0%| F|  |TAMS 0x000000008fd00000, 0x000000008fd00000| Untracked 
|  90|0x000000008fe00000, 0x000000008fe00000, 0x000000008ff00000|  0%| F|  |TAMS 0x000000008fe00000, 0x000000008fe00000| Untracked 
|  91|0x000000008ff00000, 0x000000008ff00000, 0x0000000090000000|  0%| F|  |TAMS 0x000000008ff00000, 0x000000008ff00000| Untracked 
|  92|0x0000000090000000, 0x0000000090000000, 0x0000000090100000|  0%| F|  |TAMS 0x0000000090000000, 0x0000000090000000| Untracked 
|  93|0x0000000090100000, 0x0000000090100000, 0x0000000090200000|  0%| F|  |TAMS 0x0000000090100000, 0x0000000090100000| Untracked 
|  94|0x0000000090200000, 0x0000000090200000, 0x0000000090300000|  0%| F|  |TAMS 0x0000000090200000, 0x0000000090200000| Untracked 
|  95|0x0000000090300000, 0x0000000090300000, 0x0000000090400000|  0%| F|  |TAMS 0x0000000090300000, 0x0000000090300000| Untracked 
|  96|0x0000000090400000, 0x0000000090400000, 0x0000000090500000|  0%| F|  |TAMS 0x0000000090400000, 0x0000000090400000| Untracked 
|  97|0x0000000090500000, 0x0000000090500000, 0x0000000090600000|  0%| F|  |TAMS 0x0000000090500000, 0x0000000090500000| Untracked 
|  98|0x0000000090600000, 0x0000000090600000, 0x0000000090700000|  0%| F|  |TAMS 0x0000000090600000, 0x0000000090600000| Untracked 
|  99|0x0000000090700000, 0x0000000090700000, 0x0000000090800000|  0%| F|  |TAMS 0x0000000090700000, 0x0000000090700000| Untracked 
| 100|0x0000000090800000, 0x0000000090800000, 0x0000000090900000|  0%| F|  |TAMS 0x0000000090800000, 0x0000000090800000| Untracked 
| 101|0x0000000090900000, 0x0000000090900000, 0x0000000090a00000|  0%| F|  |TAMS 0x0000000090900000, 0x0000000090900000| Untracked 
| 102|0x0000000090a00000, 0x0000000090a00000, 0x0000000090b00000|  0%| F|  |TAMS 0x0000000090a00000, 0x0000000090a00000| Untracked 
| 103|0x0000000090b00000, 0x0000000090b00000, 0x0000000090c00000|  0%| F|  |TAMS 0x0000000090b00000, 0x0000000090b00000| Untracked 
| 104|0x0000000090c00000, 0x0000000090c00000, 0x0000000090d00000|  0%| F|  |TAMS 0x0000000090c00000, 0x0000000090c00000| Untracked 
| 105|0x0000000090d00000, 0x0000000090d00000, 0x0000000090e00000|  0%| F|  |TAMS 0x0000000090d00000, 0x0000000090d00000| Untracked 
| 106|0x0000000090e00000, 0x0000000090e00000, 0x0000000090f00000|  0%| F|  |TAMS 0x0000000090e00000, 0x0000000090e00000| Untracked 
| 107|0x0000000090f00000, 0x0000000090f00000, 0x0000000091000000|  0%| F|  |TAMS 0x0000000090f00000, 0x0000000090f00000| Untracked 
| 108|0x0000000091000000, 0x0000000091000000, 0x0000000091100000|  0%| F|  |TAMS 0x0000000091000000, 0x0000000091000000| Untracked 
| 109|0x0000000091100000, 0x0000000091100000, 0x0000000091200000|  0%| F|  |TAMS 0x0000000091100000, 0x0000000091100000| Untracked 
| 110|0x0000000091200000, 0x0000000091200000, 0x0000000091300000|  0%| F|  |TAMS 0x0000000091200000, 0x0000000091200000| Untracked 
| 111|0x0000000091300000, 0x0000000091300000, 0x0000000091400000|  0%| F|  |TAMS 0x0000000091300000, 0x0000000091300000| Untracked 
| 112|0x0000000091400000, 0x0000000091400000, 0x0000000091500000|  0%| F|  |TAMS 0x0000000091400000, 0x0000000091400000| Untracked 
| 113|0x0000000091500000, 0x0000000091500000, 0x0000000091600000|  0%| F|  |TAMS 0x0000000091500000, 0x0000000091500000| Untracked 
| 114|0x0000000091600000, 0x0000000091600000, 0x0000000091700000|  0%| F|  |TAMS 0x0000000091600000, 0x0000000091600000| Untracked 
| 115|0x0000000091700000, 0x0000000091700000, 0x0000000091800000|  0%| F|  |TAMS 0x0000000091700000, 0x0000000091700000| Untracked 
| 116|0x0000000091800000, 0x0000000091800000, 0x0000000091900000|  0%| F|  |TAMS 0x0000000091800000, 0x0000000091800000| Untracked 
| 117|0x0000000091900000, 0x0000000091900000, 0x0000000091a00000|  0%| F|  |TAMS 0x0000000091900000, 0x0000000091900000| Untracked 
| 118|0x0000000091a00000, 0x0000000091a00000, 0x0000000091b00000|  0%| F|  |TAMS 0x0000000091a00000, 0x0000000091a00000| Untracked 
| 119|0x0000000091b00000, 0x0000000091b00000, 0x0000000091c00000|  0%| F|  |TAMS 0x0000000091b00000, 0x0000000091b00000| Untracked 
| 120|0x0000000091c00000, 0x0000000091c00000, 0x0000000091d00000|  0%| F|  |TAMS 0x0000000091c00000, 0x0000000091c00000| Untracked 
| 121|0x0000000091d00000, 0x0000000091d00000, 0x0000000091e00000|  0%| F|  |TAMS 0x0000000091d00000, 0x0000000091d00000| Untracked 
| 122|0x0000000091e00000, 0x0000000091e00000, 0x0000000091f00000|  0%| F|  |TAMS 0x0000000091e00000, 0x0000000091e00000| Untracked 
| 123|0x0000000091f00000, 0x0000000091f00000, 0x0000000092000000|  0%| F|  |TAMS 0x0000000091f00000, 0x0000000091f00000| Untracked 
| 124|0x0000000092000000, 0x0000000092000000, 0x0000000092100000|  0%| F|  |TAMS 0x0000000092000000, 0x0000000092000000| Untracked 
| 125|0x0000000092100000, 0x0000000092100000, 0x0000000092200000|  0%| F|  |TAMS 0x0000000092100000, 0x0000000092100000| Untracked 
| 126|0x0000000092200000, 0x0000000092200000, 0x0000000092300000|  0%| F|  |TAMS 0x0000000092200000, 0x0000000092200000| Untracked 
| 127|0x0000000092300000, 0x0000000092300000, 0x0000000092400000|  0%| F|  |TAMS 0x0000000092300000, 0x0000000092300000| Untracked 
| 128|0x0000000092400000, 0x0000000092400000, 0x0000000092500000|  0%| F|  |TAMS 0x0000000092400000, 0x0000000092400000| Untracked 
| 129|0x0000000092500000, 0x0000000092500000, 0x0000000092600000|  0%| F|  |TAMS 0x0000000092500000, 0x0000000092500000| Untracked 
| 130|0x0000000092600000, 0x0000000092600000, 0x0000000092700000|  0%| F|  |TAMS 0x0000000092600000, 0x0000000092600000| Untracked 
| 131|0x0000000092700000, 0x0000000092700000, 0x0000000092800000|  0%| F|  |TAMS 0x0000000092700000, 0x0000000092700000| Untracked 
| 132|0x0000000092800000, 0x0000000092800000, 0x0000000092900000|  0%| F|  |TAMS 0x0000000092800000, 0x0000000092800000| Untracked 
| 133|0x0000000092900000, 0x0000000092900000, 0x0000000092a00000|  0%| F|  |TAMS 0x0000000092900000, 0x0000000092900000| Untracked 
| 134|0x0000000092a00000, 0x0000000092a00000, 0x0000000092b00000|  0%| F|  |TAMS 0x0000000092a00000, 0x0000000092a00000| Untracked 
| 135|0x0000000092b00000, 0x0000000092b00000, 0x0000000092c00000|  0%| F|  |TAMS 0x0000000092b00000, 0x0000000092b00000| Untracked 
| 136|0x0000000092c00000, 0x0000000092c00000, 0x0000000092d00000|  0%| F|  |TAMS 0x0000000092c00000, 0x0000000092c00000| Untracked 
| 137|0x0000000092d00000, 0x0000000092d00000, 0x0000000092e00000|  0%| F|  |TAMS 0x0000000092d00000, 0x0000000092d00000| Untracked 
| 138|0x0000000092e00000, 0x0000000092e00000, 0x0000000092f00000|  0%| F|  |TAMS 0x0000000092e00000, 0x0000000092e00000| Untracked 
| 139|0x0000000092f00000, 0x0000000092f00000, 0x0000000093000000|  0%| F|  |TAMS 0x0000000092f00000, 0x0000000092f00000| Untracked 
| 140|0x0000000093000000, 0x0000000093000000, 0x0000000093100000|  0%| F|  |TAMS 0x0000000093000000, 0x0000000093000000| Untracked 
| 141|0x0000000093100000, 0x0000000093200000, 0x0000000093200000|100%| E|  |TAMS 0x0000000093100000, 0x0000000093100000| Complete 
| 142|0x0000000093200000, 0x0000000093300000, 0x0000000093300000|100%| E|CS|TAMS 0x0000000093200000, 0x0000000093200000| Complete 
| 143|0x0000000093300000, 0x0000000093400000, 0x0000000093400000|100%| E|CS|TAMS 0x0000000093300000, 0x0000000093300000| Complete 
| 144|0x0000000093400000, 0x0000000093500000, 0x0000000093500000|100%| E|CS|TAMS 0x0000000093400000, 0x0000000093400000| Complete 
| 145|0x0000000093500000, 0x0000000093600000, 0x0000000093600000|100%| E|CS|TAMS 0x0000000093500000, 0x0000000093500000| Complete 
| 146|0x0000000093600000, 0x0000000093700000, 0x0000000093700000|100%| E|CS|TAMS 0x0000000093600000, 0x0000000093600000| Complete 
| 147|0x0000000093700000, 0x0000000093800000, 0x0000000093800000|100%| E|CS|TAMS 0x0000000093700000, 0x0000000093700000| Complete 
| 148|0x0000000093800000, 0x0000000093900000, 0x0000000093900000|100%| E|CS|TAMS 0x0000000093800000, 0x0000000093800000| Complete 
| 149|0x0000000093900000, 0x0000000093a00000, 0x0000000093a00000|100%| E|CS|TAMS 0x0000000093900000, 0x0000000093900000| Complete 
| 150|0x0000000093a00000, 0x0000000093b00000, 0x0000000093b00000|100%| E|CS|TAMS 0x0000000093a00000, 0x0000000093a00000| Complete 
| 151|0x0000000093b00000, 0x0000000093c00000, 0x0000000093c00000|100%| E|CS|TAMS 0x0000000093b00000, 0x0000000093b00000| Complete 
| 152|0x0000000093c00000, 0x0000000093d00000, 0x0000000093d00000|100%| E|CS|TAMS 0x0000000093c00000, 0x0000000093c00000| Complete 
| 153|0x0000000093d00000, 0x0000000093e00000, 0x0000000093e00000|100%| E|CS|TAMS 0x0000000093d00000, 0x0000000093d00000| Complete 
| 154|0x0000000093e00000, 0x0000000093f00000, 0x0000000093f00000|100%| E|CS|TAMS 0x0000000093e00000, 0x0000000093e00000| Complete 
| 155|0x0000000093f00000, 0x0000000094000000, 0x0000000094000000|100%| E|CS|TAMS 0x0000000093f00000, 0x0000000093f00000| Complete 
| 156|0x0000000094000000, 0x0000000094100000, 0x0000000094100000|100%| E|CS|TAMS 0x0000000094000000, 0x0000000094000000| Complete 
| 157|0x0000000094100000, 0x0000000094200000, 0x0000000094200000|100%| E|CS|TAMS 0x0000000094100000, 0x0000000094100000| Complete 
| 158|0x0000000094200000, 0x0000000094300000, 0x0000000094300000|100%| E|CS|TAMS 0x0000000094200000, 0x0000000094200000| Complete 
| 159|0x0000000094300000, 0x0000000094400000, 0x0000000094400000|100%| E|CS|TAMS 0x0000000094300000, 0x0000000094300000| Complete 
| 160|0x0000000094400000, 0x0000000094500000, 0x0000000094500000|100%| E|CS|TAMS 0x0000000094400000, 0x0000000094400000| Complete 
| 161|0x0000000094500000, 0x0000000094600000, 0x0000000094600000|100%| E|CS|TAMS 0x0000000094500000, 0x0000000094500000| Complete 
| 162|0x0000000094600000, 0x0000000094700000, 0x0000000094700000|100%| E|CS|TAMS 0x0000000094600000, 0x0000000094600000| Complete 
| 163|0x0000000094700000, 0x0000000094800000, 0x0000000094800000|100%| E|CS|TAMS 0x0000000094700000, 0x0000000094700000| Complete 
| 164|0x0000000094800000, 0x0000000094900000, 0x0000000094900000|100%| E|CS|TAMS 0x0000000094800000, 0x0000000094800000| Complete 
| 165|0x0000000094900000, 0x0000000094a00000, 0x0000000094a00000|100%| E|CS|TAMS 0x0000000094900000, 0x0000000094900000| Complete 
| 166|0x0000000094a00000, 0x0000000094b00000, 0x0000000094b00000|100%| E|CS|TAMS 0x0000000094a00000, 0x0000000094a00000| Complete 

Card table byte_map: [0x000002b9bcc50000,0x000002b9bd000000] _byte_map_base: 0x000002b9bc7fe000

Marking Bits (Prev, Next): (CMBitMap*) 0x000002b9a988b258, (CMBitMap*) 0x000002b9a988b290
 Prev Bits: [0x000002b9bd3b0000, 0x000002b9bf120000)
 Next Bits: [0x000002b9bf120000, 0x000002b9c0e90000)

Polling page: 0x000002b9a9030000

Metaspace:

Usage:
  Non-class:     50.24 MB capacity,    49.81 MB (>99%) used,   347.02 KB ( <1%) free+waste,    94.88 KB ( <1%) overhead. 
      Class:      6.86 MB capacity,     6.58 MB ( 96%) used,   244.82 KB (  3%) free+waste,    42.13 KB ( <1%) overhead. 
       Both:     57.09 MB capacity,    56.38 MB ( 99%) used,   591.84 KB (  1%) free+waste,   137.00 KB ( <1%) overhead. 

Virtual space:
  Non-class space:       52.00 MB reserved,      50.25 MB ( 97%) committed 
      Class space:        1.00 GB reserved,       6.88 MB ( <1%) committed 
             Both:        1.05 GB reserved,      57.13 MB (  5%) committed 

Chunk freelists:
   Non-Class:  12.00 KB
       Class:  19.00 KB
        Both:  31.00 KB

MaxMetaspaceSize: 17179869184.00 GB
CompressedClassSpaceSize: 1.00 GB

CodeHeap 'non-profiled nmethods': size=120000Kb used=2927Kb max_used=2927Kb free=117072Kb
 bounds [0x000002b9b4e10000, 0x000002b9b50f0000, 0x000002b9bc340000]
CodeHeap 'profiled nmethods': size=120000Kb used=14922Kb max_used=14922Kb free=105077Kb
 bounds [0x000002b9ad8e0000, 0x000002b9ae780000, 0x000002b9b4e10000]
CodeHeap 'non-nmethods': size=5760Kb used=1208Kb max_used=1273Kb free=4551Kb
 bounds [0x000002b9ad340000, 0x000002b9ad5b0000, 0x000002b9ad8e0000]
 total_blobs=6576 nmethods=6012 adapters=474
 compilation: enabled
              stopped_count=0, restarted_count=0
 full_count=0

Compilation events (20 events):
Event: 4.978 Thread 0x000002b9c3b11800 nmethod 5974 0x000002b9ae732390 code [0x000002b9ae732600, 0x000002b9ae732f08]
Event: 4.978 Thread 0x000002b9c3b11800 5978       3       org.jetbrains.kotlin.com.intellij.util.containers.ContainerUtil::map (100 bytes)
Event: 4.979 Thread 0x000002b9c3b11800 nmethod 5978 0x000002b9ae733190 code [0x000002b9ae733420, 0x000002b9ae734108]
Event: 4.979 Thread 0x000002b9c3b11800 5981       3       org.jetbrains.org.objectweb.asm.ClassReader::readCode (5089 bytes)
Event: 5.004 Thread 0x000002b9c3b11800 nmethod 5981 0x000002b9ae734610 code [0x000002b9ae735ba0, 0x000002b9ae7492c8]
Event: 5.004 Thread 0x000002b9c3b11800 6005       3       org.jetbrains.kotlin.descriptors.impl.FunctionDescriptorImpl::getOverriddenDescriptors (31 bytes)
Event: 5.004 Thread 0x000002b9c3b11800 nmethod 6005 0x000002b9ae752a10 code [0x000002b9ae752c00, 0x000002b9ae753158]
Event: 5.004 Thread 0x000002b9c3b11800 5995       3       org.jetbrains.kotlin.com.intellij.psi.stubs.MaterialStubList$1::visitStub (110 bytes)
Event: 5.005 Thread 0x000002b9c3b11800 nmethod 5995 0x000002b9ae753290 code [0x000002b9ae753540, 0x000002b9ae754438]
Event: 5.005 Thread 0x000002b9c3b11800 5988       2       org.jetbrains.kotlin.com.intellij.psi.stubs.StubList::childrenStartIndex (6 bytes)
Event: 5.005 Thread 0x000002b9c3b11800 nmethod 5988 0x000002b9ae754a10 code [0x000002b9ae754bc0, 0x000002b9ae754c98]
Event: 5.005 Thread 0x000002b9c3b11800 5993       3       org.jetbrains.kotlin.com.intellij.psi.stubs.StubList::getStubTypeIndex (12 bytes)
Event: 5.005 Thread 0x000002b9c3b11800 nmethod 5993 0x000002b9ae754d10 code [0x000002b9ae754f00, 0x000002b9ae755308]
Event: 5.005 Thread 0x000002b9c3b11800 5996       3       org.jetbrains.kotlin.com.intellij.psi.stubs.StubList::prepareForChildren (31 bytes)
Event: 5.005 Thread 0x000002b9c3b11800 nmethod 5996 0x000002b9ae755590 code [0x000002b9ae755740, 0x000002b9ae755888]
Event: 5.005 Thread 0x000002b9c3b11800 5997       3       org.jetbrains.kotlin.com.intellij.psi.stubs.StubList$TempState::prepareForChildren (78 bytes)
Event: 5.006 Thread 0x000002b9c3b11800 nmethod 5997 0x000002b9ae755990 code [0x000002b9ae755ba0, 0x000002b9ae7561f8]
Event: 5.006 Thread 0x000002b9c3b11800 5998       3       org.jetbrains.kotlin.com.intellij.psi.stubs.StubList$1::get (75 bytes)
Event: 5.006 Thread 0x000002b9c3b11800 nmethod 5998 0x000002b9ae756510 code [0x000002b9ae756800, 0x000002b9ae7576d8]
Event: 5.006 Thread 0x000002b9c3b11800 5977       3       org.jetbrains.kotlin.com.intellij.psi.stubs.StubList::addToJoinedChildren (57 bytes)

GC Heap History (12 events):
Event: 0.506 GC heap before
{Heap before GC invocations=0 (full 0):
 garbage-first heap   total 120832K, used 27648K [0x000000008a400000, 0x0000000100000000)
  region size 1024K, 24 young (24576K), 0 survivors (0K)
 Metaspace       used 12324K, capacity 12405K, committed 12544K, reserved 1060864K
  class space    used 1157K, capacity 1174K, committed 1280K, reserved 1048576K
}
Event: 0.511 GC heap after
{Heap after GC invocations=1 (full 0):
 garbage-first heap   total 120832K, used 5672K [0x000000008a400000, 0x0000000100000000)
  region size 1024K, 3 young (3072K), 3 survivors (3072K)
 Metaspace       used 12324K, capacity 12405K, committed 12544K, reserved 1060864K
  class space    used 1157K, capacity 1174K, committed 1280K, reserved 1048576K
}
Event: 1.086 GC heap before
{Heap before GC invocations=1 (full 0):
 garbage-first heap   total 120832K, used 41512K [0x000000008a400000, 0x0000000100000000)
  region size 1024K, 39 young (39936K), 3 survivors (3072K)
 Metaspace       used 20893K, capacity 21038K, committed 21248K, reserved 1069056K
  class space    used 2219K, capacity 2286K, committed 2304K, reserved 1048576K
}
Event: 1.102 GC heap after
{Heap after GC invocations=2 (full 0):
 garbage-first heap   total 120832K, used 9541K [0x000000008a400000, 0x0000000100000000)
  region size 1024K, 7 young (7168K), 7 survivors (7168K)
 Metaspace       used 20893K, capacity 21038K, committed 21248K, reserved 1069056K
  class space    used 2219K, capacity 2286K, committed 2304K, reserved 1048576K
}
Event: 1.893 GC heap before
{Heap before GC invocations=3 (full 0):
 garbage-first heap   total 120832K, used 69957K [0x000000008a400000, 0x0000000100000000)
  region size 1024K, 54 young (55296K), 7 survivors (7168K)
 Metaspace       used 30428K, capacity 30891K, committed 30976K, reserved 1077248K
  class space    used 3608K, capacity 3793K, committed 3840K, reserved 1048576K
}
Event: 1.923 GC heap after
{Heap after GC invocations=4 (full 0):
 garbage-first heap   total 120832K, used 24048K [0x000000008a400000, 0x0000000100000000)
  region size 1024K, 7 young (7168K), 7 survivors (7168K)
 Metaspace       used 30428K, capacity 30891K, committed 30976K, reserved 1077248K
  class space    used 3608K, capacity 3793K, committed 3840K, reserved 1048576K
}
Event: 2.269 GC heap before
{Heap before GC invocations=4 (full 0):
 garbage-first heap   total 120832K, used 46576K [0x000000008a400000, 0x0000000100000000)
  region size 1024K, 30 young (30720K), 7 survivors (7168K)
 Metaspace       used 35136K, capacity 35535K, committed 35584K, reserved 1081344K
  class space    used 4143K, capacity 4316K, committed 4352K, reserved 1048576K
}
Event: 2.287 GC heap after
{Heap after GC invocations=5 (full 0):
 garbage-first heap   total 120832K, used 24576K [0x000000008a400000, 0x0000000100000000)
  region size 1024K, 3 young (3072K), 3 survivors (3072K)
 Metaspace       used 35136K, capacity 35535K, committed 35584K, reserved 1081344K
  class space    used 4143K, capacity 4316K, committed 4352K, reserved 1048576K
}
Event: 3.256 GC heap before
{Heap before GC invocations=6 (full 0):
 garbage-first heap   total 120832K, used 93184K [0x000000008a400000, 0x0000000100000000)
  region size 1024K, 67 young (68608K), 3 survivors (3072K)
 Metaspace       used 47829K, capacity 48346K, committed 48640K, reserved 1091584K
  class space    used 5643K, capacity 5849K, committed 5888K, reserved 1048576K
}
Event: 3.277 GC heap after
{Heap after GC invocations=7 (full 0):
 garbage-first heap   total 171008K, used 34304K [0x000000008a400000, 0x0000000100000000)
  region size 1024K, 9 young (9216K), 9 survivors (9216K)
 Metaspace       used 47829K, capacity 48346K, committed 48640K, reserved 1091584K
  class space    used 5643K, capacity 5849K, committed 5888K, reserved 1048576K
}
Event: 4.469 GC heap before
{Heap before GC invocations=7 (full 0):
 garbage-first heap   total 171008K, used 116224K [0x000000008a400000, 0x0000000100000000)
  region size 1024K, 89 young (91136K), 9 survivors (9216K)
 Metaspace       used 54312K, capacity 54937K, committed 55168K, reserved 1097728K
  class space    used 6269K, capacity 6525K, committed 6528K, reserved 1048576K
}
Event: 4.489 GC heap after
{Heap after GC invocations=8 (full 0):
 garbage-first heap   total 171008K, used 43609K [0x000000008a400000, 0x0000000100000000)
  region size 1024K, 11 young (11264K), 11 survivors (11264K)
 Metaspace       used 54312K, capacity 54937K, committed 55168K, reserved 1097728K
  class space    used 6269K, capacity 6525K, committed 6528K, reserved 1048576K
}

Deoptimization events (20 events):
Event: 4.961 Thread 0x000002b9a984d800 Uncommon trap: trap_request=0xffffff4d fr.pc=0x000002b9b50a1010 relative=0x0000000000000070
Event: 4.961 Thread 0x000002b9a984d800 Uncommon trap: reason=unstable_if action=reinterpret pc=0x000002b9b50a1010 method=org.jetbrains.kotlin.descriptors.impl.FunctionDescriptorImpl.performOverriddenLazyCalculationIfNeeded()V @ 6 c2
Event: 4.961 Thread 0x000002b9a984d800 DEOPT PACKING pc=0x000002b9b50a1010 sp=0x000000eb654fc5c0
Event: 4.961 Thread 0x000002b9a984d800 DEOPT UNPACKING pc=0x000002b9ad3678af sp=0x000000eb654fc4f8 mode 2
Event: 4.993 Thread 0x000002b9a984d800 Uncommon trap: trap_request=0xffffffc6 fr.pc=0x000002b9b4fe9940 relative=0x0000000000000080
Event: 4.993 Thread 0x000002b9a984d800 Uncommon trap: reason=bimorphic_or_optimized_type_check action=maybe_recompile pc=0x000002b9b4fe9940 method=gnu.trove.TIntObjectHashMap.index(I)I @ 28 c2
Event: 4.993 Thread 0x000002b9a984d800 DEOPT PACKING pc=0x000002b9b4fe9940 sp=0x000000eb654fac50
Event: 4.993 Thread 0x000002b9a984d800 DEOPT UNPACKING pc=0x000002b9ad3678af sp=0x000000eb654fabb8 mode 2
Event: 4.996 Thread 0x000002b9a984d800 Uncommon trap: trap_request=0xffffffc6 fr.pc=0x000002b9b4fe9940 relative=0x0000000000000080
Event: 4.996 Thread 0x000002b9a984d800 Uncommon trap: reason=bimorphic_or_optimized_type_check action=maybe_recompile pc=0x000002b9b4fe9940 method=gnu.trove.TIntObjectHashMap.index(I)I @ 28 c2
Event: 4.996 Thread 0x000002b9a984d800 DEOPT PACKING pc=0x000002b9b4fe9940 sp=0x000000eb654fa000
Event: 4.996 Thread 0x000002b9a984d800 DEOPT UNPACKING pc=0x000002b9ad3678af sp=0x000000eb654f9f68 mode 2
Event: 4.998 Thread 0x000002b9a984d800 Uncommon trap: trap_request=0xffffffc6 fr.pc=0x000002b9b4fe9940 relative=0x0000000000000080
Event: 4.998 Thread 0x000002b9a984d800 Uncommon trap: reason=bimorphic_or_optimized_type_check action=maybe_recompile pc=0x000002b9b4fe9940 method=gnu.trove.TIntObjectHashMap.index(I)I @ 28 c2
Event: 4.998 Thread 0x000002b9a984d800 DEOPT PACKING pc=0x000002b9b4fe9940 sp=0x000000eb654fa540
Event: 4.998 Thread 0x000002b9a984d800 DEOPT UNPACKING pc=0x000002b9ad3678af sp=0x000000eb654fa4a8 mode 2
Event: 5.001 Thread 0x000002b9a984d800 Uncommon trap: trap_request=0xffffffc6 fr.pc=0x000002b9b4fe9940 relative=0x0000000000000080
Event: 5.001 Thread 0x000002b9a984d800 Uncommon trap: reason=bimorphic_or_optimized_type_check action=maybe_recompile pc=0x000002b9b4fe9940 method=gnu.trove.TIntObjectHashMap.index(I)I @ 28 c2
Event: 5.001 Thread 0x000002b9a984d800 DEOPT PACKING pc=0x000002b9b4fe9940 sp=0x000000eb654fb790
Event: 5.001 Thread 0x000002b9a984d800 DEOPT UNPACKING pc=0x000002b9ad3678af sp=0x000000eb654fb6f8 mode 2

Classes redefined (0 events):
No events

Internal exceptions (20 events):
Event: 1.485 Thread 0x000002b9a984d800 Exception <a 'java/lang/NoSuchMethodError'{0x00000000903efea0}: 'void java.lang.invoke.DirectMethodHandle$Holder.invokeVirtual(java.lang.Object, java.lang.Object)'> (0x00000000903efea0) thrown at [./src/hotspot/share/interpreter/linkResolver.cpp, line 773]
Event: 1.495 Thread 0x000002b9a984d800 Exception <a 'java/lang/NoSuchMethodError'{0x0000000090266648}: 'int java.lang.invoke.DirectMethodHandle$Holder.invokeVirtual(java.lang.Object, java.lang.Object)'> (0x0000000090266648) thrown at [./src/hotspot/share/interpreter/linkResolver.cpp, line 773]
Event: 2.105 Thread 0x000002b9a984d800 Exception <a 'java/lang/NoSuchMethodError'{0x0000000090fadae0}: 'java.lang.Object java.lang.invoke.DirectMethodHandle$Holder.invokeVirtual(java.lang.Object, java.lang.Object, java.lang.Object)'> (0x0000000090fadae0) thrown at [./src/hotspot/share/interpreter/linkResolver.cpp, line 773]
Event: 2.681 Thread 0x000002b9a984d800 Exception <a 'java/lang/NoSuchMethodError'{0x000000008fc9cd38}: 'java.lang.Object java.lang.invoke.Invokers$Holder.linkToTargetMethod(java.lang.Object, int, java.lang.Object)'> (0x000000008fc9cd38) thrown at [./src/hotspot/share/interpreter/linkResolver.cpp, line 773]
Event: 2.766 Thread 0x000002b9a984d800 Exception <a 'java/lang/NoSuchMethodError'{0x000000008f9e2578}: 'java.lang.Object java.lang.invoke.DirectMethodHandle$Holder.invokeStatic(java.lang.Object, java.lang.Object, java.lang.Object, int)'> (0x000000008f9e2578) thrown at [./src/hotspot/share/interpreter/linkResolver.cpp, line 773]
Event: 2.766 Thread 0x000002b9a984d800 Exception <a 'java/lang/NoSuchMethodError'{0x000000008f9e61e8}: 'java.lang.Object java.lang.invoke.DirectMethodHandle$Holder.invokeSpecial(java.lang.Object, java.lang.Object, java.lang.Object, java.lang.Object, int)'> (0x000000008f9e61e8) thrown at [./src/hotspot/share/interpreter/linkResolver.cpp, line 773]
Event: 2.766 Thread 0x000002b9a984d800 Exception <a 'java/lang/NoSuchMethodError'{0x000000008f9e94f8}: 'java.lang.Object java.lang.invoke.Invokers$Holder.linkToTargetMethod(java.lang.Object, java.lang.Object, int, java.lang.Object)'> (0x000000008f9e94f8) thrown at [./src/hotspot/share/interpreter/linkResolver.cpp, line 773]
Event: 3.680 Thread 0x000002b9a984d800 Exception <a 'java/lang/NoSuchMethodError'{0x00000000923bbea0}: 'java.lang.Object java.lang.invoke.DirectMethodHandle$Holder.invokeSpecial(java.lang.Object, java.lang.Object, java.lang.Object, java.lang.Object, java.lang.Object, int)'> (0x00000000923bbea0) thrown at [./src/hotspot/share/interpreter/linkResolver.cpp, line 773]
Event: 3.680 Thread 0x000002b9a984d800 Exception <a 'java/lang/NoSuchMethodError'{0x00000000923bfa40}: 'java.lang.Object java.lang.invoke.Invokers$Holder.linkToTargetMethod(java.lang.Object, java.lang.Object, java.lang.Object, int, java.lang.Object)'> (0x00000000923bfa40) thrown at [./src/hotspot/share/interpreter/linkResolver.cpp, line 773]
Event: 3.928 Thread 0x000002b9a984d800 Exception <a 'java/lang/NoSuchMethodError'{0x00000000918d3920}: 'int java.lang.invoke.DirectMethodHandle$Holder.invokeInterface(java.lang.Object, java.lang.Object)'> (0x00000000918d3920) thrown at [./src/hotspot/share/interpreter/linkResolver.cpp, line 773]
Event: 3.992 Thread 0x000002b9a984d800 Exception <a 'java/lang/NoSuchMethodError'{0x000000009147f2f0}: 'java.lang.Object java.lang.invoke.DirectMethodHandle$Holder.invokeStaticInit(java.lang.Object, java.lang.Object, java.lang.Object)'> (0x000000009147f2f0) thrown at [./src/hotspot/share/interpreter/linkResolver.cpp, line 773]
Event: 4.611 Thread 0x000002b9a984d800 Exception <a 'java/lang/NoSuchMethodError'{0x00000000941339f0}: 'java.lang.Object java.lang.invoke.Invokers$Holder.linkToTargetMethod(java.lang.Object, java.lang.Object, java.lang.Object, int, int, java.lang.Object)'> (0x00000000941339f0) thrown at [./src/hotspot/share/interpreter/linkResolver.cpp, line 773]
Event: 4.623 Thread 0x000002b9a984d800 Exception <a 'java/lang/NoSuchMethodError'{0x000000009418b450}: 'java.lang.Object java.lang.invoke.Invokers$Holder.linkToTargetMethod(java.lang.Object, java.lang.Object, java.lang.Object, java.lang.Object, java.lang.Object, java.lang.Object)'> (0x000000009418b450) thrown at [./src/hotspot/share/interpreter/linkResolver.cpp, line 773]
Event: 4.661 Thread 0x000002b9a984d800 Exception <a 'java/lang/NoSuchMethodError'{0x0000000093ffaa80}: 'int java.lang.invoke.DirectMethodHandle$Holder.invokeVirtual(java.lang.Object, java.lang.Object, java.lang.Object)'> (0x0000000093ffaa80) thrown at [./src/hotspot/share/interpreter/linkResolver.cpp, line 773]
Event: 4.719 Thread 0x000002b9a984d800 Exception <a 'java/lang/NoSuchMethodError'{0x0000000093de1540}: 'int java.lang.invoke.DirectMethodHandle$Holder.invokeStaticInit(java.lang.Object, int)'> (0x0000000093de1540) thrown at [./src/hotspot/share/interpreter/linkResolver.cpp, line 773]
Event: 4.775 Thread 0x000002b9a984d800 Exception <a 'java/lang/IncompatibleClassChangeError'{0x0000000093b83ae0}: Found class java.lang.Object, but interface was expected> (0x0000000093b83ae0) thrown at [./src/hotspot/share/interpreter/linkResolver.cpp, line 839]
Event: 4.781 Thread 0x000002b9a984d800 Implicit null exception at 0x000002b9b4f35acc to 0x000002b9b4f35ba8
Event: 4.879 Thread 0x000002b9a984d800 Implicit null exception at 0x000002b9b4e6efde to 0x000002b9b4e6f74a
Event: 4.879 Thread 0x000002b9a984d800 Implicit null exception at 0x000002b9b4e527af to 0x000002b9b4e5281d
Event: 4.930 Thread 0x000002b9a984d800 Exception <a 'java/lang/NoSuchMethodError'{0x00000000934ad5a0}: 'java.lang.Object java.lang.invoke.DirectMethodHandle$Holder.invokeStatic(java.lang.Object, int, java.lang.Object, java.lang.Object)'> (0x00000000934ad5a0) thrown at [./src/hotspot/share/interpreter/linkResolver.cpp, line 773]

Events (20 events):
Event: 4.947 loading class org/jetbrains/kotlin/resolve/constants/evaluate/ConstantExpressionEvaluatorKt$WhenMappings
Event: 4.947 loading class org/jetbrains/kotlin/resolve/constants/evaluate/ConstantExpressionEvaluatorKt$WhenMappings done
Event: 4.952 loading class org/jetbrains/kotlin/serialization/deserialization/descriptors/DeserializedPropertyDescriptor
Event: 4.952 loading class org/jetbrains/kotlin/serialization/deserialization/descriptors/DeserializedPropertyDescriptor done
Event: 4.986 Executing VM operation: ICBufferFull
Event: 4.986 Executing VM operation: ICBufferFull done
Event: 4.989 loading class org/jetbrains/kotlin/com/intellij/util/keyFMap/MapBackedFMap
Event: 4.989 loading class org/jetbrains/kotlin/com/intellij/util/keyFMap/MapBackedFMap done
Event: 4.990 loading class org/jetbrains/kotlin/com/intellij/psi/impl/source/PsiFieldImpl$OurConstValueComputer
Event: 4.990 loading class org/jetbrains/kotlin/com/intellij/psi/impl/source/PsiFieldImpl$OurConstValueComputer done
Event: 5.002 loading class org/jetbrains/kotlin/resolve/jvm/RuntimeAssertionsKt
Event: 5.002 loading class org/jetbrains/kotlin/resolve/jvm/RuntimeAssertionsKt done
Event: 5.003 loading class org/jetbrains/kotlin/resolve/jvm/JvmBindingContextSlices
Event: 5.003 loading class org/jetbrains/kotlin/resolve/jvm/JvmBindingContextSlices done
Event: 5.005 loading class org/jetbrains/kotlin/resolve/calls/smartcasts/Nullability$1
Event: 5.005 loading class org/jetbrains/kotlin/resolve/calls/smartcasts/Nullability$1 done
Event: 5.005 loading class org/jetbrains/kotlin/resolve/calls/smartcasts/IdentifierInfo$SafeCast
Event: 5.005 loading class org/jetbrains/kotlin/resolve/calls/smartcasts/IdentifierInfo$SafeCast done
Event: 5.006 loading class javaslang/ValueModule
Event: 5.006 loading class javaslang/ValueModule done


Dynamic libraries:
0x00007ff6577a0000 - 0x00007ff6577aa000 	C:\Program Files\Android\Android Studio\jre\bin\java.exe
0x00007ffcf46a0000 - 0x00007ffcf48a7000 	C:\WINDOWS\SYSTEM32\ntdll.dll
0x00007ffcf30b0000 - 0x00007ffcf316d000 	C:\WINDOWS\System32\KERNEL32.DLL
0x00007ffcf2150000 - 0x00007ffcf24c2000 	C:\WINDOWS\System32\KERNELBASE.dll
0x00007ffcf1d00000 - 0x00007ffcf1e11000 	C:\WINDOWS\System32\ucrtbase.dll
0x00007ffceaee0000 - 0x00007ffceaef9000 	C:\Program Files\Android\Android Studio\jre\bin\jli.dll
0x00007ffceaf00000 - 0x00007ffceaf17000 	C:\Program Files\Android\Android Studio\jre\bin\VCRUNTIME140.dll
0x00007ffcf3520000 - 0x00007ffcf36cc000 	C:\WINDOWS\System32\USER32.dll
0x00007ffcf2540000 - 0x00007ffcf2566000 	C:\WINDOWS\System32\win32u.dll
0x00007ffcdd4a0000 - 0x00007ffcdd745000 	C:\WINDOWS\WinSxS\amd64_microsoft.windows.common-controls_6595b64144ccf1df_6.0.21996.1_none_7d6b053978bcd706\COMCTL32.dll
0x00007ffcf3280000 - 0x00007ffcf32a9000 	C:\WINDOWS\System32\GDI32.dll
0x00007ffcf3be0000 - 0x00007ffcf3c83000 	C:\WINDOWS\System32\msvcrt.dll
0x00007ffcf1e20000 - 0x00007ffcf1f32000 	C:\WINDOWS\System32\gdi32full.dll
0x00007ffcf1f40000 - 0x00007ffcf1fdd000 	C:\WINDOWS\System32\msvcp_win.dll
0x00007ffcf32b0000 - 0x00007ffcf32e1000 	C:\WINDOWS\System32\IMM32.DLL
0x00007ffccff90000 - 0x00007ffcd002d000 	C:\Program Files\Android\Android Studio\jre\bin\msvcp140.dll
0x00007ffcc4b00000 - 0x00007ffcc55cf000 	C:\Program Files\Android\Android Studio\jre\bin\server\jvm.dll
0x00007ffcf4510000 - 0x00007ffcf45bc000 	C:\WINDOWS\System32\ADVAPI32.dll
0x00007ffcf45c0000 - 0x00007ffcf465d000 	C:\WINDOWS\System32\sechost.dll
0x00007ffcf32f0000 - 0x00007ffcf3411000 	C:\WINDOWS\System32\RPCRT4.dll
0x00007ffcf3420000 - 0x00007ffcf3428000 	C:\WINDOWS\System32\PSAPI.DLL
0x00007ffceae70000 - 0x00007ffceaea3000 	C:\WINDOWS\SYSTEM32\WINMM.dll
0x00007ffced0a0000 - 0x00007ffced0a9000 	C:\WINDOWS\SYSTEM32\WSOCK32.dll
0x00007ffcf3d20000 - 0x00007ffcf3d8f000 	C:\WINDOWS\System32\WS2_32.dll
0x00007ffce7c70000 - 0x00007ffce7c7a000 	C:\WINDOWS\SYSTEM32\VERSION.dll
0x00007ffcf0cf0000 - 0x00007ffcf0d07000 	C:\WINDOWS\SYSTEM32\kernel.appcore.dll
0x00007ffcdf6a0000 - 0x00007ffcdf6b1000 	C:\Program Files\Android\Android Studio\jre\bin\verify.dll
0x00007ffce8ac0000 - 0x00007ffce8ce1000 	C:\WINDOWS\SYSTEM32\DBGHELP.DLL
0x00007ffce0b60000 - 0x00007ffce0b91000 	C:\WINDOWS\SYSTEM32\dbgcore.DLL
0x00007ffcf1c80000 - 0x00007ffcf1d00000 	C:\WINDOWS\System32\bcryptPrimitives.dll
0x00007ffcdf670000 - 0x00007ffcdf699000 	C:\Program Files\Android\Android Studio\jre\bin\java.dll
0x00007ffceaed0000 - 0x00007ffceaedb000 	C:\Program Files\Android\Android Studio\jre\bin\jimage.dll
0x00007ffcdf650000 - 0x00007ffcdf668000 	C:\Program Files\Android\Android Studio\jre\bin\zip.dll
0x00007ffcf3d90000 - 0x00007ffcf44f9000 	C:\WINDOWS\System32\SHELL32.dll
0x00007ffcefd80000 - 0x00007ffcf05d8000 	C:\WINDOWS\SYSTEM32\windows.storage.dll
0x00007ffcf37f0000 - 0x00007ffcf3b65000 	C:\WINDOWS\System32\combase.dll
0x00007ffcefc10000 - 0x00007ffcefd76000 	C:\WINDOWS\SYSTEM32\wintypes.dll
0x00007ffcf3170000 - 0x00007ffcf325a000 	C:\WINDOWS\System32\SHCORE.dll
0x00007ffcf28d0000 - 0x00007ffcf292d000 	C:\WINDOWS\System32\shlwapi.dll
0x00007ffcf1af0000 - 0x00007ffcf1b11000 	C:\WINDOWS\SYSTEM32\profapi.dll
0x00007ffcdf630000 - 0x00007ffcdf64a000 	C:\Program Files\Android\Android Studio\jre\bin\net.dll
0x00007ffcec3c0000 - 0x00007ffcec4cc000 	C:\WINDOWS\SYSTEM32\WINHTTP.dll
0x00007ffcf1100000 - 0x00007ffcf1167000 	C:\WINDOWS\system32\mswsock.dll
0x00007ffcde970000 - 0x00007ffcde984000 	C:\Program Files\Android\Android Studio\jre\bin\nio.dll

dbghelp: loaded successfully - version: 4.0.5 - missing functions: none
symbol engine: initialized successfully - sym options: 0x614 - pdb path: .;C:\Program Files\Android\Android Studio\jre\bin;C:\WINDOWS\SYSTEM32;C:\WINDOWS\WinSxS\amd64_microsoft.windows.common-controls_6595b64144ccf1df_6.0.21996.1_none_7d6b053978bcd706;C:\Program Files\Android\Android Studio\jre\bin\server

VM Arguments:
java_command: org.jetbrains.kotlin.cli.jvm.K2JVMCompiler @D:\DOKUMEN\FilmAPI\app\build\20220204_4132673708091096399.compiler.options
java_class_path (initial): C:\Users\suare\.gradle\caches\modules-2\files-2.1\org.jetbrains.kotlin\kotlin-compiler-embeddable\1.5.20\1900e8b9aca0a9caffd45b99b36e3720a0a284f8\kotlin-compiler-embeddable-1.5.20.jar;C:\Users\suare\.gradle\caches\modules-2\files-2.1\org.jetbrains.kotlin\kotlin-reflect\1.5.20\63810951f09a27f7827977f1bc21094042a915e\kotlin-reflect-1.5.20.jar;C:\Users\suare\.gradle\caches\modules-2\files-2.1\org.jetbrains.kotlin\kotlin-stdlib\1.5.20\9de35cc611bcecec8edce1d56d8e659953806751\kotlin-stdlib-1.5.20.jar;C:\Users\suare\.gradle\caches\modules-2\files-2.1\org.jetbrains.kotlin\kotlin-script-runtime\1.5.20\4381bb58d37b84d4d1afe55ec35542dd9b77e101\kotlin-script-runtime-1.5.20.jar;C:\Users\suare\.gradle\caches\modules-2\files-2.1\org.jetbrains.kotlin\kotlin-daemon-embeddable\1.5.20\36c38cda019834dcd2959cc33a12768adcd94256\kotlin-daemon-embeddable-1.5.20.jar;C:\Users\suare\.gradle\caches\modules-2\files-2.1\org.jetbrains.intellij.deps\trove4j\1.0.20181211\216c2e14b070f334479d800987affe4054cd563f\trove4j-1.0.20181211.jar;C:\Users\suare\.gradle\caches\modules-2\files-2.1\org.jetbrains\annotations\13.0\919f0dfe192fb4e063e7dacadee7f8bb9a2672a9\annotations-13.0.jar;C:\Users\suare\.gradle\caches\modules-2\files-2.1\org.jetbrains.kotlin\kotlin-stdlib-common\1.5.20\3d79dbd48bf605f4aac1e7028981a1953e245cbb\kotlin-stdlib-common-1.5.20.jar
Launcher Type: SUN_STANDARD

[Global flags]
     intx CICompilerCount                          = 4                                         {product} {ergonomic}
     uint ConcGCThreads                            = 3                                         {product} {ergonomic}
     uint G1ConcRefinementThreads                  = 10                                        {product} {ergonomic}
   size_t G1HeapRegionSize                         = 1048576                                   {product} {ergonomic}
    uintx GCDrainStackTargetSize                   = 64                                        {product} {ergonomic}
   size_t InitialHeapSize                          = 123731968                                 {product} {ergonomic}
   size_t MarkStackSize                            = 4194304                                   {product} {ergonomic}
   size_t MaxHeapSize                              = 1975517184                                {product} {ergonomic}
   size_t MaxNewSize                               = 1184890880                                {product} {ergonomic}
   size_t MinHeapDeltaBytes                        = 1048576                                   {product} {ergonomic}
    uintx NonNMethodCodeHeapSize                   = 5836300                                {pd product} {ergonomic}
    uintx NonProfiledCodeHeapSize                  = 122910970                              {pd product} {ergonomic}
    uintx ProfiledCodeHeapSize                     = 122910970                              {pd product} {ergonomic}
    uintx ReservedCodeCacheSize                    = 251658240                              {pd product} {ergonomic}
     bool SegmentedCodeCache                       = true                                      {product} {ergonomic}
     bool UseCompressedClassPointers               = true                                 {lp64_product} {ergonomic}
     bool UseCompressedOops                        = true                                 {lp64_product} {ergonomic}
     bool UseG1GC                                  = true                                      {product} {ergonomic}
     bool UseLargePagesIndividualAllocation        = false                                  {pd product} {ergonomic}

Logging:
Log output configuration:
 #0: stdout all=warning uptime,level,tags
 #1: stderr all=off uptime,level,tags

Environment Variables:
PATH=C:\WINDOWS\system32;C:\WINDOWS;C:\WINDOWS\System32\Wbem;C:\WINDOWS\System32\WindowsPowerShell\v1.0\;C:\WINDOWS\System32\OpenSSH\;C:\Program Files\Git\cmd;C:\Users\suare\AppData\Local\Microsoft\WindowsApps;
USERNAME=Itok
OS=Windows_NT
PROCESSOR_IDENTIFIER=AMD64 Family 23 Model 104 Stepping 1, AuthenticAMD



---------------  S Y S T E M  ---------------

OS: Windows 10 , 64 bit Build 21996 (10.0.21996.1)
OS uptime: 1 days 0:25 hours

CPU:total 12 (initial active 12) (12 cores per cpu, 2 threads per core) family 23 model 104 stepping 1 microcode 0x0, cmov, cx8, fxsr, mmx, sse, sse2, sse3, ssse3, sse4.1, sse4.2, popcnt, avx, avx2, aes, clmul, mmxext, 3dnowpref, lzcnt, sse4a, ht, tsc, tscinvbit, tscinv, bmi1, bmi2, adx,

Memory: 4k page, system-wide physical 7530M (512M free)
TotalPageFile size 7530M (AvailPageFile size 5M)
current process WorkingSet (physical memory assigned to process): 364M, peak: 364M
current process commit charge ("private bytes"): 415M, peak: 416M

vm_info: OpenJDK 64-Bit Server VM (11.0.10+0-b96-7249189) for windows-amd64 JRE (11.0.10+0-b96-7249189), built on Mar 31 2021 21:44:00 by "builder" with MS VC++ 14.0 (VS2015)

END.
