#
# There is insufficient memory for the Java Runtime Environment to continue.
# Native memory allocation (malloc) failed to allocate 733536 bytes for Chunk::new
# Possible reasons:
#   The system is out of physical RAM or swap space
#   The process is running with CompressedOops enabled, and the Java Heap may be blocking the growth of the native heap
# Possible solutions:
#   Reduce memory load on the system
#   Increase physical memory or swap space
#   Check if swap backing store is full
#   Decrease Java heap size (-Xmx/-Xms)
#   Decrease number of Java threads
#   Decrease Java thread stack sizes (-Xss)
#   Set larger code cache with -XX:ReservedCodeCacheSize=
#   JVM is running with Unscaled Compressed Oops mode in which the Java heap is
#     placed in the first 4GB address space. The Java Heap base address is the
#     maximum limit for the native heap growth. Please use -XX:HeapBaseMinAddress
#     to set the Java Heap base and to place the Java Heap above 4GB virtual address.
# This output file may be truncated or incomplete.
#
#  Out of Memory Error (./src/hotspot/share/memory/arena.cpp:197), pid=1384, tid=9352
#
# JRE version: OpenJDK Runtime Environment (11.0.10) (build 11.0.10+0-b96-7249189)
# Java VM: OpenJDK 64-Bit Server VM (11.0.10+0-b96-7249189, mixed mode, tiered, compressed oops, g1 gc, windows-amd64)
# No core dump will be written. Minidumps are not enabled by default on client versions of Windows
#

---------------  S U M M A R Y ------------

Command Line: org.jetbrains.kotlin.cli.jvm.K2JVMCompiler @D:\DOKUMEN\FilmAPI\app\build\20220204_11496432251221484024.compiler.options

Host: AMD Ryzen 5 5500U with Radeon Graphics         , 12 cores, 7G,  Windows 10 , 64 bit Build 21996 (10.0.21996.1)
Time: Fri Feb  4 15:51:39 2022 SE Asia Standard Time elapsed time: 2.951421 seconds (0d 0h 0m 2s)

---------------  T H R E A D  ---------------

Current thread (0x000001e7531f8000):  JavaThread "C2 CompilerThread2" daemon [_thread_in_native, id=9352, stack(0x000000debcb00000,0x000000debcc00000)]


Current CompileTask:
C2:   2951 3172       4       jdk.internal.loader.ClassLoaders$AppClassLoader::loadClass (40 bytes)

Stack: [0x000000debcb00000,0x000000debcc00000]
Native frames: (J=compiled Java code, j=interpreted, Vv=VM code, C=native code)
V  [jvm.dll+0x5ecfaa]
V  [jvm.dll+0x722bd5]
V  [jvm.dll+0x72412d]
V  [jvm.dll+0x7247e3]
V  [jvm.dll+0x242928]
V  [jvm.dll+0xbc4fc]
V  [jvm.dll+0xbca0c]
V  [jvm.dll+0x2b4fd4]
V  [jvm.dll+0x506028]
V  [jvm.dll+0x1fccf6]
V  [jvm.dll+0x1fa77f]
V  [jvm.dll+0x18354c]
V  [jvm.dll+0x208ee7]
V  [jvm.dll+0x207731]
V  [jvm.dll+0x6eb1cf]
V  [jvm.dll+0x6e3d45]
V  [jvm.dll+0x5ebe96]
C  [ucrtbase.dll+0x26c0c]
C  [KERNEL32.DLL+0x154e0]
C  [ntdll.dll+0x485b]


---------------  P R O C E S S  ---------------

Threads class SMR info:
_java_thread_list=0x000001e7531f0e30, length=12, elements={
0x000001e73843c800, 0x000001e7526e1800, 0x000001e7526e2000, 0x000001e7526fc800,
0x000001e7526fe800, 0x000001e7526ff800, 0x000001e752703000, 0x000001e752704000,
0x000001e752706800, 0x000001e7531f0000, 0x000001e7531f3800, 0x000001e7531f8000
}

Java Threads: ( => current thread )
  0x000001e73843c800 JavaThread "main" [_thread_in_vm, id=3504, stack(0x000000debb900000,0x000000debba00000)]
  0x000001e7526e1800 JavaThread "Reference Handler" daemon [_thread_blocked, id=10608, stack(0x000000debc000000,0x000000debc100000)]
  0x000001e7526e2000 JavaThread "Finalizer" daemon [_thread_blocked, id=6628, stack(0x000000debc100000,0x000000debc200000)]
  0x000001e7526fc800 JavaThread "Signal Dispatcher" daemon [_thread_blocked, id=6504, stack(0x000000debc200000,0x000000debc300000)]
  0x000001e7526fe800 JavaThread "Attach Listener" daemon [_thread_blocked, id=10200, stack(0x000000debc300000,0x000000debc400000)]
  0x000001e7526ff800 JavaThread "Service Thread" daemon [_thread_blocked, id=8636, stack(0x000000debc400000,0x000000debc500000)]
  0x000001e752703000 JavaThread "C2 CompilerThread0" daemon [_thread_in_native, id=5048, stack(0x000000debc500000,0x000000debc600000)]
  0x000001e752704000 JavaThread "C1 CompilerThread0" daemon [_thread_in_vm, id=2092, stack(0x000000debc600000,0x000000debc700000)]
  0x000001e752706800 JavaThread "Sweeper thread" daemon [_thread_blocked, id=10684, stack(0x000000debc700000,0x000000debc800000)]
  0x000001e7531f0000 JavaThread "Common-Cleaner" daemon [_thread_blocked, id=5256, stack(0x000000debc900000,0x000000debca00000)]
  0x000001e7531f3800 JavaThread "C2 CompilerThread1" daemon [_thread_in_native, id=5952, stack(0x000000debca00000,0x000000debcb00000)]
=>0x000001e7531f8000 JavaThread "C2 CompilerThread2" daemon [_thread_in_native, id=9352, stack(0x000000debcb00000,0x000000debcc00000)]

Other Threads:
  0x000001e7526bd000 VMThread "VM Thread" [stack: 0x000000debbf00000,0x000000debc000000] [id=7628]
  0x000001e7531ef800 WatcherThread [stack: 0x000000debc800000,0x000000debc900000] [id=7464]
  0x000001e738453800 GCTaskThread "GC Thread#0" [stack: 0x000000debba00000,0x000000debbb00000] [id=11804]
  0x000001e75380c000 GCTaskThread "GC Thread#1" [stack: 0x000000debcc00000,0x000000debcd00000] [id=320]
  0x000001e738482800 ConcurrentGCThread "G1 Main Marker" [stack: 0x000000debbb00000,0x000000debbc00000] [id=3596]
  0x000001e738485800 ConcurrentGCThread "G1 Conc#0" [stack: 0x000000debbc00000,0x000000debbd00000] [id=328]
  0x000001e753a6b800 ConcurrentGCThread "G1 Conc#1" [stack: 0x000000debcd00000,0x000000debce00000] [id=3224]
  0x000001e753b3b800 ConcurrentGCThread "G1 Conc#2" [stack: 0x000000debce00000,0x000000debcf00000] [id=8460]
  0x000001e752521800 ConcurrentGCThread "G1 Refine#0" [stack: 0x000000debbd00000,0x000000debbe00000] [id=11016]
  0x000001e752522000 ConcurrentGCThread "G1 Young RemSet Sampling" [stack: 0x000000debbe00000,0x000000debbf00000] [id=10064]

Threads with active compile tasks:
C2 CompilerThread0   2963 3078       4       java.lang.ClassLoader::loadClass (7 bytes)
C1 CompilerThread0   2963 3295   !   3       org.jetbrains.kotlin.storage.LockBasedStorageManager$LockBasedLazyValue::invoke (257 bytes)
C2 CompilerThread1   2963 3235       4       org.jetbrains.kotlin.com.intellij.openapi.util.text.StringUtilRt::equal (120 bytes)
C2 CompilerThread2   2963 3172       4       jdk.internal.loader.ClassLoaders$AppClassLoader::loadClass (40 bytes)

VM state:at safepoint (normal execution)

VM Mutex/Monitor currently owned by a thread:  ([mutex/lock_event])
[0x000001e738438330] Threads_lock - owner thread: 0x000001e7526bd000
[0x000001e738438b10] Heap_lock - owner thread: 0x000001e73843c800

Heap address: 0x000000008a400000, size: 1884 MB, Compressed Oops mode: 32-bit
Narrow klass base: 0x0000000000000000, Narrow klass shift: 3
Compressed class space size: 1073741824 Address: 0x0000000100000000

Heap:
 garbage-first heap   total 120832K, used 71418K [0x000000008a400000, 0x0000000100000000)
  region size 1024K, 45 young (46080K), 1 survivors (1024K)
 Metaspace       used 45008K, capacity 45470K, committed 45824K, reserved 1089536K
  class space    used 5332K, capacity 5512K, committed 5632K, reserved 1048576K
Heap Regions: E=young(eden), S=young(survivor), O=old, HS=humongous(starts), HC=humongous(continues), CS=collection set, F=free, A=archive, TAMS=top-at-mark-start (previous, next)
|   0|0x000000008a400000, 0x000000008a500000, 0x000000008a500000|100%|HS|  |TAMS 0x000000008a500000, 0x000000008a400000| Complete 
|   1|0x000000008a500000, 0x000000008a600000, 0x000000008a600000|100%|HC|  |TAMS 0x000000008a600000, 0x000000008a500000| Complete 
|   2|0x000000008a600000, 0x000000008a700000, 0x000000008a700000|100%|HC|  |TAMS 0x000000008a700000, 0x000000008a600000| Complete 
|   3|0x000000008a700000, 0x000000008a800000, 0x000000008a800000|100%|HS|  |TAMS 0x000000008a800000, 0x000000008a700000| Complete 
|   4|0x000000008a800000, 0x000000008a900000, 0x000000008a900000|100%|HC|  |TAMS 0x000000008a900000, 0x000000008a800000| Complete 
|   5|0x000000008a900000, 0x000000008aa00000, 0x000000008aa00000|100%|HC|  |TAMS 0x000000008aa00000, 0x000000008a900000| Complete 
|   6|0x000000008aa00000, 0x000000008ab00000, 0x000000008ab00000|100%|HS|  |TAMS 0x000000008ab00000, 0x000000008aa00000| Complete 
|   7|0x000000008ab00000, 0x000000008ac00000, 0x000000008ac00000|100%|HC|  |TAMS 0x000000008ac00000, 0x000000008ab00000| Complete 
|   8|0x000000008ac00000, 0x000000008ad00000, 0x000000008ad00000|100%|HC|  |TAMS 0x000000008ad00000, 0x000000008ac00000| Complete 
|   9|0x000000008ad00000, 0x000000008ae00000, 0x000000008ae00000|100%| O|  |TAMS 0x000000008ae00000, 0x000000008ad00000| Untracked 
|  10|0x000000008ae00000, 0x000000008af00000, 0x000000008af00000|100%| O|  |TAMS 0x000000008af00000, 0x000000008ae00000| Untracked 
|  11|0x000000008af00000, 0x000000008b000000, 0x000000008b000000|100%| O|  |TAMS 0x000000008b000000, 0x000000008af00000| Untracked 
|  12|0x000000008b000000, 0x000000008b100000, 0x000000008b100000|100%| O|  |TAMS 0x000000008b100000, 0x000000008b000000| Untracked 
|  13|0x000000008b100000, 0x000000008b200000, 0x000000008b200000|100%|HS|  |TAMS 0x000000008b100000, 0x000000008b100000| Complete 
|  14|0x000000008b200000, 0x000000008b300000, 0x000000008b300000|100%|HC|  |TAMS 0x000000008b200000, 0x000000008b200000| Complete 
|  15|0x000000008b300000, 0x000000008b400000, 0x000000008b400000|100%| O|  |TAMS 0x000000008b400000, 0x000000008b300000| Untracked 
|  16|0x000000008b400000, 0x000000008b500000, 0x000000008b500000|100%| O|  |TAMS 0x000000008b500000, 0x000000008b400000| Untracked 
|  17|0x000000008b500000, 0x000000008b600000, 0x000000008b600000|100%| O|  |TAMS 0x000000008b600000, 0x000000008b500000| Untracked 
|  18|0x000000008b600000, 0x000000008b700000, 0x000000008b700000|100%| O|  |TAMS 0x000000008b700000, 0x000000008b600000| Untracked 
|  19|0x000000008b700000, 0x000000008b800000, 0x000000008b800000|100%| O|  |TAMS 0x000000008b800000, 0x000000008b700000| Untracked 
|  20|0x000000008b800000, 0x000000008b900000, 0x000000008b900000|100%| O|  |TAMS 0x000000008b900000, 0x000000008b800000| Untracked 
|  21|0x000000008b900000, 0x000000008ba00000, 0x000000008ba00000|100%| O|  |TAMS 0x000000008ba00000, 0x000000008b900000| Untracked 
|  22|0x000000008ba00000, 0x000000008babea00, 0x000000008bb00000| 74%| O|  |TAMS 0x000000008babea00, 0x000000008ba00000| Untracked 
|  23|0x000000008bb00000, 0x000000008bb00000, 0x000000008bc00000|  0%| F|  |TAMS 0x000000008bb00000, 0x000000008bb00000| Untracked 
|  24|0x000000008bc00000, 0x000000008bc00000, 0x000000008bd00000|  0%| F|  |TAMS 0x000000008bc00000, 0x000000008bc00000| Untracked 
|  25|0x000000008bd00000, 0x000000008bd00000, 0x000000008be00000|  0%| F|  |TAMS 0x000000008bd00000, 0x000000008bd00000| Untracked 
|  26|0x000000008be00000, 0x000000008be00000, 0x000000008bf00000|  0%| F|  |TAMS 0x000000008be00000, 0x000000008be00000| Untracked 
|  27|0x000000008bf00000, 0x000000008bf00000, 0x000000008c000000|  0%| F|  |TAMS 0x000000008bf00000, 0x000000008bf00000| Untracked 
|  28|0x000000008c000000, 0x000000008c000000, 0x000000008c100000|  0%| F|  |TAMS 0x000000008c000000, 0x000000008c000000| Untracked 
|  29|0x000000008c100000, 0x000000008c100000, 0x000000008c200000|  0%| F|  |TAMS 0x000000008c100000, 0x000000008c100000| Untracked 
|  30|0x000000008c200000, 0x000000008c200000, 0x000000008c300000|  0%| F|  |TAMS 0x000000008c200000, 0x000000008c200000| Untracked 
|  31|0x000000008c300000, 0x000000008c300000, 0x000000008c400000|  0%| F|  |TAMS 0x000000008c300000, 0x000000008c300000| Untracked 
|  32|0x000000008c400000, 0x000000008c400000, 0x000000008c500000|  0%| F|  |TAMS 0x000000008c400000, 0x000000008c400000| Untracked 
|  33|0x000000008c500000, 0x000000008c500000, 0x000000008c600000|  0%| F|  |TAMS 0x000000008c500000, 0x000000008c500000| Untracked 
|  34|0x000000008c600000, 0x000000008c600000, 0x000000008c700000|  0%| F|  |TAMS 0x000000008c600000, 0x000000008c600000| Untracked 
|  35|0x000000008c700000, 0x000000008c700000, 0x000000008c800000|  0%| F|  |TAMS 0x000000008c700000, 0x000000008c700000| Untracked 
|  36|0x000000008c800000, 0x000000008c800000, 0x000000008c900000|  0%| F|  |TAMS 0x000000008c800000, 0x000000008c800000| Untracked 
|  37|0x000000008c900000, 0x000000008c900000, 0x000000008ca00000|  0%| F|  |TAMS 0x000000008c900000, 0x000000008c900000| Untracked 
|  38|0x000000008ca00000, 0x000000008ca00000, 0x000000008cb00000|  0%| F|  |TAMS 0x000000008ca00000, 0x000000008ca00000| Untracked 
|  39|0x000000008cb00000, 0x000000008cb00000, 0x000000008cc00000|  0%| F|  |TAMS 0x000000008cb00000, 0x000000008cb00000| Untracked 
|  40|0x000000008cc00000, 0x000000008cc00000, 0x000000008cd00000|  0%| F|  |TAMS 0x000000008cc00000, 0x000000008cc00000| Untracked 
|  41|0x000000008cd00000, 0x000000008cd00000, 0x000000008ce00000|  0%| F|  |TAMS 0x000000008cd00000, 0x000000008cd00000| Untracked 
|  42|0x000000008ce00000, 0x000000008ce00000, 0x000000008cf00000|  0%| F|  |TAMS 0x000000008ce00000, 0x000000008ce00000| Untracked 
|  43|0x000000008cf00000, 0x000000008cf00000, 0x000000008d000000|  0%| F|  |TAMS 0x000000008cf00000, 0x000000008cf00000| Untracked 
|  44|0x000000008d000000, 0x000000008d000000, 0x000000008d100000|  0%| F|  |TAMS 0x000000008d000000, 0x000000008d000000| Untracked 
|  45|0x000000008d100000, 0x000000008d100000, 0x000000008d200000|  0%| F|  |TAMS 0x000000008d100000, 0x000000008d100000| Untracked 
|  46|0x000000008d200000, 0x000000008d200000, 0x000000008d300000|  0%| F|  |TAMS 0x000000008d200000, 0x000000008d200000| Untracked 
|  47|0x000000008d300000, 0x000000008d300000, 0x000000008d400000|  0%| F|  |TAMS 0x000000008d300000, 0x000000008d300000| Untracked 
|  48|0x000000008d400000, 0x000000008d400000, 0x000000008d500000|  0%| F|  |TAMS 0x000000008d400000, 0x000000008d400000| Untracked 
|  49|0x000000008d500000, 0x000000008d500000, 0x000000008d600000|  0%| F|  |TAMS 0x000000008d500000, 0x000000008d500000| Untracked 
|  50|0x000000008d600000, 0x000000008d600000, 0x000000008d700000|  0%| F|  |TAMS 0x000000008d600000, 0x000000008d600000| Untracked 
|  51|0x000000008d700000, 0x000000008d700000, 0x000000008d800000|  0%| F|  |TAMS 0x000000008d700000, 0x000000008d700000| Untracked 
|  52|0x000000008d800000, 0x000000008d800000, 0x000000008d900000|  0%| F|  |TAMS 0x000000008d800000, 0x000000008d800000| Untracked 
|  53|0x000000008d900000, 0x000000008d900000, 0x000000008da00000|  0%| F|  |TAMS 0x000000008d900000, 0x000000008d900000| Untracked 
|  54|0x000000008da00000, 0x000000008da00000, 0x000000008db00000|  0%| F|  |TAMS 0x000000008da00000, 0x000000008da00000| Untracked 
|  55|0x000000008db00000, 0x000000008db00000, 0x000000008dc00000|  0%| F|  |TAMS 0x000000008db00000, 0x000000008db00000| Untracked 
|  56|0x000000008dc00000, 0x000000008dc00000, 0x000000008dd00000|  0%| F|  |TAMS 0x000000008dc00000, 0x000000008dc00000| Untracked 
|  57|0x000000008dd00000, 0x000000008dd00000, 0x000000008de00000|  0%| F|  |TAMS 0x000000008dd00000, 0x000000008dd00000| Untracked 
|  58|0x000000008de00000, 0x000000008de00000, 0x000000008df00000|  0%| F|  |TAMS 0x000000008de00000, 0x000000008de00000| Untracked 
|  59|0x000000008df00000, 0x000000008df00000, 0x000000008e000000|  0%| F|  |TAMS 0x000000008df00000, 0x000000008df00000| Untracked 
|  60|0x000000008e000000, 0x000000008e000000, 0x000000008e100000|  0%| F|  |TAMS 0x000000008e000000, 0x000000008e000000| Untracked 
|  61|0x000000008e100000, 0x000000008e100000, 0x000000008e200000|  0%| F|  |TAMS 0x000000008e100000, 0x000000008e100000| Untracked 
|  62|0x000000008e200000, 0x000000008e200000, 0x000000008e300000|  0%| F|  |TAMS 0x000000008e200000, 0x000000008e200000| Untracked 
|  63|0x000000008e300000, 0x000000008e300000, 0x000000008e400000|  0%| F|  |TAMS 0x000000008e300000, 0x000000008e300000| Untracked 
|  64|0x000000008e400000, 0x000000008e400000, 0x000000008e500000|  0%| F|  |TAMS 0x000000008e400000, 0x000000008e400000| Untracked 
|  65|0x000000008e500000, 0x000000008e500000, 0x000000008e600000|  0%| F|  |TAMS 0x000000008e500000, 0x000000008e500000| Untracked 
|  66|0x000000008e600000, 0x000000008e600000, 0x000000008e700000|  0%| F|  |TAMS 0x000000008e600000, 0x000000008e600000| Untracked 
|  67|0x000000008e700000, 0x000000008e700000, 0x000000008e800000|  0%| F|  |TAMS 0x000000008e700000, 0x000000008e700000| Untracked 
|  68|0x000000008e800000, 0x000000008e800000, 0x000000008e900000|  0%| F|  |TAMS 0x000000008e800000, 0x000000008e800000| Untracked 
|  69|0x000000008e900000, 0x000000008e999d00, 0x000000008ea00000| 60%| S|  |TAMS 0x000000008e900000, 0x000000008e900000| Complete 
|  70|0x000000008ea00000, 0x000000008eb00000, 0x000000008eb00000|100%| S|  |TAMS 0x000000008ea00000, 0x000000008ea00000| Complete 
|  71|0x000000008eb00000, 0x000000008ec00000, 0x000000008ec00000|100%| E|CS|TAMS 0x000000008eb00000, 0x000000008eb00000| Complete 
|  72|0x000000008ec00000, 0x000000008ed00000, 0x000000008ed00000|100%| E|CS|TAMS 0x000000008ec00000, 0x000000008ec00000| Complete 
|  73|0x000000008ed00000, 0x000000008ee00000, 0x000000008ee00000|100%| E|CS|TAMS 0x000000008ed00000, 0x000000008ed00000| Complete 
|  74|0x000000008ee00000, 0x000000008ef00000, 0x000000008ef00000|100%| E|CS|TAMS 0x000000008ee00000, 0x000000008ee00000| Complete 
|  75|0x000000008ef00000, 0x000000008f000000, 0x000000008f000000|100%| E|CS|TAMS 0x000000008ef00000, 0x000000008ef00000| Complete 
|  76|0x000000008f000000, 0x000000008f100000, 0x000000008f100000|100%| E|CS|TAMS 0x000000008f000000, 0x000000008f000000| Complete 
|  77|0x000000008f100000, 0x000000008f200000, 0x000000008f200000|100%| E|CS|TAMS 0x000000008f100000, 0x000000008f100000| Complete 
|  78|0x000000008f200000, 0x000000008f300000, 0x000000008f300000|100%| E|CS|TAMS 0x000000008f200000, 0x000000008f200000| Complete 
|  79|0x000000008f300000, 0x000000008f400000, 0x000000008f400000|100%| E|CS|TAMS 0x000000008f300000, 0x000000008f300000| Complete 
|  80|0x000000008f400000, 0x000000008f500000, 0x000000008f500000|100%| E|CS|TAMS 0x000000008f400000, 0x000000008f400000| Complete 
|  81|0x000000008f500000, 0x000000008f600000, 0x000000008f600000|100%| E|CS|TAMS 0x000000008f500000, 0x000000008f500000| Complete 
|  82|0x000000008f600000, 0x000000008f700000, 0x000000008f700000|100%| E|CS|TAMS 0x000000008f600000, 0x000000008f600000| Complete 
|  83|0x000000008f700000, 0x000000008f800000, 0x000000008f800000|100%| E|CS|TAMS 0x000000008f700000, 0x000000008f700000| Complete 
|  84|0x000000008f800000, 0x000000008f900000, 0x000000008f900000|100%| E|CS|TAMS 0x000000008f800000, 0x000000008f800000| Complete 
|  85|0x000000008f900000, 0x000000008fa00000, 0x000000008fa00000|100%| E|CS|TAMS 0x000000008f900000, 0x000000008f900000| Complete 
|  86|0x000000008fa00000, 0x000000008fb00000, 0x000000008fb00000|100%| E|CS|TAMS 0x000000008fa00000, 0x000000008fa00000| Complete 
|  87|0x000000008fb00000, 0x000000008fc00000, 0x000000008fc00000|100%| E|CS|TAMS 0x000000008fb00000, 0x000000008fb00000| Complete 
|  88|0x000000008fc00000, 0x000000008fd00000, 0x000000008fd00000|100%| E|CS|TAMS 0x000000008fc00000, 0x000000008fc00000| Complete 
|  89|0x000000008fd00000, 0x000000008fe00000, 0x000000008fe00000|100%| E|CS|TAMS 0x000000008fd00000, 0x000000008fd00000| Complete 
|  90|0x000000008fe00000, 0x000000008ff00000, 0x000000008ff00000|100%| E|CS|TAMS 0x000000008fe00000, 0x000000008fe00000| Complete 
|  91|0x000000008ff00000, 0x0000000090000000, 0x0000000090000000|100%| E|CS|TAMS 0x000000008ff00000, 0x000000008ff00000| Complete 
|  92|0x0000000090000000, 0x0000000090100000, 0x0000000090100000|100%| E|CS|TAMS 0x0000000090000000, 0x0000000090000000| Complete 
|  93|0x0000000090100000, 0x0000000090200000, 0x0000000090200000|100%| E|CS|TAMS 0x0000000090100000, 0x0000000090100000| Complete 
|  94|0x0000000090200000, 0x0000000090300000, 0x0000000090300000|100%| E|CS|TAMS 0x0000000090200000, 0x0000000090200000| Complete 
|  95|0x0000000090300000, 0x0000000090400000, 0x0000000090400000|100%| E|CS|TAMS 0x0000000090300000, 0x0000000090300000| Complete 
|  96|0x0000000090400000, 0x0000000090500000, 0x0000000090500000|100%| E|CS|TAMS 0x0000000090400000, 0x0000000090400000| Complete 
|  97|0x0000000090500000, 0x0000000090600000, 0x0000000090600000|100%| E|CS|TAMS 0x0000000090500000, 0x0000000090500000| Complete 
|  98|0x0000000090600000, 0x0000000090700000, 0x0000000090700000|100%| E|CS|TAMS 0x0000000090600000, 0x0000000090600000| Complete 
|  99|0x0000000090700000, 0x0000000090800000, 0x0000000090800000|100%| E|CS|TAMS 0x0000000090700000, 0x0000000090700000| Complete 
| 100|0x0000000090800000, 0x0000000090900000, 0x0000000090900000|100%| E|CS|TAMS 0x0000000090800000, 0x0000000090800000| Complete 
| 101|0x0000000090900000, 0x0000000090a00000, 0x0000000090a00000|100%| E|CS|TAMS 0x0000000090900000, 0x0000000090900000| Complete 
| 102|0x0000000090a00000, 0x0000000090b00000, 0x0000000090b00000|100%| E|CS|TAMS 0x0000000090a00000, 0x0000000090a00000| Complete 
| 103|0x0000000090b00000, 0x0000000090c00000, 0x0000000090c00000|100%| E|CS|TAMS 0x0000000090b00000, 0x0000000090b00000| Complete 
| 104|0x0000000090c00000, 0x0000000090d00000, 0x0000000090d00000|100%| E|CS|TAMS 0x0000000090c00000, 0x0000000090c00000| Complete 
| 105|0x0000000090d00000, 0x0000000090e00000, 0x0000000090e00000|100%| E|CS|TAMS 0x0000000090d00000, 0x0000000090d00000| Complete 
| 106|0x0000000090e00000, 0x0000000090f00000, 0x0000000090f00000|100%| E|CS|TAMS 0x0000000090e00000, 0x0000000090e00000| Complete 
| 107|0x0000000090f00000, 0x0000000091000000, 0x0000000091000000|100%| E|CS|TAMS 0x0000000090f00000, 0x0000000090f00000| Complete 
| 108|0x0000000091000000, 0x0000000091100000, 0x0000000091100000|100%| E|CS|TAMS 0x0000000091000000, 0x0000000091000000| Complete 
| 109|0x0000000091100000, 0x0000000091200000, 0x0000000091200000|100%| E|CS|TAMS 0x0000000091100000, 0x0000000091100000| Complete 
| 110|0x0000000091200000, 0x0000000091300000, 0x0000000091300000|100%| E|CS|TAMS 0x0000000091200000, 0x0000000091200000| Complete 
| 111|0x0000000091300000, 0x0000000091400000, 0x0000000091400000|100%| E|CS|TAMS 0x0000000091300000, 0x0000000091300000| Complete 
| 112|0x0000000091400000, 0x0000000091500000, 0x0000000091500000|100%| E|CS|TAMS 0x0000000091400000, 0x0000000091400000| Complete 
| 113|0x0000000091500000, 0x0000000091600000, 0x0000000091600000|100%| E|CS|TAMS 0x0000000091500000, 0x0000000091500000| Complete 
| 114|0x0000000091600000, 0x0000000091700000, 0x0000000091700000|100%| E|CS|TAMS 0x0000000091600000, 0x0000000091600000| Complete 
| 115|0x0000000091700000, 0x0000000091800000, 0x0000000091800000|100%| E|CS|TAMS 0x0000000091700000, 0x0000000091700000| Complete 
| 116|0x0000000091800000, 0x0000000091900000, 0x0000000091900000|100%| E|CS|TAMS 0x0000000091800000, 0x0000000091800000| Complete 
| 117|0x0000000091900000, 0x0000000091a00000, 0x0000000091a00000|100%| E|CS|TAMS 0x0000000091900000, 0x0000000091900000| Complete 

Card table byte_map: [0x000001e74b840000,0x000001e74bbf0000] _byte_map_base: 0x000001e74b3ee000

Marking Bits (Prev, Next): (CMBitMap*) 0x000001e73847a188, (CMBitMap*) 0x000001e73847a1c0
 Prev Bits: [0x000001e74bfa0000, 0x000001e74dd10000)
 Next Bits: [0x000001e74dd10000, 0x000001e74fa80000)

Polling page: 0x000001e737c20000

Metaspace:

Usage:
  Non-class:     39.02 MB capacity,    38.75 MB (>99%) used,   218.33 KB ( <1%) free+waste,    64.25 KB ( <1%) overhead. 
      Class:      5.38 MB capacity,     5.21 MB ( 97%) used,   151.89 KB (  3%) free+waste,    27.25 KB ( <1%) overhead. 
       Both:     44.40 MB capacity,    43.95 MB ( 99%) used,   370.22 KB ( <1%) free+waste,    91.50 KB ( <1%) overhead. 

Virtual space:
  Non-class space:       40.00 MB reserved,      39.25 MB ( 98%) committed 
      Class space:        1.00 GB reserved,       5.50 MB ( <1%) committed 
             Both:        1.04 GB reserved,      44.75 MB (  4%) committed 

Chunk freelists:
   Non-Class:  42.00 KB
       Class:  24.00 KB
        Both:  66.00 KB

MaxMetaspaceSize: 17179869184.00 GB
CompressedClassSpaceSize: 1.00 GB

CodeHeap 'non-profiled nmethods': size=120000Kb used=1355Kb max_used=1355Kb free=118645Kb
 bounds [0x000001e743a00000, 0x000001e743c70000, 0x000001e74af30000]
CodeHeap 'profiled nmethods': size=120000Kb used=6580Kb max_used=6580Kb free=113419Kb
 bounds [0x000001e73c4d0000, 0x000001e73cb40000, 0x000001e743a00000]
CodeHeap 'non-nmethods': size=5760Kb used=1183Kb max_used=1235Kb free=4577Kb
 bounds [0x000001e73bf30000, 0x000001e73c1a0000, 0x000001e73c4d0000]
 total_blobs=3816 nmethods=3284 adapters=443
 compilation: enabled
              stopped_count=0, restarted_count=0
 full_count=0

Compilation events (20 events):
Event: 2.943 Thread 0x000001e752704000 nmethod 3253 0x000001e743b4e610 code [0x000001e743b4e7c0, 0x000001e743b4e878]
Event: 2.943 Thread 0x000001e752704000 3273       3       org.jetbrains.kotlin.protobuf.CodedOutputStream::writeMessage (12 bytes)
Event: 2.943 Thread 0x000001e7531f3800 nmethod 3260 0x000001e743b4e910 code [0x000001e743b4eae0, 0x000001e743b4ede8]
Event: 2.943 Thread 0x000001e7531f3800 3245       4       java.util.zip.ZipFile::getZipEntry (325 bytes)
Event: 2.943 Thread 0x000001e752704000 nmethod 3273 0x000001e73cb2d190 code [0x000001e73cb2d3a0, 0x000001e73cb2d7b8]
Event: 2.943 Thread 0x000001e752704000 3274       3       org.jetbrains.kotlin.protobuf.GeneratedMessageLite$ExtendableMessage$ExtensionWriter::writeUntil (140 bytes)
Event: 2.944 Thread 0x000001e752704000 nmethod 3274 0x000001e73cb2d990 code [0x000001e73cb2dd00, 0x000001e73cb2f2e8]
Event: 2.944 Thread 0x000001e752704000 3271       1       org.jetbrains.kotlin.metadata.jvm.JvmProtoBuf$StringTableTypes$Record::getRange (5 bytes)
Event: 2.944 Thread 0x000001e752704000 nmethod 3271 0x000001e743b4f090 code [0x000001e743b4f240, 0x000001e743b4f2f8]
Event: 2.944 Thread 0x000001e752704000 3272       1       org.jetbrains.kotlin.serialization.deserialization.DeserializationComponents::getConfiguration (5 bytes)
Event: 2.944 Thread 0x000001e752704000 nmethod 3272 0x000001e743b4f390 code [0x000001e743b4f540, 0x000001e743b4f5f8]
Event: 2.944 Thread 0x000001e752704000 3265       1       org.jetbrains.kotlin.metadata.jvm.JvmProtoBuf$StringTableTypes$Record::getOperation (5 bytes)
Event: 2.944 Thread 0x000001e752704000 nmethod 3265 0x000001e743b4f690 code [0x000001e743b4f840, 0x000001e743b4f8f8]
Event: 2.944 Thread 0x000001e752704000 3255       1       org.jetbrains.kotlin.serialization.deserialization.descriptors.DeserializedMemberScope::access$getC (5 bytes)
Event: 2.944 Thread 0x000001e752704000 nmethod 3255 0x000001e743b4f990 code [0x000001e743b4fb40, 0x000001e743b4fbd8]
Event: 2.944 Thread 0x000001e752704000 3256       1       org.jetbrains.kotlin.metadata.ProtoBuf$Function::getName (5 bytes)
Event: 2.944 Thread 0x000001e752704000 nmethod 3256 0x000001e743b4fc90 code [0x000001e743b4fe40, 0x000001e743b4fef8]
Event: 2.944 Thread 0x000001e752704000 3275       3       org.jetbrains.kotlin.protobuf.CodedOutputStream::computeMessageSize (10 bytes)
Event: 2.944 Thread 0x000001e752704000 nmethod 3275 0x000001e73cb2f990 code [0x000001e73cb2fb80, 0x000001e73cb2fea8]
Event: 2.944 Thread 0x000001e752704000 3276       3       org.jetbrains.kotlin.metadata.ProtoBuf$Type::writeTo (354 bytes)

GC Heap History (8 events):
Event: 0.502 GC heap before
{Heap before GC invocations=0 (full 0):
 garbage-first heap   total 120832K, used 27648K [0x000000008a400000, 0x0000000100000000)
  region size 1024K, 24 young (24576K), 0 survivors (0K)
 Metaspace       used 12323K, capacity 12405K, committed 12544K, reserved 1060864K
  class space    used 1157K, capacity 1174K, committed 1280K, reserved 1048576K
}
Event: 0.507 GC heap after
{Heap after GC invocations=1 (full 0):
 garbage-first heap   total 120832K, used 5677K [0x000000008a400000, 0x0000000100000000)
  region size 1024K, 3 young (3072K), 3 survivors (3072K)
 Metaspace       used 12323K, capacity 12405K, committed 12544K, reserved 1060864K
  class space    used 1157K, capacity 1174K, committed 1280K, reserved 1048576K
}
Event: 1.084 GC heap before
{Heap before GC invocations=1 (full 0):
 garbage-first heap   total 120832K, used 41517K [0x000000008a400000, 0x0000000100000000)
  region size 1024K, 39 young (39936K), 3 survivors (3072K)
 Metaspace       used 20902K, capacity 21038K, committed 21248K, reserved 1069056K
  class space    used 2219K, capacity 2286K, committed 2304K, reserved 1048576K
}
Event: 1.102 GC heap after
{Heap after GC invocations=2 (full 0):
 garbage-first heap   total 120832K, used 9378K [0x000000008a400000, 0x0000000100000000)
  region size 1024K, 7 young (7168K), 7 survivors (7168K)
 Metaspace       used 20902K, capacity 21038K, committed 21248K, reserved 1069056K
  class space    used 2219K, capacity 2286K, committed 2304K, reserved 1048576K
}
Event: 1.877 GC heap before
{Heap before GC invocations=3 (full 0):
 garbage-first heap   total 120832K, used 69794K [0x000000008a400000, 0x0000000100000000)
  region size 1024K, 54 young (55296K), 7 survivors (7168K)
 Metaspace       used 30425K, capacity 30891K, committed 30976K, reserved 1077248K
  class space    used 3606K, capacity 3793K, committed 3840K, reserved 1048576K
}
Event: 1.907 GC heap after
{Heap after GC invocations=4 (full 0):
 garbage-first heap   total 120832K, used 23568K [0x000000008a400000, 0x0000000100000000)
  region size 1024K, 6 young (6144K), 6 survivors (6144K)
 Metaspace       used 30425K, capacity 30891K, committed 30976K, reserved 1077248K
  class space    used 3606K, capacity 3793K, committed 3840K, reserved 1048576K
}
Event: 2.253 GC heap before
{Heap before GC invocations=4 (full 0):
 garbage-first heap   total 120832K, used 46096K [0x000000008a400000, 0x0000000100000000)
  region size 1024K, 29 young (29696K), 6 survivors (6144K)
 Metaspace       used 35138K, capacity 35535K, committed 35584K, reserved 1081344K
  class space    used 4142K, capacity 4316K, committed 4352K, reserved 1048576K
}
Event: 2.269 GC heap after
{Heap after GC invocations=5 (full 0):
 garbage-first heap   total 120832K, used 24314K [0x000000008a400000, 0x0000000100000000)
  region size 1024K, 3 young (3072K), 3 survivors (3072K)
 Metaspace       used 35138K, capacity 35535K, committed 35584K, reserved 1081344K
  class space    used 4142K, capacity 4316K, committed 4352K, reserved 1048576K
}

Deoptimization events (20 events):
Event: 2.905 Thread 0x000001e73843c800 Uncommon trap: trap_request=0xffffffc6 fr.pc=0x000001e743af0b98 relative=0x0000000000000598
Event: 2.905 Thread 0x000001e73843c800 Uncommon trap: reason=bimorphic_or_optimized_type_check action=maybe_recompile pc=0x000001e743af0b98 method=org.jetbrains.kotlin.protobuf.CodedInputStream.tryRefillBuffer(I)Z @ 177 c2
Event: 2.905 Thread 0x000001e73843c800 DEOPT PACKING pc=0x000001e743af0b98 sp=0x000000debb9f7f90
Event: 2.905 Thread 0x000001e73843c800 DEOPT UNPACKING pc=0x000001e73bf578af sp=0x000000debb9f7e70 mode 2
Event: 2.907 Thread 0x000001e73843c800 Uncommon trap: trap_request=0xffffffc6 fr.pc=0x000001e743af0b98 relative=0x0000000000000598
Event: 2.907 Thread 0x000001e73843c800 Uncommon trap: reason=bimorphic_or_optimized_type_check action=maybe_recompile pc=0x000001e743af0b98 method=org.jetbrains.kotlin.protobuf.CodedInputStream.tryRefillBuffer(I)Z @ 177 c2
Event: 2.907 Thread 0x000001e73843c800 DEOPT PACKING pc=0x000001e743af0b98 sp=0x000000debb9f8780
Event: 2.907 Thread 0x000001e73843c800 DEOPT UNPACKING pc=0x000001e73bf578af sp=0x000000debb9f8668 mode 2
Event: 2.912 Thread 0x000001e73843c800 Uncommon trap: trap_request=0xffffff4d fr.pc=0x000001e743b41708 relative=0x0000000000000528
Event: 2.912 Thread 0x000001e73843c800 Uncommon trap: reason=unstable_if action=reinterpret pc=0x000001e743b41708 method=org.jetbrains.org.objectweb.asm.ClassReader.readUtf(II[C)Ljava/lang/String; @ 41 c2
Event: 2.912 Thread 0x000001e73843c800 DEOPT PACKING pc=0x000001e743b41708 sp=0x000000debb9f8420
Event: 2.912 Thread 0x000001e73843c800 DEOPT UNPACKING pc=0x000001e73bf578af sp=0x000000debb9f83c8 mode 2
Event: 2.925 Thread 0x000001e73843c800 Uncommon trap: trap_request=0xffffffc6 fr.pc=0x000001e743af0b98 relative=0x0000000000000598
Event: 2.925 Thread 0x000001e73843c800 Uncommon trap: reason=bimorphic_or_optimized_type_check action=maybe_recompile pc=0x000001e743af0b98 method=org.jetbrains.kotlin.protobuf.CodedInputStream.tryRefillBuffer(I)Z @ 177 c2
Event: 2.925 Thread 0x000001e73843c800 DEOPT PACKING pc=0x000001e743af0b98 sp=0x000000debb9f8c60
Event: 2.925 Thread 0x000001e73843c800 DEOPT UNPACKING pc=0x000001e73bf578af sp=0x000000debb9f8b48 mode 2
Event: 2.926 Thread 0x000001e73843c800 Uncommon trap: trap_request=0xffffffc6 fr.pc=0x000001e743af15f4 relative=0x0000000000000294
Event: 2.926 Thread 0x000001e73843c800 Uncommon trap: reason=bimorphic_or_optimized_type_check action=maybe_recompile pc=0x000001e743af15f4 method=org.jetbrains.kotlin.protobuf.CodedInputStream.tryRefillBuffer(I)Z @ 177 c2
Event: 2.926 Thread 0x000001e73843c800 DEOPT PACKING pc=0x000001e743af15f4 sp=0x000000debb9f8c10
Event: 2.926 Thread 0x000001e73843c800 DEOPT UNPACKING pc=0x000001e73bf578af sp=0x000000debb9f8b48 mode 2

Classes redefined (0 events):
No events

Internal exceptions (20 events):
Event: 1.018 Thread 0x000001e73843c800 Exception <a 'java/lang/NoSuchMethodError'{0x000000008f8d0e60}: 'long java.lang.invoke.DirectMethodHandle$Holder.invokeStaticInit(java.lang.Object)'> (0x000000008f8d0e60) thrown at [./src/hotspot/share/interpreter/linkResolver.cpp, line 773]
Event: 1.065 Thread 0x000001e73843c800 Exception <a 'java/lang/NoSuchMethodError'{0x000000008f43c5a0}: 'int java.lang.invoke.DirectMethodHandle$Holder.invokeStaticInit(java.lang.Object, java.lang.Object, java.lang.Object)'> (0x000000008f43c5a0) thrown at [./src/hotspot/share/interpreter/linkResolver.cpp, line 773]
Event: 1.069 Thread 0x000001e73843c800 Exception <a 'java/lang/NoSuchMethodError'{0x000000008f467c60}: 'int java.lang.invoke.DirectMethodHandle$Holder.invokeStaticInit(java.lang.Object, java.lang.Object)'> (0x000000008f467c60) thrown at [./src/hotspot/share/interpreter/linkResolver.cpp, line 773]
Event: 1.280 Thread 0x000001e73843c800 Exception <a 'java/lang/NoSuchMethodError'{0x0000000091005838}: 'java.lang.Object java.lang.invoke.DirectMethodHandle$Holder.invokeStatic(java.lang.Object, java.lang.Object, java.lang.Object, java.lang.Object, java.lang.Object, java.lang.Object, java.lang.Object, java.lang.Object, java.lang.Object, java.lang.Object, java.lang.Object, java.lang.Object, java.lang.Object, java.lang.Object, java.lang.Object)'> (0x0000000091005838) thrown at [./src/hotspot/share/interpreter/linkResolver.cpp, line 773]
Event: 1.282 Thread 0x000001e73843c800 Exception <a 'java/lang/NoSuchMethodError'{0x0000000091013bd8}: 'java.lang.Object java.lang.invoke.DirectMethodHandle$Holder.invokeStatic(java.lang.Object, java.lang.Object, java.lang.Object, java.lang.Object, java.lang.Object, java.lang.Object, java.lang.Object, java.lang.Object, java.lang.Object, java.lang.Object, java.lang.Object, java.lang.Object, java.lang.Object, java.lang.Object, java.lang.Object, java.lang.Object)'> (0x0000000091013bd8) thrown at [./src/hotspot/share/interpreter/linkResolver.cpp, l
Event: 1.283 Thread 0x000001e73843c800 Exception <a 'java/lang/NoSuchMethodError'{0x0000000091021af0}: 'java.lang.Object java.lang.invoke.DirectMethodHandle$Holder.invokeSpecial(java.lang.Object, java.lang.Object, int, int, java.lang.Object, java.lang.Object, java.lang.Object)'> (0x0000000091021af0) thrown at [./src/hotspot/share/interpreter/linkResolver.cpp, line 773]
Event: 1.283 Thread 0x000001e73843c800 Exception <a 'java/lang/NoSuchMethodError'{0x0000000091025328}: 'java.lang.Object java.lang.invoke.DelegatingMethodHandle$Holder.reinvoke_L(java.lang.Object, int, int, java.lang.Object, java.lang.Object, java.lang.Object)'> (0x0000000091025328) thrown at [./src/hotspot/share/interpreter/linkResolver.cpp, line 773]
Event: 1.284 Thread 0x000001e73843c800 Exception <a 'java/lang/NoSuchMethodError'{0x00000000910296b0}: 'java.lang.Object java.lang.invoke.DirectMethodHandle$Holder.invokeStatic(java.lang.Object, java.lang.Object, java.lang.Object, java.lang.Object, int)'> (0x00000000910296b0) thrown at [./src/hotspot/share/interpreter/linkResolver.cpp, line 773]
Event: 1.319 Thread 0x000001e73843c800 Implicit null exception at 0x000001e743a88a2c to 0x000001e743a88bda
Event: 1.354 Thread 0x000001e73843c800 Exception <a 'java/lang/NoSuchMethodError'{0x0000000090ba6358}: 'void java.lang.invoke.DirectMethodHandle$Holder.invokeStatic(java.lang.Object, java.lang.Object, java.lang.Object, java.lang.Object)'> (0x0000000090ba6358) thrown at [./src/hotspot/share/interpreter/linkResolver.cpp, line 773]
Event: 1.374 Thread 0x000001e73843c800 Exception <a 'java/lang/NoSuchMethodError'{0x0000000090af46e0}: 'void java.lang.invoke.DirectMethodHandle$Holder.invokeSpecial(java.lang.Object, java.lang.Object)'> (0x0000000090af46e0) thrown at [./src/hotspot/share/interpreter/linkResolver.cpp, line 773]
Event: 1.408 Thread 0x000001e73843c800 Exception <a 'java/lang/NoSuchMethodError'{0x0000000090797f90}: 'void java.lang.invoke.DirectMethodHandle$Holder.invokeStaticInit(java.lang.Object, java.lang.Object)'> (0x0000000090797f90) thrown at [./src/hotspot/share/interpreter/linkResolver.cpp, line 773]
Event: 1.415 Thread 0x000001e73843c800 Exception <a 'java/lang/NoSuchMethodError'{0x00000000907d63a8}: 'void java.lang.invoke.DirectMethodHandle$Holder.invokeInterface(java.lang.Object, java.lang.Object)'> (0x00000000907d63a8) thrown at [./src/hotspot/share/interpreter/linkResolver.cpp, line 773]
Event: 1.477 Thread 0x000001e73843c800 Exception <a 'java/lang/NoSuchMethodError'{0x00000000903efea0}: 'void java.lang.invoke.DirectMethodHandle$Holder.invokeVirtual(java.lang.Object, java.lang.Object)'> (0x00000000903efea0) thrown at [./src/hotspot/share/interpreter/linkResolver.cpp, line 773]
Event: 1.486 Thread 0x000001e73843c800 Exception <a 'java/lang/NoSuchMethodError'{0x0000000090266648}: 'int java.lang.invoke.DirectMethodHandle$Holder.invokeVirtual(java.lang.Object, java.lang.Object)'> (0x0000000090266648) thrown at [./src/hotspot/share/interpreter/linkResolver.cpp, line 773]
Event: 2.090 Thread 0x000001e73843c800 Exception <a 'java/lang/NoSuchMethodError'{0x0000000090fadae0}: 'java.lang.Object java.lang.invoke.DirectMethodHandle$Holder.invokeVirtual(java.lang.Object, java.lang.Object, java.lang.Object)'> (0x0000000090fadae0) thrown at [./src/hotspot/share/interpreter/linkResolver.cpp, line 773]
Event: 2.668 Thread 0x000001e73843c800 Exception <a 'java/lang/NoSuchMethodError'{0x000000008fc7eaa0}: 'java.lang.Object java.lang.invoke.Invokers$Holder.linkToTargetMethod(java.lang.Object, int, java.lang.Object)'> (0x000000008fc7eaa0) thrown at [./src/hotspot/share/interpreter/linkResolver.cpp, line 773]
Event: 2.758 Thread 0x000001e73843c800 Exception <a 'java/lang/NoSuchMethodError'{0x000000008f844630}: 'java.lang.Object java.lang.invoke.DirectMethodHandle$Holder.invokeStatic(java.lang.Object, java.lang.Object, java.lang.Object, int)'> (0x000000008f844630) thrown at [./src/hotspot/share/interpreter/linkResolver.cpp, line 773]
Event: 2.758 Thread 0x000001e73843c800 Exception <a 'java/lang/NoSuchMethodError'{0x000000008f8482a0}: 'java.lang.Object java.lang.invoke.DirectMethodHandle$Holder.invokeSpecial(java.lang.Object, java.lang.Object, java.lang.Object, java.lang.Object, int)'> (0x000000008f8482a0) thrown at [./src/hotspot/share/interpreter/linkResolver.cpp, line 773]
Event: 2.758 Thread 0x000001e73843c800 Exception <a 'java/lang/NoSuchMethodError'{0x000000008f84b5b0}: 'java.lang.Object java.lang.invoke.Invokers$Holder.linkToTargetMethod(java.lang.Object, java.lang.Object, int, java.lang.Object)'> (0x000000008f84b5b0) thrown at [./src/hotspot/share/interpreter/linkResolver.cpp, line 773]

Events (20 events):
Event: 2.931 loading class org/jetbrains/kotlin/load/kotlin/JvmPackagePartSource
Event: 2.931 loading class org/jetbrains/kotlin/load/kotlin/JvmPackagePartSource done
Event: 2.931 loading class org/jetbrains/kotlin/serialization/deserialization/descriptors/DeserializedContainerSource
Event: 2.931 loading class org/jetbrains/kotlin/serialization/deserialization/descriptors/DeserializedContainerSource done
Event: 2.932 loading class org/jetbrains/kotlin/serialization/deserialization/descriptors/DeserializedContainerAbiStability
Event: 2.932 loading class org/jetbrains/kotlin/serialization/deserialization/descriptors/DeserializedContainerAbiStability done
Event: 2.932 loading class org/jetbrains/kotlin/metadata/deserialization/ProtoBufUtilKt
Event: 2.932 loading class org/jetbrains/kotlin/metadata/deserialization/ProtoBufUtilKt done
Event: 2.932 loading class org/jetbrains/kotlin/metadata/jvm/deserialization/JvmNameResolver$WhenMappings
Event: 2.932 loading class org/jetbrains/kotlin/metadata/jvm/deserialization/JvmNameResolver$WhenMappings done
Event: 2.932 loading class org/jetbrains/kotlin/load/kotlin/DeserializedDescriptorResolver$createKotlinPackagePartScope$2
Event: 2.932 loading class org/jetbrains/kotlin/load/kotlin/DeserializedDescriptorResolver$createKotlinPackagePartScope$2 done
Event: 2.933 loading class org/jetbrains/kotlin/metadata/jvm/JvmProtoBuf$JvmPropertySignature$Builder
Event: 2.933 loading class org/jetbrains/kotlin/metadata/jvm/JvmProtoBuf$JvmPropertySignature$Builder done
Event: 2.940 loading class org/jetbrains/kotlin/metadata/ProtoBuf$TypeAlias
Event: 2.940 loading class org/jetbrains/kotlin/metadata/ProtoBuf$TypeAlias done
Event: 2.941 loading class org/jetbrains/kotlin/metadata/ProtoBuf$TypeAliasOrBuilder
Event: 2.941 loading class org/jetbrains/kotlin/metadata/ProtoBuf$TypeAliasOrBuilder done
Event: 2.941 loading class org/jetbrains/kotlin/metadata/ProtoBuf$TypeAlias$1
Event: 2.941 loading class org/jetbrains/kotlin/metadata/ProtoBuf$TypeAlias$1 done


Dynamic libraries:
0x00007ff6577a0000 - 0x00007ff6577aa000 	C:\Program Files\Android\Android Studio\jre\bin\java.exe
0x00007ffcf46a0000 - 0x00007ffcf48a7000 	C:\WINDOWS\SYSTEM32\ntdll.dll
0x00007ffcf30b0000 - 0x00007ffcf316d000 	C:\WINDOWS\System32\KERNEL32.DLL
0x00007ffcf2150000 - 0x00007ffcf24c2000 	C:\WINDOWS\System32\KERNELBASE.dll
0x00007ffcf1d00000 - 0x00007ffcf1e11000 	C:\WINDOWS\System32\ucrtbase.dll
0x00007ffceaf00000 - 0x00007ffceaf17000 	C:\Program Files\Android\Android Studio\jre\bin\VCRUNTIME140.dll
0x00007ffceaee0000 - 0x00007ffceaef9000 	C:\Program Files\Android\Android Studio\jre\bin\jli.dll
0x00007ffcf3520000 - 0x00007ffcf36cc000 	C:\WINDOWS\System32\USER32.dll
0x00007ffcf2540000 - 0x00007ffcf2566000 	C:\WINDOWS\System32\win32u.dll
0x00007ffcdd4a0000 - 0x00007ffcdd745000 	C:\WINDOWS\WinSxS\amd64_microsoft.windows.common-controls_6595b64144ccf1df_6.0.21996.1_none_7d6b053978bcd706\COMCTL32.dll
0x00007ffcf3280000 - 0x00007ffcf32a9000 	C:\WINDOWS\System32\GDI32.dll
0x00007ffcf1e20000 - 0x00007ffcf1f32000 	C:\WINDOWS\System32\gdi32full.dll
0x00007ffcf3be0000 - 0x00007ffcf3c83000 	C:\WINDOWS\System32\msvcrt.dll
0x00007ffcf1f40000 - 0x00007ffcf1fdd000 	C:\WINDOWS\System32\msvcp_win.dll
0x00007ffcf32b0000 - 0x00007ffcf32e1000 	C:\WINDOWS\System32\IMM32.DLL
0x00007ffccff90000 - 0x00007ffcd002d000 	C:\Program Files\Android\Android Studio\jre\bin\msvcp140.dll
0x00007ffcc4b00000 - 0x00007ffcc55cf000 	C:\Program Files\Android\Android Studio\jre\bin\server\jvm.dll
0x00007ffcf4510000 - 0x00007ffcf45bc000 	C:\WINDOWS\System32\ADVAPI32.dll
0x00007ffcf45c0000 - 0x00007ffcf465d000 	C:\WINDOWS\System32\sechost.dll
0x00007ffcf32f0000 - 0x00007ffcf3411000 	C:\WINDOWS\System32\RPCRT4.dll
0x00007ffcf3420000 - 0x00007ffcf3428000 	C:\WINDOWS\System32\PSAPI.DLL
0x00007ffceae70000 - 0x00007ffceaea3000 	C:\WINDOWS\SYSTEM32\WINMM.dll
0x00007ffced0a0000 - 0x00007ffced0a9000 	C:\WINDOWS\SYSTEM32\WSOCK32.dll
0x00007ffce7c70000 - 0x00007ffce7c7a000 	C:\WINDOWS\SYSTEM32\VERSION.dll
0x00007ffcf3d20000 - 0x00007ffcf3d8f000 	C:\WINDOWS\System32\WS2_32.dll
0x00007ffcf0cf0000 - 0x00007ffcf0d07000 	C:\WINDOWS\SYSTEM32\kernel.appcore.dll
0x00007ffcdf6a0000 - 0x00007ffcdf6b1000 	C:\Program Files\Android\Android Studio\jre\bin\verify.dll
0x00007ffce8ac0000 - 0x00007ffce8ce1000 	C:\WINDOWS\SYSTEM32\DBGHELP.DLL
0x00007ffce0b60000 - 0x00007ffce0b91000 	C:\WINDOWS\SYSTEM32\dbgcore.DLL
0x00007ffcf1c80000 - 0x00007ffcf1d00000 	C:\WINDOWS\System32\bcryptPrimitives.dll
0x00007ffcdf670000 - 0x00007ffcdf699000 	C:\Program Files\Android\Android Studio\jre\bin\java.dll
0x00007ffceaed0000 - 0x00007ffceaedb000 	C:\Program Files\Android\Android Studio\jre\bin\jimage.dll
0x00007ffcdf650000 - 0x00007ffcdf668000 	C:\Program Files\Android\Android Studio\jre\bin\zip.dll
0x00007ffcf3d90000 - 0x00007ffcf44f9000 	C:\WINDOWS\System32\SHELL32.dll
0x00007ffcefd80000 - 0x00007ffcf05d8000 	C:\WINDOWS\SYSTEM32\windows.storage.dll
0x00007ffcf37f0000 - 0x00007ffcf3b65000 	C:\WINDOWS\System32\combase.dll
0x00007ffcefc10000 - 0x00007ffcefd76000 	C:\WINDOWS\SYSTEM32\wintypes.dll
0x00007ffcf3170000 - 0x00007ffcf325a000 	C:\WINDOWS\System32\SHCORE.dll
0x00007ffcf28d0000 - 0x00007ffcf292d000 	C:\WINDOWS\System32\shlwapi.dll
0x00007ffcf1af0000 - 0x00007ffcf1b11000 	C:\WINDOWS\SYSTEM32\profapi.dll
0x00007ffcdf630000 - 0x00007ffcdf64a000 	C:\Program Files\Android\Android Studio\jre\bin\net.dll
0x00007ffcec3c0000 - 0x00007ffcec4cc000 	C:\WINDOWS\SYSTEM32\WINHTTP.dll
0x00007ffcf1100000 - 0x00007ffcf1167000 	C:\WINDOWS\system32\mswsock.dll
0x00007ffcde970000 - 0x00007ffcde984000 	C:\Program Files\Android\Android Studio\jre\bin\nio.dll

dbghelp: loaded successfully - version: 4.0.5 - missing functions: none
symbol engine: initialized successfully - sym options: 0x614 - pdb path: .;C:\Program Files\Android\Android Studio\jre\bin;C:\WINDOWS\SYSTEM32;C:\WINDOWS\WinSxS\amd64_microsoft.windows.common-controls_6595b64144ccf1df_6.0.21996.1_none_7d6b053978bcd706;C:\Program Files\Android\Android Studio\jre\bin\server

VM Arguments:
java_command: org.jetbrains.kotlin.cli.jvm.K2JVMCompiler @D:\DOKUMEN\FilmAPI\app\build\20220204_11496432251221484024.compiler.options
java_class_path (initial): C:\Users\suare\.gradle\caches\modules-2\files-2.1\org.jetbrains.kotlin\kotlin-compiler-embeddable\1.5.20\1900e8b9aca0a9caffd45b99b36e3720a0a284f8\kotlin-compiler-embeddable-1.5.20.jar;C:\Users\suare\.gradle\caches\modules-2\files-2.1\org.jetbrains.kotlin\kotlin-reflect\1.5.20\63810951f09a27f7827977f1bc21094042a915e\kotlin-reflect-1.5.20.jar;C:\Users\suare\.gradle\caches\modules-2\files-2.1\org.jetbrains.kotlin\kotlin-stdlib\1.5.20\9de35cc611bcecec8edce1d56d8e659953806751\kotlin-stdlib-1.5.20.jar;C:\Users\suare\.gradle\caches\modules-2\files-2.1\org.jetbrains.kotlin\kotlin-script-runtime\1.5.20\4381bb58d37b84d4d1afe55ec35542dd9b77e101\kotlin-script-runtime-1.5.20.jar;C:\Users\suare\.gradle\caches\modules-2\files-2.1\org.jetbrains.kotlin\kotlin-daemon-embeddable\1.5.20\36c38cda019834dcd2959cc33a12768adcd94256\kotlin-daemon-embeddable-1.5.20.jar;C:\Users\suare\.gradle\caches\modules-2\files-2.1\org.jetbrains.intellij.deps\trove4j\1.0.20181211\216c2e14b070f334479d800987affe4054cd563f\trove4j-1.0.20181211.jar;C:\Users\suare\.gradle\caches\modules-2\files-2.1\org.jetbrains\annotations\13.0\919f0dfe192fb4e063e7dacadee7f8bb9a2672a9\annotations-13.0.jar;C:\Users\suare\.gradle\caches\modules-2\files-2.1\org.jetbrains.kotlin\kotlin-stdlib-common\1.5.20\3d79dbd48bf605f4aac1e7028981a1953e245cbb\kotlin-stdlib-common-1.5.20.jar
Launcher Type: SUN_STANDARD

[Global flags]
     intx CICompilerCount                          = 4                                         {product} {ergonomic}
     uint ConcGCThreads                            = 3                                         {product} {ergonomic}
     uint G1ConcRefinementThreads                  = 10                                        {product} {ergonomic}
   size_t G1HeapRegionSize                         = 1048576                                   {product} {ergonomic}
    uintx GCDrainStackTargetSize                   = 64                                        {product} {ergonomic}
   size_t InitialHeapSize                          = 123731968                                 {product} {ergonomic}
   size_t MarkStackSize                            = 4194304                                   {product} {ergonomic}
   size_t MaxHeapSize                              = 1975517184                                {product} {ergonomic}
   size_t MaxNewSize                               = 1184890880                                {product} {ergonomic}
   size_t MinHeapDeltaBytes                        = 1048576                                   {product} {ergonomic}
    uintx NonNMethodCodeHeapSize                   = 5836300                                {pd product} {ergonomic}
    uintx NonProfiledCodeHeapSize                  = 122910970                              {pd product} {ergonomic}
    uintx ProfiledCodeHeapSize                     = 122910970                              {pd product} {ergonomic}
    uintx ReservedCodeCacheSize                    = 251658240                              {pd product} {ergonomic}
     bool SegmentedCodeCache                       = true                                      {product} {ergonomic}
     bool UseCompressedClassPointers               = true                                 {lp64_product} {ergonomic}
     bool UseCompressedOops                        = true                                 {lp64_product} {ergonomic}
     bool UseG1GC                                  = true                                      {product} {ergonomic}
     bool UseLargePagesIndividualAllocation        = false                                  {pd product} {ergonomic}

Logging:
Log output configuration:
 #0: stdout all=warning uptime,level,tags
 #1: stderr all=off uptime,level,tags

Environment Variables:
PATH=C:\WINDOWS\system32;C:\WINDOWS;C:\WINDOWS\System32\Wbem;C:\WINDOWS\System32\WindowsPowerShell\v1.0\;C:\WINDOWS\System32\OpenSSH\;C:\Program Files\Git\cmd;C:\Users\suare\AppData\Local\Microsoft\WindowsApps;
USERNAME=Itok
OS=Windows_NT
PROCESSOR_IDENTIFIER=AMD64 Family 23 Model 104 Stepping 1, AuthenticAMD



---------------  S Y S T E M  ---------------

OS: Windows 10 , 64 bit Build 21996 (10.0.21996.1)
OS uptime: 1 days 0:27 hours

CPU:total 12 (initial active 12) (12 cores per cpu, 2 threads per core) family 23 model 104 stepping 1 microcode 0x0, cmov, cx8, fxsr, mmx, sse, sse2, sse3, ssse3, sse4.1, sse4.2, popcnt, avx, avx2, aes, clmul, mmxext, 3dnowpref, lzcnt, sse4a, ht, tsc, tscinvbit, tscinv, bmi1, bmi2, adx,

Memory: 4k page, system-wide physical 7530M (580M free)
TotalPageFile size 7530M (AvailPageFile size 5M)
current process WorkingSet (physical memory assigned to process): 235M, peak: 235M
current process commit charge ("private bytes"): 312M, peak: 314M

vm_info: OpenJDK 64-Bit Server VM (11.0.10+0-b96-7249189) for windows-amd64 JRE (11.0.10+0-b96-7249189), built on Mar 31 2021 21:44:00 by "builder" with MS VC++ 14.0 (VS2015)

END.
