#
# There is insufficient memory for the Java Runtime Environment to continue.
# Native memory allocation (malloc) failed to allocate 1946736 bytes for Chunk::new
# Possible reasons:
#   The system is out of physical RAM or swap space
#   The process is running with CompressedOops enabled, and the Java Heap may be blocking the growth of the native heap
# Possible solutions:
#   Reduce memory load on the system
#   Increase physical memory or swap space
#   Check if swap backing store is full
#   Decrease Java heap size (-Xmx/-Xms)
#   Decrease number of Java threads
#   Decrease Java thread stack sizes (-Xss)
#   Set larger code cache with -XX:ReservedCodeCacheSize=
#   JVM is running with Unscaled Compressed Oops mode in which the Java heap is
#     placed in the first 4GB address space. The Java Heap base address is the
#     maximum limit for the native heap growth. Please use -XX:HeapBaseMinAddress
#     to set the Java Heap base and to place the Java Heap above 4GB virtual address.
# This output file may be truncated or incomplete.
#
#  Out of Memory Error (./src/hotspot/share/memory/arena.cpp:197), pid=2264, tid=10056
#
# JRE version: OpenJDK Runtime Environment (11.0.10) (build 11.0.10+0-b96-7249189)
# Java VM: OpenJDK 64-Bit Server VM (11.0.10+0-b96-7249189, mixed mode, tiered, compressed oops, g1 gc, windows-amd64)
# No core dump will be written. Minidumps are not enabled by default on client versions of Windows
#

---------------  S U M M A R Y ------------

Command Line: --add-opens=java.base/java.util=ALL-UNNAMED --add-opens=java.base/java.lang=ALL-UNNAMED --add-opens=java.base/java.lang.invoke=ALL-UNNAMED --add-opens=java.base/java.util=ALL-UNNAMED --add-opens=java.prefs/java.util.prefs=ALL-UNNAMED --add-opens=java.prefs/java.util.prefs=ALL-UNNAMED --add-opens=java.base/java.nio.charset=ALL-UNNAMED --add-opens=java.base/java.net=ALL-UNNAMED --add-opens=java.base/java.util.concurrent.atomic=ALL-UNNAMED -Xmx2048m -Dfile.encoding=UTF-8 -Duser.country=US -Duser.language=en -Duser.variant org.gradle.launcher.daemon.bootstrap.GradleDaemon 7.0.2

Host: AMD Ryzen 5 5500U with Radeon Graphics         , 12 cores, 7G,  Windows 10 , 64 bit Build 21996 (10.0.21996.1)
Time: Mon Feb  7 13:53:30 2022 SE Asia Standard Time elapsed time: 117.019783 seconds (0d 0h 1m 57s)

---------------  T H R E A D  ---------------

Current thread (0x000001cd74652800):  JavaThread "C2 CompilerThread1" daemon [_thread_in_native, id=10056, stack(0x000000b556100000,0x000000b556200000)]


Current CompileTask:
C2: 117019 13267   !   4       java.nio.file.FileTreeWalker::next (144 bytes)

Stack: [0x000000b556100000,0x000000b556200000]
Native frames: (J=compiled Java code, j=interpreted, Vv=VM code, C=native code)
V  [jvm.dll+0x5ecfaa]
V  [jvm.dll+0x722bd5]
V  [jvm.dll+0x72412d]
V  [jvm.dll+0x7247e3]
V  [jvm.dll+0x242928]
V  [jvm.dll+0xbc4fc]
V  [jvm.dll+0xbca0c]
V  [jvm.dll+0x352d7d]
V  [jvm.dll+0x320ad3]
V  [jvm.dll+0x31ffca]
V  [jvm.dll+0x1fb602]
V  [jvm.dll+0x1fa7f4]
V  [jvm.dll+0x18354c]
V  [jvm.dll+0x208ee7]
V  [jvm.dll+0x207731]
V  [jvm.dll+0x6eb1cf]
V  [jvm.dll+0x6e3d45]
V  [jvm.dll+0x5ebe96]
C  [ucrtbase.dll+0x26c0c]
C  [KERNEL32.DLL+0x154e0]
C  [ntdll.dll+0x485b]


---------------  P R O C E S S  ---------------

Threads class SMR info:
_java_thread_list=0x000001cd7885c330, length=81, elements={
0x000001cd55e2d000, 0x000001cd706e3000, 0x000001cd706e6000, 0x000001cd71072800,
0x000001cd70703800, 0x000001cd70704800, 0x000001cd70705800, 0x000001cd70709000,
0x000001cd7070e000, 0x000001cd711c4000, 0x000001cd73c63800, 0x000001cd72715000,
0x000001cd71388000, 0x000001cd72fe7800, 0x000001cd733a9000, 0x000001cd733af000,
0x000001cd733aa000, 0x000001cd733ad800, 0x000001cd733ae000, 0x000001cd7442d000,
0x000001cd7442d800, 0x000001cd7442e800, 0x000001cd7442f800, 0x000001cd74430000,
0x000001cd74431800, 0x000001cd78b6c800, 0x000001cd78b69800, 0x000001cd78b6a000,
0x000001cd78b6d800, 0x000001cd78b67800, 0x000001cd78b72800, 0x000001cd78b71800,
0x000001cd78b73000, 0x000001cd78b6e000, 0x000001cd78b70000, 0x000001cd72010000,
0x000001cd7200e800, 0x000001cd7200b000, 0x000001cd7200c000, 0x000001cd7200f800,
0x000001cd72002800, 0x000001cd72003000, 0x000001cd72004800, 0x000001cd72004000,
0x000001cd72001800, 0x000001cd72008000, 0x000001cd72005800, 0x000001cd72006800,
0x000001cd72007000, 0x000001cd7200d800, 0x000001cd7200a800, 0x000001cd72009000,
0x000001cd72009800, 0x000001cd74427000, 0x000001cd74429800, 0x000001cd7442b000,
0x000001cd7442c000, 0x000001cd74428800, 0x000001cd74432800, 0x000001cd74433800,
0x000001cd74436000, 0x000001cd74434000, 0x000001cd74435000, 0x000001cd78b64800,
0x000001cd78b6b000, 0x000001cd78b65000, 0x000001cd78b68800, 0x000001cd78b67000,
0x000001cd78b6c000, 0x000001cd78b66000, 0x000001cd733ac800, 0x000001cd733a8800,
0x000001cd733ab000, 0x000001cd733ab800, 0x000001cd722cc000, 0x000001cd722c9800,
0x000001cd722cb800, 0x000001cd74652800, 0x000001cd722ca800, 0x000001cd722c7800,
0x000001cd71fcc000
}

Java Threads: ( => current thread )
  0x000001cd55e2d000 JavaThread "main" [_thread_blocked, id=11724, stack(0x000000b550600000,0x000000b550700000)]
  0x000001cd706e3000 JavaThread "Reference Handler" daemon [_thread_blocked, id=11004, stack(0x000000b550d00000,0x000000b550e00000)]
  0x000001cd706e6000 JavaThread "Finalizer" daemon [_thread_blocked, id=4048, stack(0x000000b550e00000,0x000000b550f00000)]
  0x000001cd71072800 JavaThread "Signal Dispatcher" daemon [_thread_blocked, id=12228, stack(0x000000b550f00000,0x000000b551000000)]
  0x000001cd70703800 JavaThread "Attach Listener" daemon [_thread_blocked, id=5684, stack(0x000000b551000000,0x000000b551100000)]
  0x000001cd70704800 JavaThread "Service Thread" daemon [_thread_blocked, id=10980, stack(0x000000b551100000,0x000000b551200000)]
  0x000001cd70705800 JavaThread "C2 CompilerThread0" daemon [_thread_in_native, id=11192, stack(0x000000b551200000,0x000000b551300000)]
  0x000001cd70709000 JavaThread "C1 CompilerThread0" daemon [_thread_blocked, id=12644, stack(0x000000b551300000,0x000000b551400000)]
  0x000001cd7070e000 JavaThread "Sweeper thread" daemon [_thread_blocked, id=904, stack(0x000000b551400000,0x000000b551500000)]
  0x000001cd711c4000 JavaThread "Common-Cleaner" daemon [_thread_blocked, id=10976, stack(0x000000b551500000,0x000000b551600000)]
  0x000001cd73c63800 JavaThread "Daemon health stats" [_thread_blocked, id=8240, stack(0x000000b551a00000,0x000000b551b00000)]
  0x000001cd72715000 JavaThread "Incoming local TCP Connector on port 52751" [_thread_in_native, id=10192, stack(0x000000b551700000,0x000000b551800000)]
  0x000001cd71388000 JavaThread "Daemon periodic checks" [_thread_blocked, id=7612, stack(0x000000b551900000,0x000000b551a00000)]
  0x000001cd72fe7800 JavaThread "Daemon" [_thread_blocked, id=7036, stack(0x000000b551b00000,0x000000b551c00000)]
  0x000001cd733a9000 JavaThread "Daemon worker" [_thread_blocked, id=5900, stack(0x000000b551e00000,0x000000b551f00000)]
  0x000001cd733af000 JavaThread "Cache worker for file hash cache (C:\Users\suare\.gradle\caches\7.0.2\fileHashes)" [_thread_blocked, id=12160, stack(0x000000b552b00000,0x000000b552c00000)]
  0x000001cd733aa000 JavaThread "File lock request listener" [_thread_in_native, id=2564, stack(0x000000b552c00000,0x000000b552d00000)]
  0x000001cd733ad800 JavaThread "Cache worker for journal cache (C:\Users\suare\.gradle\caches\journal-1)" [_thread_blocked, id=6296, stack(0x000000b552f00000,0x000000b553000000)]
  0x000001cd733ae000 JavaThread "File watcher server" daemon [_thread_in_native, id=2420, stack(0x000000b553200000,0x000000b553300000)]
  0x000001cd7442d000 JavaThread "File watcher consumer" daemon [_thread_blocked, id=9424, stack(0x000000b553300000,0x000000b553400000)]
  0x000001cd7442d800 JavaThread "Cache worker for execution history cache (C:\Users\suare\.gradle\caches\7.0.2\executionHistory)" [_thread_blocked, id=12524, stack(0x000000b553800000,0x000000b553900000)]
  0x000001cd7442e800 JavaThread "jar transforms" [_thread_blocked, id=3972, stack(0x000000b553900000,0x000000b553a00000)]
  0x000001cd7442f800 JavaThread "jar transforms Thread 2" [_thread_blocked, id=10516, stack(0x000000b553a00000,0x000000b553b00000)]
  0x000001cd74430000 JavaThread "Cache worker for file content cache (C:\Users\suare\.gradle\caches\7.0.2\fileContent)" [_thread_blocked, id=7500, stack(0x000000b553b00000,0x000000b553c00000)]
  0x000001cd74431800 JavaThread "jar transforms Thread 3" [_thread_blocked, id=7220, stack(0x000000b553d00000,0x000000b553e00000)]
  0x000001cd78b6c800 JavaThread "jar transforms Thread 4" [_thread_blocked, id=1288, stack(0x000000b554b00000,0x000000b554c00000)]
  0x000001cd78b69800 JavaThread "jar transforms Thread 5" [_thread_blocked, id=9196, stack(0x000000b554c00000,0x000000b554d00000)]
  0x000001cd78b6a000 JavaThread "jar transforms Thread 6" [_thread_blocked, id=12880, stack(0x000000b554d00000,0x000000b554e00000)]
  0x000001cd78b6d800 JavaThread "jar transforms Thread 7" [_thread_blocked, id=11476, stack(0x000000b554e00000,0x000000b554f00000)]
  0x000001cd78b67800 JavaThread "jar transforms Thread 8" [_thread_blocked, id=10472, stack(0x000000b554f00000,0x000000b555000000)]
  0x000001cd78b72800 JavaThread "jar transforms Thread 9" [_thread_blocked, id=824, stack(0x000000b555000000,0x000000b555100000)]
  0x000001cd78b71800 JavaThread "jar transforms Thread 10" [_thread_blocked, id=2260, stack(0x000000b555100000,0x000000b555200000)]
  0x000001cd78b73000 JavaThread "jar transforms Thread 11" [_thread_blocked, id=8500, stack(0x000000b555200000,0x000000b555300000)]
  0x000001cd78b6e000 JavaThread "jar transforms Thread 12" [_thread_blocked, id=7924, stack(0x000000b555300000,0x000000b555400000)]
  0x000001cd78b70000 JavaThread "Memory manager" [_thread_blocked, id=6212, stack(0x000000b555400000,0x000000b555500000)]
  0x000001cd72010000 JavaThread "RMI Scheduler(0)" daemon [_thread_blocked, id=296, stack(0x000000b553000000,0x000000b553100000)]
  0x000001cd7200e800 JavaThread "RMI RenewClean-[127.0.0.1:17456,org.jetbrains.kotlin.daemon.common.LoopbackNetworkInterface$ClientLoopbackSocketFactory@3c9907d6]" daemon [_thread_blocked, id=2144, stack(0x000000b553700000,0x000000b553800000)]
  0x000001cd7200b000 JavaThread "RMI GC Daemon" daemon [_thread_blocked, id=8072, stack(0x000000b556200000,0x000000b556300000)]
  0x000001cd7200c000 JavaThread "RMI TCP Accept-0" daemon [_thread_in_native, id=928, stack(0x000000b556300000,0x000000b556400000)]
  0x000001cd7200f800 JavaThread "RMI Reaper" [_thread_blocked, id=9576, stack(0x000000b556400000,0x000000b556500000)]
  0x000001cd72002800 JavaThread "Handler for socket connection from /127.0.0.1:52751 to /127.0.0.1:52792" [_thread_in_native, id=2796, stack(0x000000b550300000,0x000000b550400000)]
  0x000001cd72003000 JavaThread "Cancel handler" [_thread_blocked, id=7112, stack(0x000000b550400000,0x000000b550500000)]
  0x000001cd72004800 JavaThread "Asynchronous log dispatcher for DefaultDaemonConnection: socket connection from /127.0.0.1:52751 to /127.0.0.1:52792" [_thread_blocked, id=11876, stack(0x000000b550500000,0x000000b550600000)]
  0x000001cd72004000 JavaThread "Stdin handler" [_thread_blocked, id=12632, stack(0x000000b551c00000,0x000000b551d00000)]
  0x000001cd72001800 JavaThread "Daemon client event forwarder" [_thread_blocked, id=8488, stack(0x000000b551d00000,0x000000b551e00000)]
  0x000001cd72008000 JavaThread "Cache worker for file hash cache (D:\DOKUMEN\FilmAPI\.gradle\7.0.2\fileHashes)" [_thread_blocked, id=9972, stack(0x000000b551f00000,0x000000b552000000)]
  0x000001cd72005800 JavaThread "Cache worker for checksums cache (D:\DOKUMEN\FilmAPI\.gradle\checksums)" [_thread_blocked, id=4428, stack(0x000000b553100000,0x000000b553200000)]
  0x000001cd72006800 JavaThread "Cache worker for cache directory md-supplier (C:\Users\suare\.gradle\caches\7.0.2\md-supplier)" [_thread_blocked, id=1956, stack(0x000000b553400000,0x000000b553500000)]
  0x000001cd72007000 JavaThread "Cache worker for cache directory md-rule (C:\Users\suare\.gradle\caches\7.0.2\md-rule)" [_thread_blocked, id=5788, stack(0x000000b553500000,0x000000b553600000)]
  0x000001cd7200d800 JavaThread "Cache worker for dependencies-accessors (D:\DOKUMEN\FilmAPI\.gradle\7.0.2\dependencies-accessors)" [_thread_blocked, id=7888, stack(0x000000b553600000,0x000000b553700000)]
  0x000001cd7200a800 JavaThread "Cache worker for Build Output Cleanup Cache (D:\DOKUMEN\FilmAPI\.gradle\buildOutputCleanup)" [_thread_blocked, id=6568, stack(0x000000b553c00000,0x000000b553d00000)]
  0x000001cd72009000 JavaThread "Build operations" [_thread_blocked, id=2180, stack(0x000000b553e00000,0x000000b553f00000)]
  0x000001cd72009800 JavaThread "Build operations Thread 2" [_thread_blocked, id=2068, stack(0x000000b553f00000,0x000000b554000000)]
  0x000001cd74427000 JavaThread "Build operations Thread 3" [_thread_blocked, id=2080, stack(0x000000b554000000,0x000000b554100000)]
  0x000001cd74429800 JavaThread "Build operations Thread 4" [_thread_blocked, id=5772, stack(0x000000b554100000,0x000000b554200000)]
  0x000001cd7442b000 JavaThread "Build operations Thread 5" [_thread_blocked, id=11828, stack(0x000000b554200000,0x000000b554300000)]
  0x000001cd7442c000 JavaThread "Build operations Thread 6" [_thread_blocked, id=10168, stack(0x000000b554300000,0x000000b554400000)]
  0x000001cd74428800 JavaThread "Build operations Thread 7" [_thread_blocked, id=3636, stack(0x000000b554400000,0x000000b554500000)]
  0x000001cd74432800 JavaThread "Build operations Thread 8" [_thread_blocked, id=4736, stack(0x000000b554500000,0x000000b554600000)]
  0x000001cd74433800 JavaThread "Build operations Thread 9" [_thread_blocked, id=7464, stack(0x000000b554600000,0x000000b554700000)]
  0x000001cd74436000 JavaThread "Build operations Thread 10" [_thread_blocked, id=12108, stack(0x000000b554700000,0x000000b554800000)]
  0x000001cd74434000 JavaThread "Build operations Thread 11" [_thread_blocked, id=11956, stack(0x000000b554800000,0x000000b554900000)]
  0x000001cd74435000 JavaThread "Build operations Thread 12" [_thread_blocked, id=6560, stack(0x000000b554900000,0x000000b554a00000)]
  0x000001cd78b64800 JavaThread "build event listener" [_thread_blocked, id=3740, stack(0x000000b554a00000,0x000000b554b00000)]
  0x000001cd78b6b000 JavaThread "Execution worker for ':'" [_thread_in_Java, id=12292, stack(0x000000b555500000,0x000000b555600000)]
  0x000001cd78b65000 JavaThread "Execution worker for ':' Thread 2" [_thread_blocked, id=8836, stack(0x000000b555600000,0x000000b555700000)]
  0x000001cd78b68800 JavaThread "Execution worker for ':' Thread 3" [_thread_blocked, id=6836, stack(0x000000b555700000,0x000000b555800000)]
  0x000001cd78b67000 JavaThread "Execution worker for ':' Thread 4" [_thread_blocked, id=5368, stack(0x000000b555800000,0x000000b555900000)]
  0x000001cd78b6c000 JavaThread "Execution worker for ':' Thread 5" [_thread_blocked, id=4288, stack(0x000000b555900000,0x000000b555a00000)]
  0x000001cd78b66000 JavaThread "Execution worker for ':' Thread 6" [_thread_blocked, id=2052, stack(0x000000b555a00000,0x000000b555b00000)]
  0x000001cd733ac800 JavaThread "Execution worker for ':' Thread 7" [_thread_blocked, id=10228, stack(0x000000b555b00000,0x000000b555c00000)]
  0x000001cd733a8800 JavaThread "Execution worker for ':' Thread 8" [_thread_blocked, id=4644, stack(0x000000b555c00000,0x000000b555d00000)]
  0x000001cd733ab000 JavaThread "Execution worker for ':' Thread 9" [_thread_blocked, id=11844, stack(0x000000b555d00000,0x000000b555e00000)]
  0x000001cd733ab800 JavaThread "Execution worker for ':' Thread 10" [_thread_blocked, id=12512, stack(0x000000b555e00000,0x000000b555f00000)]
  0x000001cd722cc000 JavaThread "Execution worker for ':' Thread 11" [_thread_blocked, id=920, stack(0x000000b555f00000,0x000000b556000000)]
  0x000001cd722c9800 JavaThread "Cache worker for execution history cache (D:\DOKUMEN\FilmAPI\.gradle\7.0.2\executionHistory)" [_thread_blocked, id=4336, stack(0x000000b556000000,0x000000b556100000)]
  0x000001cd722cb800 JavaThread "RMI TCP Connection(2)-127.0.0.1" daemon [_thread_in_native, id=8164, stack(0x000000b552100000,0x000000b552200000)]
=>0x000001cd74652800 JavaThread "C2 CompilerThread1" daemon [_thread_in_native, id=10056, stack(0x000000b556100000,0x000000b556200000)]
  0x000001cd722ca800 JavaThread "Cache worker for Java compile cache (C:\Users\suare\.gradle\caches\7.0.2\javaCompile)" [_thread_blocked, id=9320, stack(0x000000b556800000,0x000000b556900000)]
  0x000001cd722c7800 JavaThread "Cache worker for Java compile cache (D:\DOKUMEN\FilmAPI\.gradle\7.0.2\javaCompile)" [_thread_blocked, id=7644, stack(0x000000b556900000,0x000000b556a00000)]
  0x000001cd71fcc000 JavaThread "C2 CompilerThread2" daemon [_thread_in_native, id=5404, stack(0x000000b552000000,0x000000b552100000)]

Other Threads:
  0x000001cd706e0000 VMThread "VM Thread" [stack: 0x000000b550c00000,0x000000b550d00000] [id=3524]
  0x000001cd711de800 WatcherThread [stack: 0x000000b551600000,0x000000b551700000] [id=11388]
  0x000001cd55e45000 GCTaskThread "GC Thread#0" [stack: 0x000000b550700000,0x000000b550800000] [id=10532]
  0x000001cd71d8b800 GCTaskThread "GC Thread#1" [stack: 0x000000b551800000,0x000000b551900000] [id=9820]
  0x000001cd7397f800 GCTaskThread "GC Thread#2" [stack: 0x000000b552200000,0x000000b552300000] [id=9200]
  0x000001cd7397e000 GCTaskThread "GC Thread#3" [stack: 0x000000b552300000,0x000000b552400000] [id=8496]
  0x000001cd7397c800 GCTaskThread "GC Thread#4" [stack: 0x000000b552400000,0x000000b552500000] [id=13092]
  0x000001cd73980800 GCTaskThread "GC Thread#5" [stack: 0x000000b552500000,0x000000b552600000] [id=4652]
  0x000001cd7397f000 GCTaskThread "GC Thread#6" [stack: 0x000000b552600000,0x000000b552700000] [id=12032]
  0x000001cd73981000 GCTaskThread "GC Thread#7" [stack: 0x000000b552700000,0x000000b552800000] [id=940]
  0x000001cd73981800 GCTaskThread "GC Thread#8" [stack: 0x000000b552800000,0x000000b552900000] [id=5224]
  0x000001cd73982800 GCTaskThread "GC Thread#9" [stack: 0x000000b552900000,0x000000b552a00000] [id=9224]
  0x000001cd55e7b800 ConcurrentGCThread "G1 Main Marker" [stack: 0x000000b550800000,0x000000b550900000] [id=1756]
  0x000001cd55e7c800 ConcurrentGCThread "G1 Conc#0" [stack: 0x000000b550900000,0x000000b550a00000] [id=9728]
  0x000001cd7397c000 ConcurrentGCThread "G1 Conc#1" [stack: 0x000000b552d00000,0x000000b552e00000] [id=9472]
  0x000001cd73983000 ConcurrentGCThread "G1 Conc#2" [stack: 0x000000b552e00000,0x000000b552f00000] [id=2636]
  0x000001cd70534800 ConcurrentGCThread "G1 Refine#0" [stack: 0x000000b550a00000,0x000000b550b00000] [id=11916]
  0x000001cd72ee7800 ConcurrentGCThread "G1 Refine#1" [stack: 0x000000b552a00000,0x000000b552b00000] [id=3388]
  0x000001cd70535000 ConcurrentGCThread "G1 Young RemSet Sampling" [stack: 0x000000b550b00000,0x000000b550c00000] [id=2988]

Threads with active compile tasks:
C2 CompilerThread0 117033 13272   !   4       java.nio.file.FileTreeWalker::visit (204 bytes)
C2 CompilerThread1 117033 13267   !   4       java.nio.file.FileTreeWalker::next (144 bytes)
C2 CompilerThread2 117033 13384       4       jdk.nio.zipfs.ZipFileSystem::getEntry (38 bytes)

VM state:not at safepoint (normal execution)

VM Mutex/Monitor currently owned by a thread: None

Heap address: 0x0000000080000000, size: 2048 MB, Compressed Oops mode: 32-bit
Narrow klass base: 0x0000000000000000, Narrow klass shift: 3
Compressed class space size: 1073741824 Address: 0x0000000100000000

Heap:
 garbage-first heap   total 210944K, used 122274K [0x0000000080000000, 0x0000000100000000)
  region size 1024K, 31 young (31744K), 7 survivors (7168K)
 Metaspace       used 101203K, capacity 103805K, committed 104824K, reserved 1140736K
  class space    used 12994K, capacity 13955K, committed 14284K, reserved 1048576K
Heap Regions: E=young(eden), S=young(survivor), O=old, HS=humongous(starts), HC=humongous(continues), CS=collection set, F=free, A=archive, TAMS=top-at-mark-start (previous, next)
|   0|0x0000000080000000, 0x0000000080100000, 0x0000000080100000|100%| O|  |TAMS 0x0000000080100000, 0x0000000080000000| Untracked 
|   1|0x0000000080100000, 0x0000000080200000, 0x0000000080200000|100%| O|  |TAMS 0x0000000080200000, 0x0000000080100000| Untracked 
|   2|0x0000000080200000, 0x0000000080300000, 0x0000000080300000|100%| O|  |TAMS 0x0000000080300000, 0x0000000080200000| Untracked 
|   3|0x0000000080300000, 0x0000000080400000, 0x0000000080400000|100%|HS|  |TAMS 0x0000000080400000, 0x0000000080300000| Complete 
|   4|0x0000000080400000, 0x0000000080500000, 0x0000000080500000|100%|HC|  |TAMS 0x0000000080500000, 0x0000000080400000| Complete 
|   5|0x0000000080500000, 0x0000000080600000, 0x0000000080600000|100%|HC|  |TAMS 0x0000000080600000, 0x0000000080500000| Complete 
|   6|0x0000000080600000, 0x0000000080700000, 0x0000000080700000|100%| O|  |TAMS 0x0000000080700000, 0x0000000080600000| Untracked 
|   7|0x0000000080700000, 0x0000000080800000, 0x0000000080800000|100%| O|  |TAMS 0x0000000080800000, 0x0000000080700000| Untracked 
|   8|0x0000000080800000, 0x0000000080900000, 0x0000000080900000|100%| O|  |TAMS 0x0000000080900000, 0x0000000080800000| Untracked 
|   9|0x0000000080900000, 0x0000000080a00000, 0x0000000080a00000|100%| O|  |TAMS 0x0000000080a00000, 0x0000000080900000| Untracked 
|  10|0x0000000080a00000, 0x0000000080b00000, 0x0000000080b00000|100%| O|  |TAMS 0x0000000080b00000, 0x0000000080a00000| Untracked 
|  11|0x0000000080b00000, 0x0000000080c00000, 0x0000000080c00000|100%| O|  |TAMS 0x0000000080c00000, 0x0000000080b00000| Untracked 
|  12|0x0000000080c00000, 0x0000000080d00000, 0x0000000080d00000|100%| O|  |TAMS 0x0000000080d00000, 0x0000000080c00000| Untracked 
|  13|0x0000000080d00000, 0x0000000080e00000, 0x0000000080e00000|100%| O|  |TAMS 0x0000000080e00000, 0x0000000080d00000| Untracked 
|  14|0x0000000080e00000, 0x0000000080f00000, 0x0000000080f00000|100%| O|  |TAMS 0x0000000080f00000, 0x0000000080e00000| Untracked 
|  15|0x0000000080f00000, 0x0000000081000000, 0x0000000081000000|100%| O|  |TAMS 0x0000000081000000, 0x0000000080f00000| Untracked 
|  16|0x0000000081000000, 0x0000000081100000, 0x0000000081100000|100%| O|  |TAMS 0x0000000081100000, 0x0000000081000000| Untracked 
|  17|0x0000000081100000, 0x0000000081200000, 0x0000000081200000|100%| O|  |TAMS 0x0000000081200000, 0x0000000081100000| Untracked 
|  18|0x0000000081200000, 0x0000000081300000, 0x0000000081300000|100%| O|  |TAMS 0x0000000081300000, 0x0000000081200000| Untracked 
|  19|0x0000000081300000, 0x0000000081400000, 0x0000000081400000|100%| O|  |TAMS 0x0000000081400000, 0x0000000081300000| Untracked 
|  20|0x0000000081400000, 0x0000000081500000, 0x0000000081500000|100%| O|  |TAMS 0x0000000081500000, 0x0000000081400000| Untracked 
|  21|0x0000000081500000, 0x0000000081600000, 0x0000000081600000|100%| O|  |TAMS 0x0000000081600000, 0x0000000081500000| Untracked 
|  22|0x0000000081600000, 0x0000000081700000, 0x0000000081700000|100%| O|  |TAMS 0x0000000081700000, 0x0000000081600000| Untracked 
|  23|0x0000000081700000, 0x0000000081800000, 0x0000000081800000|100%| O|  |TAMS 0x0000000081800000, 0x0000000081700000| Untracked 
|  24|0x0000000081800000, 0x0000000081900000, 0x0000000081900000|100%| O|  |TAMS 0x0000000081900000, 0x0000000081800000| Untracked 
|  25|0x0000000081900000, 0x0000000081a00000, 0x0000000081a00000|100%| O|  |TAMS 0x0000000081a00000, 0x0000000081900000| Untracked 
|  26|0x0000000081a00000, 0x0000000081b00000, 0x0000000081b00000|100%|HS|  |TAMS 0x0000000081b00000, 0x0000000081a00000| Complete 
|  27|0x0000000081b00000, 0x0000000081c00000, 0x0000000081c00000|100%|HS|  |TAMS 0x0000000081c00000, 0x0000000081b00000| Complete 
|  28|0x0000000081c00000, 0x0000000081d00000, 0x0000000081d00000|100%|HS|  |TAMS 0x0000000081d00000, 0x0000000081c00000| Complete 
|  29|0x0000000081d00000, 0x0000000081e00000, 0x0000000081e00000|100%|HS|  |TAMS 0x0000000081e00000, 0x0000000081d00000| Complete 
|  30|0x0000000081e00000, 0x0000000081f00000, 0x0000000081f00000|100%|HC|  |TAMS 0x0000000081f00000, 0x0000000081e00000| Complete 
|  31|0x0000000081f00000, 0x0000000082000000, 0x0000000082000000|100%|HC|  |TAMS 0x0000000082000000, 0x0000000081f00000| Complete 
|  32|0x0000000082000000, 0x0000000082100000, 0x0000000082100000|100%|HS|  |TAMS 0x0000000082100000, 0x0000000082000000| Complete 
|  33|0x0000000082100000, 0x0000000082200000, 0x0000000082200000|100%|HC|  |TAMS 0x0000000082200000, 0x0000000082100000| Complete 
|  34|0x0000000082200000, 0x0000000082300000, 0x0000000082300000|100%| O|  |TAMS 0x0000000082300000, 0x0000000082200000| Untracked 
|  35|0x0000000082300000, 0x0000000082400000, 0x0000000082400000|100%| O|  |TAMS 0x0000000082400000, 0x0000000082300000| Untracked 
|  36|0x0000000082400000, 0x0000000082500000, 0x0000000082500000|100%| O|  |TAMS 0x0000000082500000, 0x0000000082400000| Untracked 
|  37|0x0000000082500000, 0x0000000082600000, 0x0000000082600000|100%| O|  |TAMS 0x0000000082600000, 0x0000000082500000| Untracked 
|  38|0x0000000082600000, 0x0000000082700000, 0x0000000082700000|100%| O|  |TAMS 0x0000000082700000, 0x0000000082600000| Untracked 
|  39|0x0000000082700000, 0x0000000082800000, 0x0000000082800000|100%| O|  |TAMS 0x0000000082800000, 0x0000000082700000| Untracked 
|  40|0x0000000082800000, 0x0000000082900000, 0x0000000082900000|100%| O|  |TAMS 0x0000000082900000, 0x0000000082800000| Untracked 
|  41|0x0000000082900000, 0x0000000082a00000, 0x0000000082a00000|100%| O|  |TAMS 0x0000000082a00000, 0x0000000082900000| Untracked 
|  42|0x0000000082a00000, 0x0000000082b00000, 0x0000000082b00000|100%| O|  |TAMS 0x0000000082b00000, 0x0000000082a00000| Untracked 
|  43|0x0000000082b00000, 0x0000000082c00000, 0x0000000082c00000|100%| O|  |TAMS 0x0000000082c00000, 0x0000000082b00000| Untracked 
|  44|0x0000000082c00000, 0x0000000082d00000, 0x0000000082d00000|100%| O|  |TAMS 0x0000000082d00000, 0x0000000082c00000| Untracked 
|  45|0x0000000082d00000, 0x0000000082e00000, 0x0000000082e00000|100%| O|  |TAMS 0x0000000082e00000, 0x0000000082d00000| Untracked 
|  46|0x0000000082e00000, 0x0000000082f00000, 0x0000000082f00000|100%| O|  |TAMS 0x0000000082f00000, 0x0000000082e00000| Untracked 
|  47|0x0000000082f00000, 0x0000000083000000, 0x0000000083000000|100%| O|  |TAMS 0x0000000083000000, 0x0000000082f00000| Untracked 
|  48|0x0000000083000000, 0x0000000083100000, 0x0000000083100000|100%| O|  |TAMS 0x0000000083100000, 0x0000000083000000| Untracked 
|  49|0x0000000083100000, 0x0000000083200000, 0x0000000083200000|100%| O|  |TAMS 0x0000000083200000, 0x0000000083100000| Untracked 
|  50|0x0000000083200000, 0x0000000083300000, 0x0000000083300000|100%| O|  |TAMS 0x0000000083300000, 0x0000000083200000| Untracked 
|  51|0x0000000083300000, 0x0000000083400000, 0x0000000083400000|100%| O|  |TAMS 0x0000000083400000, 0x0000000083300000| Untracked 
|  52|0x0000000083400000, 0x0000000083500000, 0x0000000083500000|100%| O|  |TAMS 0x0000000083500000, 0x0000000083400000| Untracked 
|  53|0x0000000083500000, 0x0000000083600000, 0x0000000083600000|100%| O|  |TAMS 0x0000000083600000, 0x0000000083500000| Untracked 
|  54|0x0000000083600000, 0x0000000083700000, 0x0000000083700000|100%| O|  |TAMS 0x0000000083700000, 0x0000000083600000| Untracked 
|  55|0x0000000083700000, 0x0000000083800000, 0x0000000083800000|100%| O|  |TAMS 0x0000000083800000, 0x0000000083700000| Untracked 
|  56|0x0000000083800000, 0x0000000083900000, 0x0000000083900000|100%| O|  |TAMS 0x0000000083900000, 0x0000000083800000| Untracked 
|  57|0x0000000083900000, 0x0000000083a00000, 0x0000000083a00000|100%| O|  |TAMS 0x0000000083a00000, 0x0000000083900000| Untracked 
|  58|0x0000000083a00000, 0x0000000083b00000, 0x0000000083b00000|100%| O|  |TAMS 0x0000000083b00000, 0x0000000083a00000| Untracked 
|  59|0x0000000083b00000, 0x0000000083c00000, 0x0000000083c00000|100%| O|  |TAMS 0x0000000083c00000, 0x0000000083b00000| Untracked 
|  60|0x0000000083c00000, 0x0000000083d00000, 0x0000000083d00000|100%| O|  |TAMS 0x0000000083d00000, 0x0000000083c00000| Untracked 
|  61|0x0000000083d00000, 0x0000000083e00000, 0x0000000083e00000|100%| O|  |TAMS 0x0000000083e00000, 0x0000000083d00000| Untracked 
|  62|0x0000000083e00000, 0x0000000083f00000, 0x0000000083f00000|100%| O|  |TAMS 0x0000000083f00000, 0x0000000083e00000| Untracked 
|  63|0x0000000083f00000, 0x0000000084000000, 0x0000000084000000|100%| O|  |TAMS 0x0000000084000000, 0x0000000083f00000| Untracked 
|  64|0x0000000084000000, 0x0000000084100000, 0x0000000084100000|100%| O|  |TAMS 0x0000000084100000, 0x0000000084000000| Untracked 
|  65|0x0000000084100000, 0x0000000084200000, 0x0000000084200000|100%| O|  |TAMS 0x0000000084200000, 0x0000000084100000| Untracked 
|  66|0x0000000084200000, 0x0000000084300000, 0x0000000084300000|100%| O|  |TAMS 0x0000000084300000, 0x0000000084200000| Untracked 
|  67|0x0000000084300000, 0x0000000084400000, 0x0000000084400000|100%| O|  |TAMS 0x0000000084400000, 0x0000000084300000| Untracked 
|  68|0x0000000084400000, 0x0000000084500000, 0x0000000084500000|100%| O|  |TAMS 0x0000000084500000, 0x0000000084400000| Untracked 
|  69|0x0000000084500000, 0x0000000084600000, 0x0000000084600000|100%| O|  |TAMS 0x0000000084600000, 0x0000000084500000| Untracked 
|  70|0x0000000084600000, 0x0000000084700000, 0x0000000084700000|100%| O|  |TAMS 0x0000000084700000, 0x0000000084600000| Untracked 
|  71|0x0000000084700000, 0x0000000084800000, 0x0000000084800000|100%| O|  |TAMS 0x0000000084800000, 0x0000000084700000| Untracked 
|  72|0x0000000084800000, 0x0000000084900000, 0x0000000084900000|100%| O|  |TAMS 0x0000000084900000, 0x0000000084800000| Untracked 
|  73|0x0000000084900000, 0x0000000084a00000, 0x0000000084a00000|100%| O|  |TAMS 0x0000000084a00000, 0x0000000084900000| Untracked 
|  74|0x0000000084a00000, 0x0000000084b00000, 0x0000000084b00000|100%| O|  |TAMS 0x0000000084b00000, 0x0000000084a00000| Untracked 
|  75|0x0000000084b00000, 0x0000000084c00000, 0x0000000084c00000|100%| O|  |TAMS 0x0000000084c00000, 0x0000000084b00000| Untracked 
|  76|0x0000000084c00000, 0x0000000084d00000, 0x0000000084d00000|100%| O|  |TAMS 0x0000000084d00000, 0x0000000084c00000| Untracked 
|  77|0x0000000084d00000, 0x0000000084e00000, 0x0000000084e00000|100%| O|  |TAMS 0x0000000084e00000, 0x0000000084d00000| Untracked 
|  78|0x0000000084e00000, 0x0000000084f00000, 0x0000000084f00000|100%| O|  |TAMS 0x0000000084f00000, 0x0000000084e00000| Untracked 
|  79|0x0000000084f00000, 0x0000000085000000, 0x0000000085000000|100%| O|  |TAMS 0x0000000085000000, 0x0000000084f00000| Untracked 
|  80|0x0000000085000000, 0x0000000085100000, 0x0000000085100000|100%| O|  |TAMS 0x0000000085100000, 0x0000000085000000| Untracked 
|  81|0x0000000085100000, 0x0000000085200000, 0x0000000085200000|100%| O|  |TAMS 0x0000000085200000, 0x0000000085100000| Untracked 
|  82|0x0000000085200000, 0x0000000085300000, 0x0000000085300000|100%| O|  |TAMS 0x0000000085300000, 0x0000000085200000| Untracked 
|  83|0x0000000085300000, 0x0000000085400000, 0x0000000085400000|100%| O|  |TAMS 0x0000000085400000, 0x0000000085300000| Untracked 
|  84|0x0000000085400000, 0x0000000085500000, 0x0000000085500000|100%| O|  |TAMS 0x0000000085500000, 0x0000000085400000| Untracked 
|  85|0x0000000085500000, 0x0000000085600000, 0x0000000085600000|100%| O|  |TAMS 0x0000000085600000, 0x0000000085500000| Untracked 
|  86|0x0000000085600000, 0x0000000085700000, 0x0000000085700000|100%| O|  |TAMS 0x0000000085700000, 0x0000000085600000| Untracked 
|  87|0x0000000085700000, 0x0000000085800000, 0x0000000085800000|100%| O|  |TAMS 0x0000000085800000, 0x0000000085700000| Untracked 
|  88|0x0000000085800000, 0x0000000085900000, 0x0000000085900000|100%| O|  |TAMS 0x0000000085900000, 0x0000000085800000| Untracked 
|  89|0x0000000085900000, 0x0000000085933800, 0x0000000085a00000| 20%| O|  |TAMS 0x0000000085933800, 0x0000000085900000| Untracked 
|  90|0x0000000085a00000, 0x0000000085b00000, 0x0000000085b00000|100%|HS|  |TAMS 0x0000000085a00000, 0x0000000085a00000| Complete 
|  91|0x0000000085b00000, 0x0000000085c00000, 0x0000000085c00000|100%|HC|  |TAMS 0x0000000085b00000, 0x0000000085b00000| Complete 
|  92|0x0000000085c00000, 0x0000000085c00000, 0x0000000085d00000|  0%| F|  |TAMS 0x0000000085c00000, 0x0000000085c00000| Untracked 
|  93|0x0000000085d00000, 0x0000000085d00000, 0x0000000085e00000|  0%| F|  |TAMS 0x0000000085d00000, 0x0000000085d00000| Untracked 
|  94|0x0000000085e00000, 0x0000000085e00000, 0x0000000085f00000|  0%| F|  |TAMS 0x0000000085e00000, 0x0000000085e00000| Untracked 
|  95|0x0000000085f00000, 0x0000000085f00000, 0x0000000086000000|  0%| F|  |TAMS 0x0000000085f00000, 0x0000000085f00000| Untracked 
|  96|0x0000000086000000, 0x0000000086000000, 0x0000000086100000|  0%| F|  |TAMS 0x0000000086000000, 0x0000000086000000| Untracked 
|  97|0x0000000086100000, 0x0000000086100000, 0x0000000086200000|  0%| F|  |TAMS 0x0000000086100000, 0x0000000086100000| Untracked 
|  98|0x0000000086200000, 0x0000000086200000, 0x0000000086300000|  0%| F|  |TAMS 0x0000000086200000, 0x0000000086200000| Untracked 
|  99|0x0000000086300000, 0x0000000086300000, 0x0000000086400000|  0%| F|  |TAMS 0x0000000086300000, 0x0000000086300000| Untracked 
| 100|0x0000000086400000, 0x0000000086400000, 0x0000000086500000|  0%| F|  |TAMS 0x0000000086400000, 0x0000000086400000| Untracked 
| 101|0x0000000086500000, 0x0000000086500000, 0x0000000086600000|  0%| F|  |TAMS 0x0000000086500000, 0x0000000086500000| Untracked 
| 102|0x0000000086600000, 0x0000000086600000, 0x0000000086700000|  0%| F|  |TAMS 0x0000000086600000, 0x0000000086600000| Untracked 
| 103|0x0000000086700000, 0x0000000086700000, 0x0000000086800000|  0%| F|  |TAMS 0x0000000086700000, 0x0000000086700000| Untracked 
| 104|0x0000000086800000, 0x0000000086800000, 0x0000000086900000|  0%| F|  |TAMS 0x0000000086800000, 0x0000000086800000| Untracked 
| 105|0x0000000086900000, 0x0000000086900000, 0x0000000086a00000|  0%| F|  |TAMS 0x0000000086900000, 0x0000000086900000| Untracked 
| 106|0x0000000086a00000, 0x0000000086a00000, 0x0000000086b00000|  0%| F|  |TAMS 0x0000000086a00000, 0x0000000086a00000| Untracked 
| 107|0x0000000086b00000, 0x0000000086b00000, 0x0000000086c00000|  0%| F|  |TAMS 0x0000000086b00000, 0x0000000086b00000| Untracked 
| 108|0x0000000086c00000, 0x0000000086c00000, 0x0000000086d00000|  0%| F|  |TAMS 0x0000000086c00000, 0x0000000086c00000| Untracked 
| 109|0x0000000086d00000, 0x0000000086d00000, 0x0000000086e00000|  0%| F|  |TAMS 0x0000000086d00000, 0x0000000086d00000| Untracked 
| 110|0x0000000086e00000, 0x0000000086e00000, 0x0000000086f00000|  0%| F|  |TAMS 0x0000000086e00000, 0x0000000086e00000| Untracked 
| 111|0x0000000086f00000, 0x0000000086f00000, 0x0000000087000000|  0%| F|  |TAMS 0x0000000086f00000, 0x0000000086f00000| Untracked 
| 112|0x0000000087000000, 0x0000000087000000, 0x0000000087100000|  0%| F|  |TAMS 0x0000000087000000, 0x0000000087000000| Untracked 
| 113|0x0000000087100000, 0x0000000087100000, 0x0000000087200000|  0%| F|  |TAMS 0x0000000087100000, 0x0000000087100000| Untracked 
| 114|0x0000000087200000, 0x0000000087200000, 0x0000000087300000|  0%| F|  |TAMS 0x0000000087200000, 0x0000000087200000| Untracked 
| 115|0x0000000087300000, 0x0000000087300000, 0x0000000087400000|  0%| F|  |TAMS 0x0000000087300000, 0x0000000087300000| Untracked 
| 116|0x0000000087400000, 0x0000000087400000, 0x0000000087500000|  0%| F|  |TAMS 0x0000000087400000, 0x0000000087400000| Untracked 
| 117|0x0000000087500000, 0x0000000087500000, 0x0000000087600000|  0%| F|  |TAMS 0x0000000087500000, 0x0000000087500000| Untracked 
| 118|0x0000000087600000, 0x0000000087600000, 0x0000000087700000|  0%| F|  |TAMS 0x0000000087600000, 0x0000000087600000| Untracked 
| 119|0x0000000087700000, 0x0000000087700000, 0x0000000087800000|  0%| F|  |TAMS 0x0000000087700000, 0x0000000087700000| Untracked 
| 120|0x0000000087800000, 0x0000000087800000, 0x0000000087900000|  0%| F|  |TAMS 0x0000000087800000, 0x0000000087800000| Untracked 
| 121|0x0000000087900000, 0x0000000087900000, 0x0000000087a00000|  0%| F|  |TAMS 0x0000000087900000, 0x0000000087900000| Untracked 
| 122|0x0000000087a00000, 0x0000000087a00000, 0x0000000087b00000|  0%| F|  |TAMS 0x0000000087a00000, 0x0000000087a00000| Untracked 
| 123|0x0000000087b00000, 0x0000000087b00000, 0x0000000087c00000|  0%| F|  |TAMS 0x0000000087b00000, 0x0000000087b00000| Untracked 
| 124|0x0000000087c00000, 0x0000000087c00000, 0x0000000087d00000|  0%| F|  |TAMS 0x0000000087c00000, 0x0000000087c00000| Untracked 
| 125|0x0000000087d00000, 0x0000000087d00000, 0x0000000087e00000|  0%| F|  |TAMS 0x0000000087d00000, 0x0000000087d00000| Untracked 
| 126|0x0000000087e00000, 0x0000000087e00000, 0x0000000087f00000|  0%| F|  |TAMS 0x0000000087e00000, 0x0000000087e00000| Untracked 
| 127|0x0000000087f00000, 0x0000000087f35208, 0x0000000088000000| 20%| S|CS|TAMS 0x0000000087f00000, 0x0000000087f00000| Complete 
| 128|0x0000000088000000, 0x0000000088100000, 0x0000000088100000|100%| S|CS|TAMS 0x0000000088000000, 0x0000000088000000| Complete 
| 129|0x0000000088100000, 0x0000000088200000, 0x0000000088200000|100%| S|CS|TAMS 0x0000000088100000, 0x0000000088100000| Complete 
| 130|0x0000000088200000, 0x0000000088300000, 0x0000000088300000|100%| S|CS|TAMS 0x0000000088200000, 0x0000000088200000| Complete 
| 131|0x0000000088300000, 0x0000000088400000, 0x0000000088400000|100%| S|CS|TAMS 0x0000000088300000, 0x0000000088300000| Complete 
| 132|0x0000000088400000, 0x0000000088500000, 0x0000000088500000|100%| S|CS|TAMS 0x0000000088400000, 0x0000000088400000| Complete 
| 133|0x0000000088500000, 0x0000000088600000, 0x0000000088600000|100%| S|CS|TAMS 0x0000000088500000, 0x0000000088500000| Complete 
| 134|0x0000000088600000, 0x0000000088600000, 0x0000000088700000|  0%| F|  |TAMS 0x0000000088600000, 0x0000000088600000| Untracked 
| 135|0x0000000088700000, 0x0000000088700000, 0x0000000088800000|  0%| F|  |TAMS 0x0000000088700000, 0x0000000088700000| Untracked 
| 136|0x0000000088800000, 0x0000000088800000, 0x0000000088900000|  0%| F|  |TAMS 0x0000000088800000, 0x0000000088800000| Untracked 
| 137|0x0000000088900000, 0x0000000088900000, 0x0000000088a00000|  0%| F|  |TAMS 0x0000000088900000, 0x0000000088900000| Untracked 
| 138|0x0000000088a00000, 0x0000000088a00000, 0x0000000088b00000|  0%| F|  |TAMS 0x0000000088a00000, 0x0000000088a00000| Untracked 
| 139|0x0000000088b00000, 0x0000000088b00000, 0x0000000088c00000|  0%| F|  |TAMS 0x0000000088b00000, 0x0000000088b00000| Untracked 
| 140|0x0000000088c00000, 0x0000000088c00000, 0x0000000088d00000|  0%| F|  |TAMS 0x0000000088c00000, 0x0000000088c00000| Untracked 
| 141|0x0000000088d00000, 0x0000000088d00000, 0x0000000088e00000|  0%| F|  |TAMS 0x0000000088d00000, 0x0000000088d00000| Untracked 
| 142|0x0000000088e00000, 0x0000000088e00000, 0x0000000088f00000|  0%| F|  |TAMS 0x0000000088e00000, 0x0000000088e00000| Untracked 
| 143|0x0000000088f00000, 0x0000000088f00000, 0x0000000089000000|  0%| F|  |TAMS 0x0000000088f00000, 0x0000000088f00000| Untracked 
| 144|0x0000000089000000, 0x0000000089000000, 0x0000000089100000|  0%| F|  |TAMS 0x0000000089000000, 0x0000000089000000| Untracked 
| 145|0x0000000089100000, 0x0000000089100000, 0x0000000089200000|  0%| F|  |TAMS 0x0000000089100000, 0x0000000089100000| Untracked 
| 146|0x0000000089200000, 0x0000000089200000, 0x0000000089300000|  0%| F|  |TAMS 0x0000000089200000, 0x0000000089200000| Untracked 
| 147|0x0000000089300000, 0x0000000089300000, 0x0000000089400000|  0%| F|  |TAMS 0x0000000089300000, 0x0000000089300000| Untracked 
| 148|0x0000000089400000, 0x0000000089400000, 0x0000000089500000|  0%| F|  |TAMS 0x0000000089400000, 0x0000000089400000| Untracked 
| 149|0x0000000089500000, 0x0000000089500000, 0x0000000089600000|  0%| F|  |TAMS 0x0000000089500000, 0x0000000089500000| Untracked 
| 150|0x0000000089600000, 0x0000000089600000, 0x0000000089700000|  0%| F|  |TAMS 0x0000000089600000, 0x0000000089600000| Untracked 
| 151|0x0000000089700000, 0x0000000089700000, 0x0000000089800000|  0%| F|  |TAMS 0x0000000089700000, 0x0000000089700000| Untracked 
| 152|0x0000000089800000, 0x0000000089800000, 0x0000000089900000|  0%| F|  |TAMS 0x0000000089800000, 0x0000000089800000| Untracked 
| 153|0x0000000089900000, 0x0000000089900000, 0x0000000089a00000|  0%| F|  |TAMS 0x0000000089900000, 0x0000000089900000| Untracked 
| 154|0x0000000089a00000, 0x0000000089a00000, 0x0000000089b00000|  0%| F|  |TAMS 0x0000000089a00000, 0x0000000089a00000| Untracked 
| 155|0x0000000089b00000, 0x0000000089b00000, 0x0000000089c00000|  0%| F|  |TAMS 0x0000000089b00000, 0x0000000089b00000| Untracked 
| 156|0x0000000089c00000, 0x0000000089c00000, 0x0000000089d00000|  0%| F|  |TAMS 0x0000000089c00000, 0x0000000089c00000| Untracked 
| 157|0x0000000089d00000, 0x0000000089d00000, 0x0000000089e00000|  0%| F|  |TAMS 0x0000000089d00000, 0x0000000089d00000| Untracked 
| 158|0x0000000089e00000, 0x0000000089e00000, 0x0000000089f00000|  0%| F|  |TAMS 0x0000000089e00000, 0x0000000089e00000| Untracked 
| 159|0x0000000089f00000, 0x0000000089f00000, 0x000000008a000000|  0%| F|  |TAMS 0x0000000089f00000, 0x0000000089f00000| Untracked 
| 160|0x000000008a000000, 0x000000008a000000, 0x000000008a100000|  0%| F|  |TAMS 0x000000008a000000, 0x000000008a000000| Untracked 
| 161|0x000000008a100000, 0x000000008a100000, 0x000000008a200000|  0%| F|  |TAMS 0x000000008a100000, 0x000000008a100000| Untracked 
| 162|0x000000008a200000, 0x000000008a200000, 0x000000008a300000|  0%| F|  |TAMS 0x000000008a200000, 0x000000008a200000| Untracked 
| 163|0x000000008a300000, 0x000000008a300000, 0x000000008a400000|  0%| F|  |TAMS 0x000000008a300000, 0x000000008a300000| Untracked 
| 164|0x000000008a400000, 0x000000008a400000, 0x000000008a500000|  0%| F|  |TAMS 0x000000008a400000, 0x000000008a400000| Untracked 
| 165|0x000000008a500000, 0x000000008a500000, 0x000000008a600000|  0%| F|  |TAMS 0x000000008a500000, 0x000000008a500000| Untracked 
| 166|0x000000008a600000, 0x000000008a600000, 0x000000008a700000|  0%| F|  |TAMS 0x000000008a600000, 0x000000008a600000| Untracked 
| 167|0x000000008a700000, 0x000000008a700000, 0x000000008a800000|  0%| F|  |TAMS 0x000000008a700000, 0x000000008a700000| Untracked 
| 168|0x000000008a800000, 0x000000008a800000, 0x000000008a900000|  0%| F|  |TAMS 0x000000008a800000, 0x000000008a800000| Untracked 
| 169|0x000000008a900000, 0x000000008a900000, 0x000000008aa00000|  0%| F|  |TAMS 0x000000008a900000, 0x000000008a900000| Untracked 
| 170|0x000000008aa00000, 0x000000008aa00000, 0x000000008ab00000|  0%| F|  |TAMS 0x000000008aa00000, 0x000000008aa00000| Untracked 
| 171|0x000000008ab00000, 0x000000008ab00000, 0x000000008ac00000|  0%| F|  |TAMS 0x000000008ab00000, 0x000000008ab00000| Untracked 
| 172|0x000000008ac00000, 0x000000008ac00000, 0x000000008ad00000|  0%| F|  |TAMS 0x000000008ac00000, 0x000000008ac00000| Untracked 
| 173|0x000000008ad00000, 0x000000008ad00000, 0x000000008ae00000|  0%| F|  |TAMS 0x000000008ad00000, 0x000000008ad00000| Untracked 
| 174|0x000000008ae00000, 0x000000008ae00000, 0x000000008af00000|  0%| F|  |TAMS 0x000000008ae00000, 0x000000008ae00000| Untracked 
| 175|0x000000008af00000, 0x000000008af00000, 0x000000008b000000|  0%| F|  |TAMS 0x000000008af00000, 0x000000008af00000| Untracked 
| 176|0x000000008b000000, 0x000000008b000000, 0x000000008b100000|  0%| F|  |TAMS 0x000000008b000000, 0x000000008b000000| Untracked 
| 177|0x000000008b100000, 0x000000008b100000, 0x000000008b200000|  0%| F|  |TAMS 0x000000008b100000, 0x000000008b100000| Untracked 
| 178|0x000000008b200000, 0x000000008b200000, 0x000000008b300000|  0%| F|  |TAMS 0x000000008b200000, 0x000000008b200000| Untracked 
| 179|0x000000008b300000, 0x000000008b300000, 0x000000008b400000|  0%| F|  |TAMS 0x000000008b300000, 0x000000008b300000| Untracked 
| 180|0x000000008b400000, 0x000000008b400000, 0x000000008b500000|  0%| F|  |TAMS 0x000000008b400000, 0x000000008b400000| Untracked 
| 181|0x000000008b500000, 0x000000008b500000, 0x000000008b600000|  0%| F|  |TAMS 0x000000008b500000, 0x000000008b500000| Untracked 
| 182|0x000000008b600000, 0x000000008b66fa58, 0x000000008b700000| 43%| E|  |TAMS 0x000000008b600000, 0x000000008b600000| Complete 
| 183|0x000000008b700000, 0x000000008b800000, 0x000000008b800000|100%| E|CS|TAMS 0x000000008b700000, 0x000000008b700000| Complete 
| 184|0x000000008b800000, 0x000000008b900000, 0x000000008b900000|100%| E|CS|TAMS 0x000000008b800000, 0x000000008b800000| Complete 
| 185|0x000000008b900000, 0x000000008ba00000, 0x000000008ba00000|100%| E|CS|TAMS 0x000000008b900000, 0x000000008b900000| Complete 
| 186|0x000000008ba00000, 0x000000008bb00000, 0x000000008bb00000|100%| E|CS|TAMS 0x000000008ba00000, 0x000000008ba00000| Complete 
| 187|0x000000008bb00000, 0x000000008bc00000, 0x000000008bc00000|100%| E|CS|TAMS 0x000000008bb00000, 0x000000008bb00000| Complete 
| 188|0x000000008bc00000, 0x000000008bd00000, 0x000000008bd00000|100%| E|CS|TAMS 0x000000008bc00000, 0x000000008bc00000| Complete 
| 189|0x000000008bd00000, 0x000000008be00000, 0x000000008be00000|100%| E|CS|TAMS 0x000000008bd00000, 0x000000008bd00000| Complete 
| 190|0x000000008be00000, 0x000000008bf00000, 0x000000008bf00000|100%| E|CS|TAMS 0x000000008be00000, 0x000000008be00000| Complete 
| 191|0x000000008bf00000, 0x000000008c000000, 0x000000008c000000|100%| E|CS|TAMS 0x000000008bf00000, 0x000000008bf00000| Complete 
| 192|0x000000008c000000, 0x000000008c100000, 0x000000008c100000|100%| E|CS|TAMS 0x000000008c000000, 0x000000008c000000| Complete 
| 193|0x000000008c100000, 0x000000008c200000, 0x000000008c200000|100%| E|CS|TAMS 0x000000008c100000, 0x000000008c100000| Complete 
| 194|0x000000008c200000, 0x000000008c300000, 0x000000008c300000|100%| E|  |TAMS 0x000000008c200000, 0x000000008c200000| Complete 
| 195|0x000000008c300000, 0x000000008c400000, 0x000000008c400000|100%| E|CS|TAMS 0x000000008c300000, 0x000000008c300000| Complete 
| 196|0x000000008c400000, 0x000000008c500000, 0x000000008c500000|100%| E|CS|TAMS 0x000000008c400000, 0x000000008c400000| Complete 
| 197|0x000000008c500000, 0x000000008c600000, 0x000000008c600000|100%| E|CS|TAMS 0x000000008c500000, 0x000000008c500000| Complete 
| 198|0x000000008c600000, 0x000000008c700000, 0x000000008c700000|100%| E|CS|TAMS 0x000000008c600000, 0x000000008c600000| Complete 
| 199|0x000000008c700000, 0x000000008c800000, 0x000000008c800000|100%| E|CS|TAMS 0x000000008c700000, 0x000000008c700000| Complete 
| 200|0x000000008c800000, 0x000000008c900000, 0x000000008c900000|100%| E|CS|TAMS 0x000000008c800000, 0x000000008c800000| Complete 
| 201|0x000000008c900000, 0x000000008ca00000, 0x000000008ca00000|100%| E|CS|TAMS 0x000000008c900000, 0x000000008c900000| Complete 
| 202|0x000000008ca00000, 0x000000008cb00000, 0x000000008cb00000|100%| E|CS|TAMS 0x000000008ca00000, 0x000000008ca00000| Complete 
| 203|0x000000008cb00000, 0x000000008cc00000, 0x000000008cc00000|100%| E|CS|TAMS 0x000000008cb00000, 0x000000008cb00000| Complete 
| 204|0x000000008cc00000, 0x000000008cd00000, 0x000000008cd00000|100%| E|CS|TAMS 0x000000008cc00000, 0x000000008cc00000| Complete 
| 205|0x000000008cd00000, 0x000000008ce00000, 0x000000008ce00000|100%| E|CS|TAMS 0x000000008cd00000, 0x000000008cd00000| Complete 

Card table byte_map: [0x000001cd69280000,0x000001cd69680000] _byte_map_base: 0x000001cd68e80000

Marking Bits (Prev, Next): (CMBitMap*) 0x000001cd55e72bf8, (CMBitMap*) 0x000001cd55e72c30
 Prev Bits: [0x000001cd69a80000, 0x000001cd6ba80000)
 Next Bits: [0x000001cd6ba80000, 0x000001cd6da80000)

Polling page: 0x000001cd53dc0000

Metaspace:

Usage:
  Non-class:     87.74 MB capacity,    86.14 MB ( 98%) used,     1.31 MB (  1%) free+waste,   300.56 KB ( <1%) overhead. 
      Class:     13.63 MB capacity,    12.69 MB ( 93%) used,   826.48 KB (  6%) free+waste,   134.19 KB ( <1%) overhead. 
       Both:    101.37 MB capacity,    98.83 MB ( 97%) used,     2.12 MB (  2%) free+waste,   434.75 KB ( <1%) overhead. 

Virtual space:
  Non-class space:       90.00 MB reserved,      88.42 MB ( 98%) committed 
      Class space:        1.00 GB reserved,      13.95 MB (  1%) committed 
             Both:        1.09 GB reserved,     102.37 MB (  9%) committed 

Chunk freelists:
   Non-Class:  498.00 KB
       Class:  253.00 KB
        Both:  751.00 KB

MaxMetaspaceSize: 17179869184.00 GB
CompressedClassSpaceSize: 1.00 GB

CodeHeap 'non-profiled nmethods': size=120000Kb used=8534Kb max_used=8534Kb free=111465Kb
 bounds [0x000001cd613f0000, 0x000001cd61c50000, 0x000001cd68920000]
CodeHeap 'profiled nmethods': size=120000Kb used=28958Kb max_used=28958Kb free=91041Kb
 bounds [0x000001cd59ec0000, 0x000001cd5bb10000, 0x000001cd613f0000]
CodeHeap 'non-nmethods': size=5760Kb used=2322Kb max_used=2379Kb free=3437Kb
 bounds [0x000001cd59920000, 0x000001cd59b90000, 0x000001cd59ec0000]
 total_blobs=14269 nmethods=13325 adapters=855
 compilation: enabled
              stopped_count=0, restarted_count=0
 full_count=0

Compilation events (20 events):
Event: 116.982 Thread 0x000001cd70709000 nmethod 13369 0x000001cd5bb07490 code [0x000001cd5bb07660, 0x000001cd5bb078b8]
Event: 116.995 Thread 0x000001cd71fcc000 nmethod 13371 0x000001cd61c40e90 code [0x000001cd61c410e0, 0x000001cd61c420c0]
Event: 116.996 Thread 0x000001cd71fcc000 13378       4       java.util.Arrays::binarySearch0 (83 bytes)
Event: 116.999 Thread 0x000001cd71fcc000 nmethod 13378 0x000001cd61c42910 code [0x000001cd61c42ac0, 0x000001cd61c42f58]
Event: 116.999 Thread 0x000001cd71fcc000 13375       4       jdk.nio.zipfs.JarFileSystem$$Lambda$1459/0x0000000100afac40::apply (8 bytes)
Event: 116.999 Thread 0x000001cd71fcc000 nmethod 13375 0x000001cd61c43290 code [0x000001cd61c43420, 0x000001cd61c434b8]
Event: 116.999 Thread 0x000001cd71fcc000 13373       4       java.util.concurrent.locks.ReentrantReadWriteLock$Sync::tryAcquireShared (177 bytes)
Event: 117.001 Thread 0x000001cd71fcc000 nmethod 13373 0x000001cd61c43590 code [0x000001cd61c43740, 0x000001cd61c43a08]
Event: 117.001 Thread 0x000001cd71fcc000 13374       4       java.util.concurrent.locks.ReentrantReadWriteLock$Sync::tryReleaseShared (146 bytes)
Event: 117.003 Thread 0x000001cd71fcc000 nmethod 13374 0x000001cd61c43c10 code [0x000001cd61c43da0, 0x000001cd61c43ef8]
Event: 117.003 Thread 0x000001cd71fcc000 13376       4       java.util.concurrent.locks.ReentrantReadWriteLock$NonfairSync::readerShouldBlock (5 bytes)
Event: 117.003 Thread 0x000001cd71fcc000 nmethod 13376 0x000001cd61c44010 code [0x000001cd61c441a0, 0x000001cd61c44218]
Event: 117.003 Thread 0x000001cd71fcc000 13377       4       java.util.concurrent.locks.AbstractQueuedSynchronizer::apparentlyFirstQueuedIsExclusive (38 bytes)
Event: 117.003 Thread 0x000001cd71fcc000 nmethod 13377 0x000001cd61c44290 code [0x000001cd61c44420, 0x000001cd61c44498]
Event: 117.003 Thread 0x000001cd71fcc000 13379       4       java.time.ZoneRegion::getRules (23 bytes)
Event: 117.003 Thread 0x000001cd71fcc000 nmethod 13379 0x000001cd61c44510 code [0x000001cd61c446a0, 0x000001cd61c44718]
Event: 117.006 Thread 0x000001cd71fcc000 13380   !   4       sun.nio.ch.NativeThreadSet::remove (50 bytes)
Event: 117.008 Thread 0x000001cd71fcc000 nmethod 13380 0x000001cd61c44790 code [0x000001cd61c44920, 0x000001cd61c44bb8]
Event: 117.008 Thread 0x000001cd71fcc000 13381       4       jdk.nio.zipfs.ZipPath::getResolvedPath (42 bytes)
Event: 117.012 Thread 0x000001cd71fcc000 nmethod 13381 0x000001cd61c44d10 code [0x000001cd61c44ec0, 0x000001cd61c45258]

GC Heap History (20 events):
Event: 6.767 GC heap before
{Heap before GC invocations=14 (full 0):
 garbage-first heap   total 145408K, used 101333K [0x0000000080000000, 0x0000000100000000)
  region size 1024K, 52 young (53248K), 3 survivors (3072K)
 Metaspace       used 62896K, capacity 64382K, committed 64716K, reserved 1105920K
  class space    used 7979K, capacity 8534K, committed 8652K, reserved 1048576K
}
Event: 6.775 GC heap after
{Heap after GC invocations=15 (full 0):
 garbage-first heap   total 175104K, used 54444K [0x0000000080000000, 0x0000000100000000)
  region size 1024K, 6 young (6144K), 6 survivors (6144K)
 Metaspace       used 62896K, capacity 64382K, committed 64716K, reserved 1105920K
  class space    used 7979K, capacity 8534K, committed 8652K, reserved 1048576K
}
Event: 7.745 GC heap before
{Heap before GC invocations=15 (full 0):
 garbage-first heap   total 175104K, used 115884K [0x0000000080000000, 0x0000000100000000)
  region size 1024K, 66 young (67584K), 6 survivors (6144K)
 Metaspace       used 66714K, capacity 68226K, committed 68428K, reserved 1107968K
  class space    used 8463K, capacity 9021K, committed 9036K, reserved 1048576K
}
Event: 7.756 GC heap after
{Heap after GC invocations=16 (full 0):
 garbage-first heap   total 175104K, used 59568K [0x0000000080000000, 0x0000000100000000)
  region size 1024K, 9 young (9216K), 9 survivors (9216K)
 Metaspace       used 66714K, capacity 68226K, committed 68428K, reserved 1107968K
  class space    used 8463K, capacity 9021K, committed 9036K, reserved 1048576K
}
Event: 9.131 GC heap before
{Heap before GC invocations=16 (full 0):
 garbage-first heap   total 175104K, used 121008K [0x0000000080000000, 0x0000000100000000)
  region size 1024K, 69 young (70656K), 9 survivors (9216K)
 Metaspace       used 73523K, capacity 75272K, committed 75468K, reserved 1114112K
  class space    used 9532K, capacity 10167K, committed 10188K, reserved 1048576K
}
Event: 9.141 GC heap after
{Heap after GC invocations=17 (full 0):
 garbage-first heap   total 175104K, used 63626K [0x0000000080000000, 0x0000000100000000)
  region size 1024K, 5 young (5120K), 5 survivors (5120K)
 Metaspace       used 73523K, capacity 75272K, committed 75468K, reserved 1114112K
  class space    used 9532K, capacity 10167K, committed 10188K, reserved 1048576K
}
Event: 10.239 GC heap before
{Heap before GC invocations=17 (full 0):
 garbage-first heap   total 175104K, used 126090K [0x0000000080000000, 0x0000000100000000)
  region size 1024K, 66 young (67584K), 5 survivors (5120K)
 Metaspace       used 79590K, capacity 81362K, committed 81484K, reserved 1120256K
  class space    used 10338K, capacity 10998K, committed 11084K, reserved 1048576K
}
Event: 10.250 GC heap after
{Heap after GC invocations=18 (full 0):
 garbage-first heap   total 175104K, used 67388K [0x0000000080000000, 0x0000000100000000)
  region size 1024K, 8 young (8192K), 8 survivors (8192K)
 Metaspace       used 79590K, capacity 81362K, committed 81484K, reserved 1120256K
  class space    used 10338K, capacity 10998K, committed 11084K, reserved 1048576K
}
Event: 11.310 GC heap before
{Heap before GC invocations=18 (full 0):
 garbage-first heap   total 175104K, used 128828K [0x0000000080000000, 0x0000000100000000)
  region size 1024K, 69 young (70656K), 8 survivors (8192K)
 Metaspace       used 82299K, capacity 84526K, committed 84684K, reserved 1122304K
  class space    used 10812K, capacity 11675K, committed 11724K, reserved 1048576K
}
Event: 11.325 GC heap after
{Heap after GC invocations=19 (full 0):
 garbage-first heap   total 210944K, used 71245K [0x0000000080000000, 0x0000000100000000)
  region size 1024K, 9 young (9216K), 9 survivors (9216K)
 Metaspace       used 82299K, capacity 84526K, committed 84684K, reserved 1122304K
  class space    used 10812K, capacity 11675K, committed 11724K, reserved 1048576K
}
Event: 12.104 GC heap before
{Heap before GC invocations=19 (full 0):
 garbage-first heap   total 210944K, used 145997K [0x0000000080000000, 0x0000000100000000)
  region size 1024K, 83 young (84992K), 9 survivors (9216K)
 Metaspace       used 83218K, capacity 85524K, committed 85836K, reserved 1124352K
  class space    used 10872K, capacity 11765K, committed 11852K, reserved 1048576K
}
Event: 12.115 GC heap after
{Heap after GC invocations=20 (full 0):
 garbage-first heap   total 210944K, used 76617K [0x0000000080000000, 0x0000000100000000)
  region size 1024K, 10 young (10240K), 10 survivors (10240K)
 Metaspace       used 83218K, capacity 85524K, committed 85836K, reserved 1124352K
  class space    used 10872K, capacity 11765K, committed 11852K, reserved 1048576K
}
Event: 12.773 GC heap before
{Heap before GC invocations=20 (full 0):
 garbage-first heap   total 210944K, used 158537K [0x0000000080000000, 0x0000000100000000)
  region size 1024K, 91 young (93184K), 10 survivors (10240K)
 Metaspace       used 88259K, capacity 90622K, committed 90828K, reserved 1128448K
  class space    used 11507K, capacity 12383K, committed 12492K, reserved 1048576K
}
Event: 12.782 GC heap after
{Heap after GC invocations=21 (full 0):
 garbage-first heap   total 210944K, used 80091K [0x0000000080000000, 0x0000000100000000)
  region size 1024K, 9 young (9216K), 9 survivors (9216K)
 Metaspace       used 88259K, capacity 90622K, committed 90828K, reserved 1128448K
  class space    used 11507K, capacity 12383K, committed 12492K, reserved 1048576K
}
Event: 48.456 GC heap before
{Heap before GC invocations=21 (full 0):
 garbage-first heap   total 210944K, used 163035K [0x0000000080000000, 0x0000000100000000)
  region size 1024K, 91 young (93184K), 9 survivors (9216K)
 Metaspace       used 91998K, capacity 94639K, committed 94796K, reserved 1130496K
  class space    used 12073K, capacity 13044K, committed 13132K, reserved 1048576K
}
Event: 48.467 GC heap after
{Heap after GC invocations=22 (full 0):
 garbage-first heap   total 210944K, used 84737K [0x0000000080000000, 0x0000000100000000)
  region size 1024K, 9 young (9216K), 9 survivors (9216K)
 Metaspace       used 91998K, capacity 94639K, committed 94796K, reserved 1130496K
  class space    used 12073K, capacity 13044K, committed 13132K, reserved 1048576K
}
Event: 82.076 GC heap before
{Heap before GC invocations=22 (full 0):
 garbage-first heap   total 210944K, used 165633K [0x0000000080000000, 0x0000000100000000)
  region size 1024K, 89 young (91136K), 9 survivors (9216K)
 Metaspace       used 93551K, capacity 96265K, committed 96460K, reserved 1132544K
  class space    used 12176K, capacity 13185K, committed 13260K, reserved 1048576K
}
Event: 82.090 GC heap after
{Heap after GC invocations=23 (full 0):
 garbage-first heap   total 210944K, used 92326K [0x0000000080000000, 0x0000000100000000)
  region size 1024K, 12 young (12288K), 12 survivors (12288K)
 Metaspace       used 93551K, capacity 96265K, committed 96460K, reserved 1132544K
  class space    used 12176K, capacity 13185K, committed 13260K, reserved 1048576K
}
Event: 116.676 GC heap before
{Heap before GC invocations=23 (full 0):
 garbage-first heap   total 210944K, used 164006K [0x0000000080000000, 0x0000000100000000)
  region size 1024K, 84 young (86016K), 12 survivors (12288K)
 Metaspace       used 97968K, capacity 100800K, committed 101036K, reserved 1136640K
  class space    used 12677K, capacity 13732K, committed 13772K, reserved 1048576K
}
Event: 116.693 GC heap after
{Heap after GC invocations=24 (full 0):
 garbage-first heap   total 210944K, used 97698K [0x0000000080000000, 0x0000000100000000)
  region size 1024K, 7 young (7168K), 7 survivors (7168K)
 Metaspace       used 97968K, capacity 100800K, committed 101036K, reserved 1136640K
  class space    used 12677K, capacity 13732K, committed 13772K, reserved 1048576K
}

Deoptimization events (20 events):
Event: 116.908 Thread 0x000001cd78b6b000 Uncommon trap: trap_request=0xffffffc6 fr.pc=0x000001cd61b7e340 relative=0x0000000000004ce0
Event: 116.908 Thread 0x000001cd78b6b000 Uncommon trap: reason=bimorphic_or_optimized_type_check action=maybe_recompile pc=0x000001cd61b7e340 method=java.nio.file.FileTreeWalker.next()Ljava/nio/file/FileTreeWalker$Event; @ 37 c2
Event: 116.908 Thread 0x000001cd78b6b000 DEOPT PACKING pc=0x000001cd61b7e340 sp=0x000000b5555f87f0
Event: 116.908 Thread 0x000001cd78b6b000 DEOPT UNPACKING pc=0x000001cd599478af sp=0x000000b5555f8858 mode 2
Event: 116.908 Thread 0x000001cd78b6b000 Uncommon trap: trap_request=0xffffffde fr.pc=0x000001cd61b8dba4 relative=0x0000000000006d84
Event: 116.908 Thread 0x000001cd78b6b000 Uncommon trap: reason=class_check action=maybe_recompile pc=0x000001cd61b8dba4 method=java.nio.file.FileTreeWalker.getAttributes(Ljava/nio/file/Path;Z)Ljava/nio/file/attribute/BasicFileAttributes; @ 79 c2
Event: 116.908 Thread 0x000001cd78b6b000 DEOPT PACKING pc=0x000001cd61b8dba4 sp=0x000000b5555f8750
Event: 116.908 Thread 0x000001cd78b6b000 DEOPT UNPACKING pc=0x000001cd599478af sp=0x000000b5555f8730 mode 2
Event: 116.908 Thread 0x000001cd78b6b000 Uncommon trap: trap_request=0xffffffc6 fr.pc=0x000001cd61b7e340 relative=0x0000000000004ce0
Event: 116.908 Thread 0x000001cd78b6b000 Uncommon trap: reason=bimorphic_or_optimized_type_check action=maybe_recompile pc=0x000001cd61b7e340 method=java.nio.file.FileTreeWalker.next()Ljava/nio/file/FileTreeWalker$Event; @ 37 c2
Event: 116.908 Thread 0x000001cd78b6b000 DEOPT PACKING pc=0x000001cd61b7e340 sp=0x000000b5555f87f0
Event: 116.909 Thread 0x000001cd78b6b000 DEOPT UNPACKING pc=0x000001cd599478af sp=0x000000b5555f8858 mode 2
Event: 116.946 Thread 0x000001cd78b6b000 Uncommon trap: trap_request=0xffffff6e fr.pc=0x000001cd61508510 relative=0x0000000000001170
Event: 116.946 Thread 0x000001cd78b6b000 Uncommon trap: reason=speculate_class_check action=maybe_recompile pc=0x000001cd61508510 method=java.util.zip.InflaterInputStream.read([BII)I @ 100 c2
Event: 116.946 Thread 0x000001cd78b6b000 DEOPT PACKING pc=0x000001cd61508510 sp=0x000000b5555f82b0
Event: 116.946 Thread 0x000001cd78b6b000 DEOPT UNPACKING pc=0x000001cd599478af sp=0x000000b5555f82f0 mode 2
Event: 116.948 Thread 0x000001cd78b6b000 Uncommon trap: trap_request=0xffffff6e fr.pc=0x000001cd61508510 relative=0x0000000000001170
Event: 116.948 Thread 0x000001cd78b6b000 Uncommon trap: reason=speculate_class_check action=maybe_recompile pc=0x000001cd61508510 method=java.util.zip.InflaterInputStream.read([BII)I @ 100 c2
Event: 116.948 Thread 0x000001cd78b6b000 DEOPT PACKING pc=0x000001cd61508510 sp=0x000000b5555f82b0
Event: 116.948 Thread 0x000001cd78b6b000 DEOPT UNPACKING pc=0x000001cd599478af sp=0x000000b5555f82f0 mode 2

Classes redefined (0 events):
No events

Internal exceptions (20 events):
Event: 81.726 Thread 0x000001cd733a9000 Exception <a 'sun/nio/fs/WindowsException'{0x000000008980f9d8}> (0x000000008980f9d8) thrown at [./src/hotspot/share/prims/jni.cpp, line 615]
Event: 84.155 Thread 0x000001cd78b6b000 Exception <a 'java/net/ConnectException'{0x000000008cdfa250}: Connection refused: connect> (0x000000008cdfa250) thrown at [./src/hotspot/share/prims/jni.cpp, line 636]
Event: 86.220 Thread 0x000001cd78b6b000 Exception <a 'java/net/ConnectException'{0x000000008cdfb778}: Connection refused: connect> (0x000000008cdfb778) thrown at [./src/hotspot/share/prims/jni.cpp, line 636]
Event: 88.284 Thread 0x000001cd78b6b000 Exception <a 'java/net/ConnectException'{0x000000008cdfcca0}: Connection refused: connect> (0x000000008cdfcca0) thrown at [./src/hotspot/share/prims/jni.cpp, line 636]
Event: 90.331 Thread 0x000001cd78b6b000 Exception <a 'java/net/ConnectException'{0x000000008cdffaa0}: Connection refused: connect> (0x000000008cdffaa0) thrown at [./src/hotspot/share/prims/jni.cpp, line 636]
Event: 92.402 Thread 0x000001cd78b6b000 Exception <a 'java/net/ConnectException'{0x000000008cc49dc0}: Connection refused: connect> (0x000000008cc49dc0) thrown at [./src/hotspot/share/prims/jni.cpp, line 636]
Event: 94.446 Thread 0x000001cd78b6b000 Exception <a 'java/net/ConnectException'{0x000000008cc4b2e8}: Connection refused: connect> (0x000000008cc4b2e8) thrown at [./src/hotspot/share/prims/jni.cpp, line 636]
Event: 97.070 Thread 0x000001cd78b6b000 Exception <a 'java/net/ConnectException'{0x000000008cc68520}: Connection refused: connect> (0x000000008cc68520) thrown at [./src/hotspot/share/prims/jni.cpp, line 636]
Event: 99.134 Thread 0x000001cd78b6b000 Exception <a 'java/net/ConnectException'{0x000000008cc69a48}: Connection refused: connect> (0x000000008cc69a48) thrown at [./src/hotspot/share/prims/jni.cpp, line 636]
Event: 101.199 Thread 0x000001cd78b6b000 Exception <a 'java/net/ConnectException'{0x000000008cc6af70}: Connection refused: connect> (0x000000008cc6af70) thrown at [./src/hotspot/share/prims/jni.cpp, line 636]
Event: 103.247 Thread 0x000001cd78b6b000 Exception <a 'java/net/ConnectException'{0x000000008cc6dd30}: Connection refused: connect> (0x000000008cc6dd30) thrown at [./src/hotspot/share/prims/jni.cpp, line 636]
Event: 105.308 Thread 0x000001cd78b6b000 Exception <a 'java/net/ConnectException'{0x000000008cc6f258}: Connection refused: connect> (0x000000008cc6f258) thrown at [./src/hotspot/share/prims/jni.cpp, line 636]
Event: 107.371 Thread 0x000001cd78b6b000 Exception <a 'java/net/ConnectException'{0x000000008cc70780}: Connection refused: connect> (0x000000008cc70780) thrown at [./src/hotspot/share/prims/jni.cpp, line 636]
Event: 107.411 Thread 0x000001cd722cd000 Exception <a 'java/lang/InterruptedException'{0x000000008cb00000}> (0x000000008cb00000) thrown at [./src/hotspot/share/runtime/objectMonitor.cpp, line 1635]
Event: 116.471 Thread 0x000001cd78b6b000 Implicit null exception at 0x000001cd616aee77 to 0x000001cd616af004
Event: 116.630 Thread 0x000001cd78b6b000 Exception <a 'sun/nio/fs/WindowsException'{0x0000000088aabc38}> (0x0000000088aabc38) thrown at [./src/hotspot/share/prims/jni.cpp, line 615]
Event: 116.631 Thread 0x000001cd78b6b000 Exception <a 'java/lang/NoSuchMethodError'{0x0000000088ab7ba8}: 'java.lang.Object java.lang.invoke.Invokers$Holder.linkToTargetMethod(java.lang.Object, java.lang.Object, java.lang.Object, int, int, java.lang.Object)'> (0x0000000088ab7ba8) thrown at [./src/hotspot/share/interpreter/linkResolver.cpp, line 773]
Event: 116.892 Thread 0x000001cd78b6b000 Exception <a 'sun/nio/fs/WindowsException'{0x000000008bf47ef8}> (0x000000008bf47ef8) thrown at [./src/hotspot/share/prims/jni.cpp, line 615]
Event: 116.892 Thread 0x000001cd78b6b000 Exception <a 'sun/nio/fs/WindowsException'{0x000000008bf48000}> (0x000000008bf48000) thrown at [./src/hotspot/share/prims/jni.cpp, line 615]
Event: 116.893 Thread 0x000001cd78b6b000 Implicit null exception at 0x000001cd615680ac to 0x000001cd6156825a

Events (20 events):
Event: 116.874 loading class com/sun/tools/javac/parser/Tokens$TokenKind done
Event: 116.874 loading class com/sun/tools/javac/util/Filter
Event: 116.874 loading class com/sun/tools/javac/util/Filter done
Event: 116.881 loading class com/sun/tools/javac/tree/JCTree
Event: 116.881 loading class com/sun/tools/javac/tree/JCTree done
Event: 116.881 loading class com/sun/tools/javac/tree/JCTree
Event: 116.881 loading class com/sun/tools/javac/tree/JCTree done
Event: 116.889 loading class com/sun/tools/javac/comp/Modules
Event: 116.889 loading class com/sun/tools/javac/comp/Modules done
Event: 116.890 loading class com/sun/tools/javac/code/Symbol$PackageSymbol
Event: 116.890 loading class com/sun/tools/javac/code/Symbol$PackageSymbol done
Event: 116.899 Thread 0x000001cd71fcc000 Thread added: 0x000001cd71fcc000
Event: 116.937 loading class com/sun/tools/javac/code/Symbol$PackageSymbol
Event: 116.937 loading class com/sun/tools/javac/code/Symbol$PackageSymbol done
Event: 116.937 loading class com/sun/tools/javac/code/ClassFinder
Event: 116.937 loading class com/sun/tools/javac/code/ClassFinder done
Event: 116.948 loading class jdk/nio/zipfs/ZipFileSystem$IndexNode
Event: 116.948 loading class jdk/nio/zipfs/ZipFileSystem$IndexNode done
Event: 116.948 loading class jdk/nio/zipfs/JarFileSystem
Event: 116.948 loading class jdk/nio/zipfs/JarFileSystem done


Dynamic libraries:
0x00007ff6caae0000 - 0x00007ff6caaea000 	C:\Program Files\Android\Android Studio\jre\bin\java.exe
0x00007ffcf46a0000 - 0x00007ffcf48a7000 	C:\WINDOWS\SYSTEM32\ntdll.dll
0x00007ffcf30b0000 - 0x00007ffcf316d000 	C:\WINDOWS\System32\KERNEL32.DLL
0x00007ffcf2150000 - 0x00007ffcf24c2000 	C:\WINDOWS\System32\KERNELBASE.dll
0x00007ffcf1d00000 - 0x00007ffcf1e11000 	C:\WINDOWS\System32\ucrtbase.dll
0x00007ffcebd30000 - 0x00007ffcebd49000 	C:\Program Files\Android\Android Studio\jre\bin\jli.dll
0x00007ffcebd10000 - 0x00007ffcebd27000 	C:\Program Files\Android\Android Studio\jre\bin\VCRUNTIME140.dll
0x00007ffcf3520000 - 0x00007ffcf36cc000 	C:\WINDOWS\System32\USER32.dll
0x00007ffcf2540000 - 0x00007ffcf2566000 	C:\WINDOWS\System32\win32u.dll
0x00007ffcdd4a0000 - 0x00007ffcdd745000 	C:\WINDOWS\WinSxS\amd64_microsoft.windows.common-controls_6595b64144ccf1df_6.0.21996.1_none_7d6b053978bcd706\COMCTL32.dll
0x00007ffcf3280000 - 0x00007ffcf32a9000 	C:\WINDOWS\System32\GDI32.dll
0x00007ffcf3be0000 - 0x00007ffcf3c83000 	C:\WINDOWS\System32\msvcrt.dll
0x00007ffcf1e20000 - 0x00007ffcf1f32000 	C:\WINDOWS\System32\gdi32full.dll
0x00007ffcf1f40000 - 0x00007ffcf1fdd000 	C:\WINDOWS\System32\msvcp_win.dll
0x00007ffcf32b0000 - 0x00007ffcf32e1000 	C:\WINDOWS\System32\IMM32.DLL
0x00007ffcdfce0000 - 0x00007ffcdfd7d000 	C:\Program Files\Android\Android Studio\jre\bin\msvcp140.dll
0x00007ffcbbc60000 - 0x00007ffcbc72f000 	C:\Program Files\Android\Android Studio\jre\bin\server\jvm.dll
0x00007ffcf4510000 - 0x00007ffcf45bc000 	C:\WINDOWS\System32\ADVAPI32.dll
0x00007ffcf45c0000 - 0x00007ffcf465d000 	C:\WINDOWS\System32\sechost.dll
0x00007ffcf32f0000 - 0x00007ffcf3411000 	C:\WINDOWS\System32\RPCRT4.dll
0x00007ffcf3420000 - 0x00007ffcf3428000 	C:\WINDOWS\System32\PSAPI.DLL
0x00007ffce7c70000 - 0x00007ffce7c7a000 	C:\WINDOWS\SYSTEM32\VERSION.dll
0x00007ffce11f0000 - 0x00007ffce11f9000 	C:\WINDOWS\SYSTEM32\WSOCK32.dll
0x00007ffceae70000 - 0x00007ffceaea3000 	C:\WINDOWS\SYSTEM32\WINMM.dll
0x00007ffcf3d20000 - 0x00007ffcf3d8f000 	C:\WINDOWS\System32\WS2_32.dll
0x00007ffcf0cf0000 - 0x00007ffcf0d07000 	C:\WINDOWS\SYSTEM32\kernel.appcore.dll
0x00007ffcd5650000 - 0x00007ffcd5661000 	C:\Program Files\Android\Android Studio\jre\bin\verify.dll
0x00007ffce8ac0000 - 0x00007ffce8ce1000 	C:\WINDOWS\SYSTEM32\DBGHELP.DLL
0x00007ffce0b60000 - 0x00007ffce0b91000 	C:\WINDOWS\SYSTEM32\dbgcore.DLL
0x00007ffcf1c80000 - 0x00007ffcf1d00000 	C:\WINDOWS\System32\bcryptPrimitives.dll
0x00007ffcd40b0000 - 0x00007ffcd40d9000 	C:\Program Files\Android\Android Studio\jre\bin\java.dll
0x00007ffce7c30000 - 0x00007ffce7c3b000 	C:\Program Files\Android\Android Studio\jre\bin\jimage.dll
0x00007ffcd4470000 - 0x00007ffcd4488000 	C:\Program Files\Android\Android Studio\jre\bin\zip.dll
0x00007ffcf3d90000 - 0x00007ffcf44f9000 	C:\WINDOWS\System32\SHELL32.dll
0x00007ffcefd80000 - 0x00007ffcf05d8000 	C:\WINDOWS\SYSTEM32\windows.storage.dll
0x00007ffcf37f0000 - 0x00007ffcf3b65000 	C:\WINDOWS\System32\combase.dll
0x00007ffcefc10000 - 0x00007ffcefd76000 	C:\WINDOWS\SYSTEM32\wintypes.dll
0x00007ffcf3170000 - 0x00007ffcf325a000 	C:\WINDOWS\System32\SHCORE.dll
0x00007ffcf28d0000 - 0x00007ffcf292d000 	C:\WINDOWS\System32\shlwapi.dll
0x00007ffcf1af0000 - 0x00007ffcf1b11000 	C:\WINDOWS\SYSTEM32\profapi.dll
0x00007ffcd2bd0000 - 0x00007ffcd2bea000 	C:\Program Files\Android\Android Studio\jre\bin\net.dll
0x00007ffcec3c0000 - 0x00007ffcec4cc000 	C:\WINDOWS\SYSTEM32\WINHTTP.dll
0x00007ffcf1100000 - 0x00007ffcf1167000 	C:\WINDOWS\system32\mswsock.dll
0x00007ffcd1030000 - 0x00007ffcd1044000 	C:\Program Files\Android\Android Studio\jre\bin\nio.dll
0x00007ffcec390000 - 0x00007ffcec3b7000 	C:\Users\suare\.gradle\native\8bec1ad78214c89d9ad589b4d07fe93259594b29d510b10fafb7a158f7737e5d\windows-amd64\native-platform.dll
0x00007ffcdde40000 - 0x00007ffcddf7d000 	C:\Users\suare\.gradle\native\53dbd7edfb1c66fb8903c78663c9afc45aea4f116125fa6feffd364cf09443e8\windows-amd64\native-platform-file-events.dll
0x00007ffcdf3c0000 - 0x00007ffcdf3ca000 	C:\Program Files\Android\Android Studio\jre\bin\management.dll
0x00007ffcdf1d0000 - 0x00007ffcdf1dc000 	C:\Program Files\Android\Android Studio\jre\bin\management_ext.dll
0x00007ffcf1340000 - 0x00007ffcf1358000 	C:\WINDOWS\SYSTEM32\CRYPTSP.dll
0x00007ffcf0c50000 - 0x00007ffcf0c85000 	C:\WINDOWS\system32\rsaenh.dll
0x00007ffcf11f0000 - 0x00007ffcf1219000 	C:\WINDOWS\SYSTEM32\USERENV.dll
0x00007ffcf1530000 - 0x00007ffcf1557000 	C:\WINDOWS\SYSTEM32\bcrypt.dll
0x00007ffcf1360000 - 0x00007ffcf136c000 	C:\WINDOWS\SYSTEM32\CRYPTBASE.dll
0x00007ffcf0830000 - 0x00007ffcf085d000 	C:\WINDOWS\SYSTEM32\IPHLPAPI.DLL
0x00007ffcf2ab0000 - 0x00007ffcf2ab9000 	C:\WINDOWS\System32\NSI.dll
0x00007ffcec050000 - 0x00007ffcec069000 	C:\WINDOWS\SYSTEM32\dhcpcsvc6.DLL
0x00007ffceca10000 - 0x00007ffceca2e000 	C:\WINDOWS\SYSTEM32\dhcpcsvc.DLL
0x00007ffcf0860000 - 0x00007ffcf0945000 	C:\WINDOWS\SYSTEM32\DNSAPI.dll
0x00007ffcebba0000 - 0x00007ffcebbbe000 	C:\Users\suare\AppData\Local\Temp\native-platform4509204877466761388dir\native-platform.dll
0x00007ffcee210000 - 0x00007ffcee218000 	C:\Program Files\Android\Android Studio\jre\bin\rmi.dll

dbghelp: loaded successfully - version: 4.0.5 - missing functions: none
symbol engine: initialized successfully - sym options: 0x614 - pdb path: .;C:\Program Files\Android\Android Studio\jre\bin;C:\WINDOWS\SYSTEM32;C:\WINDOWS\WinSxS\amd64_microsoft.windows.common-controls_6595b64144ccf1df_6.0.21996.1_none_7d6b053978bcd706;C:\Program Files\Android\Android Studio\jre\bin\server;C:\Users\suare\.gradle\native\8bec1ad78214c89d9ad589b4d07fe93259594b29d510b10fafb7a158f7737e5d\windows-amd64;C:\Users\suare\.gradle\native\53dbd7edfb1c66fb8903c78663c9afc45aea4f116125fa6feffd364cf09443e8\windows-amd64;C:\Users\suare\AppData\Local\Temp\native-platform4509204877466761388dir

VM Arguments:
jvm_args: --add-opens=java.base/java.util=ALL-UNNAMED --add-opens=java.base/java.lang=ALL-UNNAMED --add-opens=java.base/java.lang.invoke=ALL-UNNAMED --add-opens=java.base/java.util=ALL-UNNAMED --add-opens=java.prefs/java.util.prefs=ALL-UNNAMED --add-opens=java.prefs/java.util.prefs=ALL-UNNAMED --add-opens=java.base/java.nio.charset=ALL-UNNAMED --add-opens=java.base/java.net=ALL-UNNAMED --add-opens=java.base/java.util.concurrent.atomic=ALL-UNNAMED -Xmx2048m -Dfile.encoding=UTF-8 -Duser.country=US -Duser.language=en -Duser.variant 
java_command: org.gradle.launcher.daemon.bootstrap.GradleDaemon 7.0.2
java_class_path (initial): C:\Users\suare\.gradle\wrapper\dists\gradle-7.0.2-bin\857tjihv64xamwrf0h14cai3r\gradle-7.0.2\lib\gradle-launcher-7.0.2.jar
Launcher Type: SUN_STANDARD

[Global flags]
     intx CICompilerCount                          = 4                                         {product} {ergonomic}
     uint ConcGCThreads                            = 3                                         {product} {ergonomic}
     uint G1ConcRefinementThreads                  = 10                                        {product} {ergonomic}
   size_t G1HeapRegionSize                         = 1048576                                   {product} {ergonomic}
    uintx GCDrainStackTargetSize                   = 64                                        {product} {ergonomic}
   size_t InitialHeapSize                          = 123731968                                 {product} {ergonomic}
   size_t MarkStackSize                            = 4194304                                   {product} {ergonomic}
   size_t MaxHeapSize                              = 2147483648                                {product} {command line}
   size_t MaxNewSize                               = 1287651328                                {product} {ergonomic}
   size_t MinHeapDeltaBytes                        = 1048576                                   {product} {ergonomic}
    uintx NonNMethodCodeHeapSize                   = 5836300                                {pd product} {ergonomic}
    uintx NonProfiledCodeHeapSize                  = 122910970                              {pd product} {ergonomic}
    uintx ProfiledCodeHeapSize                     = 122910970                              {pd product} {ergonomic}
    uintx ReservedCodeCacheSize                    = 251658240                              {pd product} {ergonomic}
     bool SegmentedCodeCache                       = true                                      {product} {ergonomic}
     bool UseCompressedClassPointers               = true                                 {lp64_product} {ergonomic}
     bool UseCompressedOops                        = true                                 {lp64_product} {ergonomic}
     bool UseG1GC                                  = true                                      {product} {ergonomic}
     bool UseLargePagesIndividualAllocation        = false                                  {pd product} {ergonomic}

Logging:
Log output configuration:
 #0: stdout all=warning uptime,level,tags
 #1: stderr all=off uptime,level,tags

Environment Variables:
PATH=C:\WINDOWS\system32;C:\WINDOWS;C:\WINDOWS\System32\Wbem;C:\WINDOWS\System32\WindowsPowerShell\v1.0\;C:\WINDOWS\System32\OpenSSH\;C:\Program Files\Git\cmd;C:\Users\suare\AppData\Local\Microsoft\WindowsApps;
USERNAME=Itok
OS=Windows_NT
PROCESSOR_IDENTIFIER=AMD64 Family 23 Model 104 Stepping 1, AuthenticAMD



---------------  S Y S T E M  ---------------

OS: Windows 10 , 64 bit Build 21996 (10.0.21996.1)
OS uptime: 3 days 22:29 hours

CPU:total 12 (initial active 12) (12 cores per cpu, 2 threads per core) family 23 model 104 stepping 1 microcode 0x0, cmov, cx8, fxsr, mmx, sse, sse2, sse3, ssse3, sse4.1, sse4.2, popcnt, avx, avx2, aes, clmul, mmxext, 3dnowpref, lzcnt, sse4a, ht, tsc, tscinvbit, tscinv, bmi1, bmi2, adx,

Memory: 4k page, system-wide physical 7530M (920M free)
TotalPageFile size 7530M (AvailPageFile size 5M)
current process WorkingSet (physical memory assigned to process): 449M, peak: 500M
current process commit charge ("private bytes"): 543M, peak: 543M

vm_info: OpenJDK 64-Bit Server VM (11.0.10+0-b96-7249189) for windows-amd64 JRE (11.0.10+0-b96-7249189), built on Mar 31 2021 21:44:00 by "builder" with MS VC++ 14.0 (VS2015)

END.
