#
# There is insufficient memory for the Java Runtime Environment to continue.
# Native memory allocation (malloc) failed to allocate 1331536 bytes for Chunk::new
# Possible reasons:
#   The system is out of physical RAM or swap space
#   The process is running with CompressedOops enabled, and the Java Heap may be blocking the growth of the native heap
# Possible solutions:
#   Reduce memory load on the system
#   Increase physical memory or swap space
#   Check if swap backing store is full
#   Decrease Java heap size (-Xmx/-Xms)
#   Decrease number of Java threads
#   Decrease Java thread stack sizes (-Xss)
#   Set larger code cache with -XX:ReservedCodeCacheSize=
#   JVM is running with Unscaled Compressed Oops mode in which the Java heap is
#     placed in the first 4GB address space. The Java Heap base address is the
#     maximum limit for the native heap growth. Please use -XX:HeapBaseMinAddress
#     to set the Java Heap base and to place the Java Heap above 4GB virtual address.
# This output file may be truncated or incomplete.
#
#  Out of Memory Error (./src/hotspot/share/memory/arena.cpp:197), pid=8928, tid=9636
#
# JRE version: OpenJDK Runtime Environment (11.0.10) (build 11.0.10+0-b96-7249189)
# Java VM: OpenJDK 64-Bit Server VM (11.0.10+0-b96-7249189, mixed mode, tiered, compressed oops, g1 gc, windows-amd64)
# No core dump will be written. Minidumps are not enabled by default on client versions of Windows
#

---------------  S U M M A R Y ------------

Command Line: --add-opens=java.base/java.util=ALL-UNNAMED --add-opens=java.base/java.lang=ALL-UNNAMED --add-opens=java.base/java.lang.invoke=ALL-UNNAMED --add-opens=java.base/java.util=ALL-UNNAMED --add-opens=java.prefs/java.util.prefs=ALL-UNNAMED --add-opens=java.prefs/java.util.prefs=ALL-UNNAMED --add-opens=java.base/java.nio.charset=ALL-UNNAMED --add-opens=java.base/java.net=ALL-UNNAMED --add-opens=java.base/java.util.concurrent.atomic=ALL-UNNAMED -Xmx2048m -Dfile.encoding=UTF-8 -Duser.country=US -Duser.language=en -Duser.variant org.gradle.launcher.daemon.bootstrap.GradleDaemon 7.0.2

Host: AMD Ryzen 5 5500U with Radeon Graphics         , 12 cores, 7G,  Windows 10 , 64 bit Build 21996 (10.0.21996.1)
Time: Mon Feb  7 13:54:24 2022 SE Asia Standard Time elapsed time: 4.578182 seconds (0d 0h 0m 4s)

---------------  T H R E A D  ---------------

Current thread (0x000001eff2d2c000):  JavaThread "C2 CompilerThread2" daemon [_thread_in_native, id=9636, stack(0x0000004ca6200000,0x0000004ca6300000)]


Current CompileTask:
C2:   4578 3534       4       java.net.URLClassLoader$1::run (5 bytes)

Stack: [0x0000004ca6200000,0x0000004ca6300000]
Native frames: (J=compiled Java code, j=interpreted, Vv=VM code, C=native code)
V  [jvm.dll+0x5ecfaa]
V  [jvm.dll+0x722bd5]
V  [jvm.dll+0x72412d]
V  [jvm.dll+0x7247e3]
V  [jvm.dll+0x242928]
V  [jvm.dll+0xbc4fc]
V  [jvm.dll+0xbca0c]
V  [jvm.dll+0x352d7d]
V  [jvm.dll+0x197e0c]
V  [jvm.dll+0x1fb70e]
V  [jvm.dll+0x1fa7f4]
V  [jvm.dll+0x18354c]
V  [jvm.dll+0x208ee7]
V  [jvm.dll+0x207731]
V  [jvm.dll+0x6eb1cf]
V  [jvm.dll+0x6e3d45]
V  [jvm.dll+0x5ebe96]
C  [ucrtbase.dll+0x26c0c]
C  [KERNEL32.DLL+0x154e0]
C  [ntdll.dll+0x485b]


---------------  P R O C E S S  ---------------

Threads class SMR info:
_java_thread_list=0x000001eff2450be0, length=37, elements={
0x000001efd452b800, 0x000001efeeddb800, 0x000001efeeddc800, 0x000001efef762800,
0x000001efeedfa000, 0x000001efeedfa800, 0x000001efeedff800, 0x000001efeee00800,
0x000001efeee02000, 0x000001efef8be800, 0x000001eff17b6800, 0x000001efefbef000,
0x000001eff2078800, 0x000001eff1b2a800, 0x000001eff1562800, 0x000001eff190e800,
0x000001eff17d1000, 0x000001eff1b05800, 0x000001eff2177800, 0x000001eff12dd800,
0x000001eff12d8800, 0x000001eff12d9800, 0x000001eff12da800, 0x000001eff1ba1800,
0x000001eff12db000, 0x000001eff12df000, 0x000001eff12dd000, 0x000001eff12dc000,
0x000001eff12de800, 0x000001eff2d2c000, 0x000001eff5675800, 0x000001eff5676800,
0x000001eff5671000, 0x000001eff5673800, 0x000001eff5677800, 0x000001eff567e000,
0x000001eff567b800
}

Java Threads: ( => current thread )
  0x000001efd452b800 JavaThread "main" [_thread_blocked, id=4932, stack(0x0000004ca3200000,0x0000004ca3300000)]
  0x000001efeeddb800 JavaThread "Reference Handler" daemon [_thread_blocked, id=11180, stack(0x0000004ca3900000,0x0000004ca3a00000)]
  0x000001efeeddc800 JavaThread "Finalizer" daemon [_thread_blocked, id=8548, stack(0x0000004ca3a00000,0x0000004ca3b00000)]
  0x000001efef762800 JavaThread "Signal Dispatcher" daemon [_thread_blocked, id=10924, stack(0x0000004ca3b00000,0x0000004ca3c00000)]
  0x000001efeedfa000 JavaThread "Attach Listener" daemon [_thread_blocked, id=6008, stack(0x0000004ca3c00000,0x0000004ca3d00000)]
  0x000001efeedfa800 JavaThread "Service Thread" daemon [_thread_blocked, id=11160, stack(0x0000004ca3d00000,0x0000004ca3e00000)]
  0x000001efeedff800 JavaThread "C2 CompilerThread0" daemon [_thread_in_native, id=5252, stack(0x0000004ca3e00000,0x0000004ca3f00000)]
  0x000001efeee00800 JavaThread "C1 CompilerThread0" daemon [_thread_blocked, id=9552, stack(0x0000004ca3f00000,0x0000004ca4000000)]
  0x000001efeee02000 JavaThread "Sweeper thread" daemon [_thread_blocked, id=2692, stack(0x0000004ca4000000,0x0000004ca4100000)]
  0x000001efef8be800 JavaThread "Common-Cleaner" daemon [_thread_blocked, id=1852, stack(0x0000004ca4100000,0x0000004ca4200000)]
  0x000001eff17b6800 JavaThread "Daemon health stats" [_thread_blocked, id=6856, stack(0x0000004ca4600000,0x0000004ca4700000)]
  0x000001efefbef000 JavaThread "Incoming local TCP Connector on port 52869" [_thread_in_native, id=5344, stack(0x0000004ca4300000,0x0000004ca4400000)]
  0x000001eff2078800 JavaThread "Daemon periodic checks" [_thread_blocked, id=3256, stack(0x0000004ca4400000,0x0000004ca4500000)]
  0x000001eff1b2a800 JavaThread "Daemon" [_thread_blocked, id=7048, stack(0x0000004ca4700000,0x0000004ca4800000)]
  0x000001eff1562800 JavaThread "Handler for socket connection from /127.0.0.1:52869 to /127.0.0.1:52870" [_thread_in_native, id=12356, stack(0x0000004ca4800000,0x0000004ca4900000)]
  0x000001eff190e800 JavaThread "Cancel handler" [_thread_blocked, id=2876, stack(0x0000004ca4900000,0x0000004ca4a00000)]
  0x000001eff17d1000 JavaThread "Daemon worker" [_thread_in_vm, id=11224, stack(0x0000004ca4a00000,0x0000004ca4b00000)]
  0x000001eff1b05800 JavaThread "Asynchronous log dispatcher for DefaultDaemonConnection: socket connection from /127.0.0.1:52869 to /127.0.0.1:52870" [_thread_blocked, id=12488, stack(0x0000004ca4b00000,0x0000004ca4c00000)]
  0x000001eff2177800 JavaThread "Stdin handler" [_thread_blocked, id=9020, stack(0x0000004ca4c00000,0x0000004ca4d00000)]
  0x000001eff12dd800 JavaThread "Daemon client event forwarder" [_thread_blocked, id=6300, stack(0x0000004ca4d00000,0x0000004ca4e00000)]
  0x000001eff12d8800 JavaThread "Cache worker for file hash cache (C:\Users\suare\.gradle\caches\7.0.2\fileHashes)" [_thread_blocked, id=700, stack(0x0000004ca5700000,0x0000004ca5800000)]
  0x000001eff12d9800 JavaThread "File lock request listener" [_thread_in_native, id=8064, stack(0x0000004ca5800000,0x0000004ca5900000)]
  0x000001eff12da800 JavaThread "Cache worker for journal cache (C:\Users\suare\.gradle\caches\journal-1)" [_thread_blocked, id=11872, stack(0x0000004ca5b00000,0x0000004ca5c00000)]
  0x000001eff1ba1800 JavaThread "C2 CompilerThread1" daemon [_thread_in_native, id=4104, stack(0x0000004ca5c00000,0x0000004ca5d00000)]
  0x000001eff12db000 JavaThread "Cache worker for file hash cache (D:\DOKUMEN\FilmAPI\.gradle\7.0.2\fileHashes)" [_thread_blocked, id=12416, stack(0x0000004ca5d00000,0x0000004ca5e00000)]
  0x000001eff12df000 JavaThread "File watcher server" daemon [_thread_in_native, id=156, stack(0x0000004ca5e00000,0x0000004ca5f00000)]
  0x000001eff12dd000 JavaThread "File watcher consumer" daemon [_thread_blocked, id=3412, stack(0x0000004ca5f00000,0x0000004ca6000000)]
  0x000001eff12dc000 JavaThread "Cache worker for checksums cache (D:\DOKUMEN\FilmAPI\.gradle\checksums)" [_thread_blocked, id=9800, stack(0x0000004ca6000000,0x0000004ca6100000)]
  0x000001eff12de800 JavaThread "Cache worker for cache directory md-supplier (C:\Users\suare\.gradle\caches\7.0.2\md-supplier)" [_thread_blocked, id=10908, stack(0x0000004ca6100000,0x0000004ca6200000)]
=>0x000001eff2d2c000 JavaThread "C2 CompilerThread2" daemon [_thread_in_native, id=9636, stack(0x0000004ca6200000,0x0000004ca6300000)]
  0x000001eff5675800 JavaThread "Cache worker for cache directory md-rule (C:\Users\suare\.gradle\caches\7.0.2\md-rule)" [_thread_blocked, id=5108, stack(0x0000004ca6300000,0x0000004ca6400000)]
  0x000001eff5676800 JavaThread "Cache worker for execution history cache (C:\Users\suare\.gradle\caches\7.0.2\executionHistory)" [_thread_blocked, id=1036, stack(0x0000004ca6400000,0x0000004ca6500000)]
  0x000001eff5671000 JavaThread "jar transforms" [_thread_blocked, id=8276, stack(0x0000004ca6500000,0x0000004ca6600000)]
  0x000001eff5673800 JavaThread "jar transforms Thread 2" [_thread_blocked, id=8428, stack(0x0000004ca6600000,0x0000004ca6700000)]
  0x000001eff5677800 JavaThread "Cache worker for file content cache (C:\Users\suare\.gradle\caches\7.0.2\fileContent)" [_thread_blocked, id=6648, stack(0x0000004ca6700000,0x0000004ca6800000)]
  0x000001eff567e000 JavaThread "Cache worker for dependencies-accessors (D:\DOKUMEN\FilmAPI\.gradle\7.0.2\dependencies-accessors)" [_thread_blocked, id=2584, stack(0x0000004ca6800000,0x0000004ca6900000)]
  0x000001eff567b800 JavaThread "jar transforms Thread 3" [_thread_blocked, id=7320, stack(0x0000004ca6900000,0x0000004ca6a00000)]

Other Threads:
  0x000001efeedd9000 VMThread "VM Thread" [stack: 0x0000004ca3800000,0x0000004ca3900000] [id=10488]
  0x000001efef8cd000 WatcherThread [stack: 0x0000004ca4200000,0x0000004ca4300000] [id=6076]
  0x000001efd4543800 GCTaskThread "GC Thread#0" [stack: 0x0000004ca3300000,0x0000004ca3400000] [id=12312]
  0x000001eff097c800 GCTaskThread "GC Thread#1" [stack: 0x0000004ca4500000,0x0000004ca4600000] [id=8756]
  0x000001eff1fca800 GCTaskThread "GC Thread#2" [stack: 0x0000004ca4e00000,0x0000004ca4f00000] [id=6312]
  0x000001eff179a800 GCTaskThread "GC Thread#3" [stack: 0x0000004ca4f00000,0x0000004ca5000000] [id=4420]
  0x000001eff1b69000 GCTaskThread "GC Thread#4" [stack: 0x0000004ca5000000,0x0000004ca5100000] [id=12876]
  0x000001eff179d800 GCTaskThread "GC Thread#5" [stack: 0x0000004ca5100000,0x0000004ca5200000] [id=4548]
  0x000001eff1f74800 GCTaskThread "GC Thread#6" [stack: 0x0000004ca5200000,0x0000004ca5300000] [id=13012]
  0x000001eff1f2e800 GCTaskThread "GC Thread#7" [stack: 0x0000004ca5300000,0x0000004ca5400000] [id=2324]
  0x000001eff1f2f800 GCTaskThread "GC Thread#8" [stack: 0x0000004ca5400000,0x0000004ca5500000] [id=7244]
  0x000001eff113f000 GCTaskThread "GC Thread#9" [stack: 0x0000004ca5500000,0x0000004ca5600000] [id=8324]
  0x000001efd4574800 ConcurrentGCThread "G1 Main Marker" [stack: 0x0000004ca3400000,0x0000004ca3500000] [id=2424]
  0x000001efd4577000 ConcurrentGCThread "G1 Conc#0" [stack: 0x0000004ca3500000,0x0000004ca3600000] [id=9764]
  0x000001eff164c000 ConcurrentGCThread "G1 Conc#1" [stack: 0x0000004ca5900000,0x0000004ca5a00000] [id=3460]
  0x000001eff08c9000 ConcurrentGCThread "G1 Conc#2" [stack: 0x0000004ca5a00000,0x0000004ca5b00000] [id=7344]
  0x000001efd460d000 ConcurrentGCThread "G1 Refine#0" [stack: 0x0000004ca3600000,0x0000004ca3700000] [id=6528]
  0x000001eff0f63000 ConcurrentGCThread "G1 Refine#1" [stack: 0x0000004ca5600000,0x0000004ca5700000] [id=12552]
  0x000001efd460e800 ConcurrentGCThread "G1 Young RemSet Sampling" [stack: 0x0000004ca3700000,0x0000004ca3800000] [id=420]

Threads with active compile tasks:
C2 CompilerThread0   4592 3541   !   4       java.net.URLClassLoader$1::run (63 bytes)
C2 CompilerThread1   4592 3626       4       groovy.lang.MetaClassImpl$1MOPIter::methodNameAction (325 bytes)
C2 CompilerThread2   4592 3534       4       java.net.URLClassLoader$1::run (5 bytes)

VM state:not at safepoint (normal execution)

VM Mutex/Monitor currently owned by a thread: None

Heap address: 0x0000000080000000, size: 2048 MB, Compressed Oops mode: 32-bit
Narrow klass base: 0x0000000000000000, Narrow klass shift: 3
Compressed class space size: 1073741824 Address: 0x0000000100000000

Heap:
 garbage-first heap   total 145408K, used 72147K [0x0000000080000000, 0x0000000100000000)
  region size 1024K, 52 young (53248K), 7 survivors (7168K)
 Metaspace       used 42719K, capacity 43792K, committed 44032K, reserved 1087488K
  class space    used 5454K, capacity 5822K, committed 5888K, reserved 1048576K
Heap Regions: E=young(eden), S=young(survivor), O=old, HS=humongous(starts), HC=humongous(continues), CS=collection set, F=free, A=archive, TAMS=top-at-mark-start (previous, next)
|   0|0x0000000080000000, 0x0000000080100000, 0x0000000080100000|100%| O|  |TAMS 0x0000000080100000, 0x0000000080000000| Untracked 
|   1|0x0000000080100000, 0x0000000080200000, 0x0000000080200000|100%| O|  |TAMS 0x0000000080200000, 0x0000000080100000| Untracked 
|   2|0x0000000080200000, 0x0000000080300000, 0x0000000080300000|100%| O|  |TAMS 0x0000000080300000, 0x0000000080200000| Untracked 
|   3|0x0000000080300000, 0x0000000080400000, 0x0000000080400000|100%|HS|  |TAMS 0x0000000080400000, 0x0000000080300000| Complete 
|   4|0x0000000080400000, 0x0000000080500000, 0x0000000080500000|100%|HC|  |TAMS 0x0000000080500000, 0x0000000080400000| Complete 
|   5|0x0000000080500000, 0x0000000080600000, 0x0000000080600000|100%|HC|  |TAMS 0x0000000080600000, 0x0000000080500000| Complete 
|   6|0x0000000080600000, 0x0000000080700000, 0x0000000080700000|100%| O|  |TAMS 0x0000000080700000, 0x0000000080600000| Untracked 
|   7|0x0000000080700000, 0x0000000080800000, 0x0000000080800000|100%| O|  |TAMS 0x0000000080800000, 0x0000000080700000| Untracked 
|   8|0x0000000080800000, 0x0000000080900000, 0x0000000080900000|100%| O|  |TAMS 0x0000000080900000, 0x0000000080800000| Untracked 
|   9|0x0000000080900000, 0x0000000080a00000, 0x0000000080a00000|100%| O|  |TAMS 0x0000000080a00000, 0x0000000080900000| Untracked 
|  10|0x0000000080a00000, 0x0000000080b00000, 0x0000000080b00000|100%| O|  |TAMS 0x0000000080b00000, 0x0000000080a00000| Untracked 
|  11|0x0000000080b00000, 0x0000000080c00000, 0x0000000080c00000|100%| O|  |TAMS 0x0000000080c00000, 0x0000000080b00000| Untracked 
|  12|0x0000000080c00000, 0x0000000080d00000, 0x0000000080d00000|100%| O|  |TAMS 0x0000000080d00000, 0x0000000080c00000| Untracked 
|  13|0x0000000080d00000, 0x0000000080e00000, 0x0000000080e00000|100%| O|  |TAMS 0x0000000080e00000, 0x0000000080d00000| Untracked 
|  14|0x0000000080e00000, 0x0000000080f00000, 0x0000000080f00000|100%| O|  |TAMS 0x0000000080f00000, 0x0000000080e00000| Untracked 
|  15|0x0000000080f00000, 0x0000000081000000, 0x0000000081000000|100%| O|  |TAMS 0x0000000080fff600, 0x0000000080f00000| Untracked 
|  16|0x0000000081000000, 0x0000000081100000, 0x0000000081100000|100%|HS|  |TAMS 0x0000000081000000, 0x0000000081000000| Complete 
|  17|0x0000000081100000, 0x0000000081100000, 0x0000000081200000|  0%| F|  |TAMS 0x0000000081100000, 0x0000000081100000| Untracked 
|  18|0x0000000081200000, 0x0000000081200000, 0x0000000081300000|  0%| F|  |TAMS 0x0000000081200000, 0x0000000081200000| Untracked 
|  19|0x0000000081300000, 0x0000000081400000, 0x0000000081400000|100%| O|  |TAMS 0x0000000081300000, 0x0000000081300000| Untracked 
|  20|0x0000000081400000, 0x0000000081500000, 0x0000000081500000|100%| O|  |TAMS 0x0000000081400000, 0x0000000081400000| Untracked 
|  21|0x0000000081500000, 0x0000000081574e00, 0x0000000081600000| 45%| O|  |TAMS 0x0000000081500000, 0x0000000081500000| Untracked 
|  22|0x0000000081600000, 0x0000000081600000, 0x0000000081700000|  0%| F|  |TAMS 0x0000000081600000, 0x0000000081600000| Untracked 
|  23|0x0000000081700000, 0x0000000081700000, 0x0000000081800000|  0%| F|  |TAMS 0x0000000081700000, 0x0000000081700000| Untracked 
|  24|0x0000000081800000, 0x0000000081800000, 0x0000000081900000|  0%| F|  |TAMS 0x0000000081800000, 0x0000000081800000| Untracked 
|  25|0x0000000081900000, 0x0000000081900000, 0x0000000081a00000|  0%| F|  |TAMS 0x0000000081900000, 0x0000000081900000| Untracked 
|  26|0x0000000081a00000, 0x0000000081a00000, 0x0000000081b00000|  0%| F|  |TAMS 0x0000000081a00000, 0x0000000081a00000| Untracked 
|  27|0x0000000081b00000, 0x0000000081b00000, 0x0000000081c00000|  0%| F|  |TAMS 0x0000000081b00000, 0x0000000081b00000| Untracked 
|  28|0x0000000081c00000, 0x0000000081c00000, 0x0000000081d00000|  0%| F|  |TAMS 0x0000000081c00000, 0x0000000081c00000| Untracked 
|  29|0x0000000081d00000, 0x0000000081d00000, 0x0000000081e00000|  0%| F|  |TAMS 0x0000000081d00000, 0x0000000081d00000| Untracked 
|  30|0x0000000081e00000, 0x0000000081e00000, 0x0000000081f00000|  0%| F|  |TAMS 0x0000000081e00000, 0x0000000081e00000| Untracked 
|  31|0x0000000081f00000, 0x0000000081f00000, 0x0000000082000000|  0%| F|  |TAMS 0x0000000081f00000, 0x0000000081f00000| Untracked 
|  32|0x0000000082000000, 0x0000000082000000, 0x0000000082100000|  0%| F|  |TAMS 0x0000000082000000, 0x0000000082000000| Untracked 
|  33|0x0000000082100000, 0x0000000082100000, 0x0000000082200000|  0%| F|  |TAMS 0x0000000082100000, 0x0000000082100000| Untracked 
|  34|0x0000000082200000, 0x0000000082200000, 0x0000000082300000|  0%| F|  |TAMS 0x0000000082200000, 0x0000000082200000| Untracked 
|  35|0x0000000082300000, 0x0000000082300000, 0x0000000082400000|  0%| F|  |TAMS 0x0000000082300000, 0x0000000082300000| Untracked 
|  36|0x0000000082400000, 0x0000000082400000, 0x0000000082500000|  0%| F|  |TAMS 0x0000000082400000, 0x0000000082400000| Untracked 
|  37|0x0000000082500000, 0x0000000082500000, 0x0000000082600000|  0%| F|  |TAMS 0x0000000082500000, 0x0000000082500000| Untracked 
|  38|0x0000000082600000, 0x0000000082600000, 0x0000000082700000|  0%| F|  |TAMS 0x0000000082600000, 0x0000000082600000| Untracked 
|  39|0x0000000082700000, 0x0000000082700000, 0x0000000082800000|  0%| F|  |TAMS 0x0000000082700000, 0x0000000082700000| Untracked 
|  40|0x0000000082800000, 0x0000000082800000, 0x0000000082900000|  0%| F|  |TAMS 0x0000000082800000, 0x0000000082800000| Untracked 
|  41|0x0000000082900000, 0x0000000082900000, 0x0000000082a00000|  0%| F|  |TAMS 0x0000000082900000, 0x0000000082900000| Untracked 
|  42|0x0000000082a00000, 0x0000000082a00000, 0x0000000082b00000|  0%| F|  |TAMS 0x0000000082a00000, 0x0000000082a00000| Untracked 
|  43|0x0000000082b00000, 0x0000000082b00000, 0x0000000082c00000|  0%| F|  |TAMS 0x0000000082b00000, 0x0000000082b00000| Untracked 
|  44|0x0000000082c00000, 0x0000000082c00000, 0x0000000082d00000|  0%| F|  |TAMS 0x0000000082c00000, 0x0000000082c00000| Untracked 
|  45|0x0000000082d00000, 0x0000000082d00000, 0x0000000082e00000|  0%| F|  |TAMS 0x0000000082d00000, 0x0000000082d00000| Untracked 
|  46|0x0000000082e00000, 0x0000000082e00000, 0x0000000082f00000|  0%| F|  |TAMS 0x0000000082e00000, 0x0000000082e00000| Untracked 
|  47|0x0000000082f00000, 0x0000000082f00000, 0x0000000083000000|  0%| F|  |TAMS 0x0000000082f00000, 0x0000000082f00000| Untracked 
|  48|0x0000000083000000, 0x0000000083000000, 0x0000000083100000|  0%| F|  |TAMS 0x0000000083000000, 0x0000000083000000| Untracked 
|  49|0x0000000083100000, 0x0000000083100000, 0x0000000083200000|  0%| F|  |TAMS 0x0000000083100000, 0x0000000083100000| Untracked 
|  50|0x0000000083200000, 0x0000000083200000, 0x0000000083300000|  0%| F|  |TAMS 0x0000000083200000, 0x0000000083200000| Untracked 
|  51|0x0000000083300000, 0x0000000083300000, 0x0000000083400000|  0%| F|  |TAMS 0x0000000083300000, 0x0000000083300000| Untracked 
|  52|0x0000000083400000, 0x0000000083400000, 0x0000000083500000|  0%| F|  |TAMS 0x0000000083400000, 0x0000000083400000| Untracked 
|  53|0x0000000083500000, 0x0000000083500000, 0x0000000083600000|  0%| F|  |TAMS 0x0000000083500000, 0x0000000083500000| Untracked 
|  54|0x0000000083600000, 0x0000000083600000, 0x0000000083700000|  0%| F|  |TAMS 0x0000000083600000, 0x0000000083600000| Untracked 
|  55|0x0000000083700000, 0x0000000083700000, 0x0000000083800000|  0%| F|  |TAMS 0x0000000083700000, 0x0000000083700000| Untracked 
|  56|0x0000000083800000, 0x0000000083800000, 0x0000000083900000|  0%| F|  |TAMS 0x0000000083800000, 0x0000000083800000| Untracked 
|  57|0x0000000083900000, 0x0000000083900000, 0x0000000083a00000|  0%| F|  |TAMS 0x0000000083900000, 0x0000000083900000| Untracked 
|  58|0x0000000083a00000, 0x0000000083b00000, 0x0000000083b00000|100%| S|CS|TAMS 0x0000000083a00000, 0x0000000083a00000| Complete 
|  59|0x0000000083b00000, 0x0000000083c00000, 0x0000000083c00000|100%| S|CS|TAMS 0x0000000083b00000, 0x0000000083b00000| Complete 
|  60|0x0000000083c00000, 0x0000000083d00000, 0x0000000083d00000|100%| S|CS|TAMS 0x0000000083c00000, 0x0000000083c00000| Complete 
|  61|0x0000000083d00000, 0x0000000083e00000, 0x0000000083e00000|100%| S|CS|TAMS 0x0000000083d00000, 0x0000000083d00000| Complete 
|  62|0x0000000083e00000, 0x0000000083f00000, 0x0000000083f00000|100%| S|CS|TAMS 0x0000000083e00000, 0x0000000083e00000| Complete 
|  63|0x0000000083f00000, 0x0000000084000000, 0x0000000084000000|100%| S|CS|TAMS 0x0000000083f00000, 0x0000000083f00000| Complete 
|  64|0x0000000084000000, 0x0000000084100000, 0x0000000084100000|100%| S|CS|TAMS 0x0000000084000000, 0x0000000084000000| Complete 
|  65|0x0000000084100000, 0x0000000084100000, 0x0000000084200000|  0%| F|  |TAMS 0x0000000084100000, 0x0000000084100000| Untracked 
|  66|0x0000000084200000, 0x0000000084200000, 0x0000000084300000|  0%| F|  |TAMS 0x0000000084200000, 0x0000000084200000| Untracked 
|  67|0x0000000084300000, 0x0000000084300000, 0x0000000084400000|  0%| F|  |TAMS 0x0000000084300000, 0x0000000084300000| Untracked 
|  68|0x0000000084400000, 0x0000000084400000, 0x0000000084500000|  0%| F|  |TAMS 0x0000000084400000, 0x0000000084400000| Untracked 
|  69|0x0000000084500000, 0x0000000084500000, 0x0000000084600000|  0%| F|  |TAMS 0x0000000084500000, 0x0000000084500000| Untracked 
|  70|0x0000000084600000, 0x0000000084600000, 0x0000000084700000|  0%| F|  |TAMS 0x0000000084600000, 0x0000000084600000| Untracked 
|  71|0x0000000084700000, 0x0000000084700000, 0x0000000084800000|  0%| F|  |TAMS 0x0000000084700000, 0x0000000084700000| Untracked 
|  72|0x0000000084800000, 0x0000000084800000, 0x0000000084900000|  0%| F|  |TAMS 0x0000000084800000, 0x0000000084800000| Untracked 
|  73|0x0000000084900000, 0x0000000084900000, 0x0000000084a00000|  0%| F|  |TAMS 0x0000000084900000, 0x0000000084900000| Untracked 
|  74|0x0000000084a00000, 0x0000000084a00000, 0x0000000084b00000|  0%| F|  |TAMS 0x0000000084a00000, 0x0000000084a00000| Untracked 
|  75|0x0000000084b00000, 0x0000000084b00000, 0x0000000084c00000|  0%| F|  |TAMS 0x0000000084b00000, 0x0000000084b00000| Untracked 
|  76|0x0000000084c00000, 0x0000000084c00000, 0x0000000084d00000|  0%| F|  |TAMS 0x0000000084c00000, 0x0000000084c00000| Untracked 
|  77|0x0000000084d00000, 0x0000000084d00000, 0x0000000084e00000|  0%| F|  |TAMS 0x0000000084d00000, 0x0000000084d00000| Untracked 
|  78|0x0000000084e00000, 0x0000000084e00000, 0x0000000084f00000|  0%| F|  |TAMS 0x0000000084e00000, 0x0000000084e00000| Untracked 
|  79|0x0000000084f00000, 0x0000000084f00000, 0x0000000085000000|  0%| F|  |TAMS 0x0000000084f00000, 0x0000000084f00000| Untracked 
|  80|0x0000000085000000, 0x0000000085000000, 0x0000000085100000|  0%| F|  |TAMS 0x0000000085000000, 0x0000000085000000| Untracked 
|  81|0x0000000085100000, 0x0000000085100000, 0x0000000085200000|  0%| F|  |TAMS 0x0000000085100000, 0x0000000085100000| Untracked 
|  82|0x0000000085200000, 0x0000000085200000, 0x0000000085300000|  0%| F|  |TAMS 0x0000000085200000, 0x0000000085200000| Untracked 
|  83|0x0000000085300000, 0x0000000085300000, 0x0000000085400000|  0%| F|  |TAMS 0x0000000085300000, 0x0000000085300000| Untracked 
|  84|0x0000000085400000, 0x0000000085400000, 0x0000000085500000|  0%| F|  |TAMS 0x0000000085400000, 0x0000000085400000| Untracked 
|  85|0x0000000085500000, 0x0000000085500000, 0x0000000085600000|  0%| F|  |TAMS 0x0000000085500000, 0x0000000085500000| Untracked 
|  86|0x0000000085600000, 0x0000000085600000, 0x0000000085700000|  0%| F|  |TAMS 0x0000000085600000, 0x0000000085600000| Untracked 
|  87|0x0000000085700000, 0x0000000085700000, 0x0000000085800000|  0%| F|  |TAMS 0x0000000085700000, 0x0000000085700000| Untracked 
|  88|0x0000000085800000, 0x0000000085800000, 0x0000000085900000|  0%| F|  |TAMS 0x0000000085800000, 0x0000000085800000| Untracked 
|  89|0x0000000085900000, 0x0000000085900000, 0x0000000085a00000|  0%| F|  |TAMS 0x0000000085900000, 0x0000000085900000| Untracked 
|  90|0x0000000085a00000, 0x0000000085a00000, 0x0000000085b00000|  0%| F|  |TAMS 0x0000000085a00000, 0x0000000085a00000| Untracked 
|  91|0x0000000085b00000, 0x0000000085b00000, 0x0000000085c00000|  0%| F|  |TAMS 0x0000000085b00000, 0x0000000085b00000| Untracked 
|  92|0x0000000085c00000, 0x0000000085c00000, 0x0000000085d00000|  0%| F|  |TAMS 0x0000000085c00000, 0x0000000085c00000| Untracked 
|  93|0x0000000085d00000, 0x0000000085d00000, 0x0000000085e00000|  0%| F|  |TAMS 0x0000000085d00000, 0x0000000085d00000| Untracked 
|  94|0x0000000085e00000, 0x0000000085e00000, 0x0000000085f00000|  0%| F|  |TAMS 0x0000000085e00000, 0x0000000085e00000| Untracked 
|  95|0x0000000085f00000, 0x0000000085f00000, 0x0000000086000000|  0%| F|  |TAMS 0x0000000085f00000, 0x0000000085f00000| Untracked 
|  96|0x0000000086000000, 0x0000000086000000, 0x0000000086100000|  0%| F|  |TAMS 0x0000000086000000, 0x0000000086000000| Untracked 
|  97|0x0000000086100000, 0x0000000086200000, 0x0000000086200000|100%| E|  |TAMS 0x0000000086100000, 0x0000000086100000| Complete 
|  98|0x0000000086200000, 0x0000000086300000, 0x0000000086300000|100%| E|CS|TAMS 0x0000000086200000, 0x0000000086200000| Complete 
|  99|0x0000000086300000, 0x0000000086400000, 0x0000000086400000|100%| E|CS|TAMS 0x0000000086300000, 0x0000000086300000| Complete 
| 100|0x0000000086400000, 0x0000000086500000, 0x0000000086500000|100%| E|CS|TAMS 0x0000000086400000, 0x0000000086400000| Complete 
| 101|0x0000000086500000, 0x0000000086600000, 0x0000000086600000|100%| E|CS|TAMS 0x0000000086500000, 0x0000000086500000| Complete 
| 102|0x0000000086600000, 0x0000000086700000, 0x0000000086700000|100%| E|CS|TAMS 0x0000000086600000, 0x0000000086600000| Complete 
| 103|0x0000000086700000, 0x0000000086800000, 0x0000000086800000|100%| E|CS|TAMS 0x0000000086700000, 0x0000000086700000| Complete 
| 104|0x0000000086800000, 0x0000000086900000, 0x0000000086900000|100%| E|CS|TAMS 0x0000000086800000, 0x0000000086800000| Complete 
| 105|0x0000000086900000, 0x0000000086a00000, 0x0000000086a00000|100%| E|CS|TAMS 0x0000000086900000, 0x0000000086900000| Complete 
| 106|0x0000000086a00000, 0x0000000086b00000, 0x0000000086b00000|100%| E|CS|TAMS 0x0000000086a00000, 0x0000000086a00000| Complete 
| 107|0x0000000086b00000, 0x0000000086c00000, 0x0000000086c00000|100%| E|CS|TAMS 0x0000000086b00000, 0x0000000086b00000| Complete 
| 108|0x0000000086c00000, 0x0000000086d00000, 0x0000000086d00000|100%| E|CS|TAMS 0x0000000086c00000, 0x0000000086c00000| Complete 
| 109|0x0000000086d00000, 0x0000000086e00000, 0x0000000086e00000|100%| E|CS|TAMS 0x0000000086d00000, 0x0000000086d00000| Complete 
| 110|0x0000000086e00000, 0x0000000086f00000, 0x0000000086f00000|100%| E|CS|TAMS 0x0000000086e00000, 0x0000000086e00000| Complete 
| 111|0x0000000086f00000, 0x0000000087000000, 0x0000000087000000|100%| E|CS|TAMS 0x0000000086f00000, 0x0000000086f00000| Complete 
| 112|0x0000000087000000, 0x0000000087100000, 0x0000000087100000|100%| E|CS|TAMS 0x0000000087000000, 0x0000000087000000| Complete 
| 113|0x0000000087100000, 0x0000000087200000, 0x0000000087200000|100%| E|CS|TAMS 0x0000000087100000, 0x0000000087100000| Complete 
| 114|0x0000000087200000, 0x0000000087300000, 0x0000000087300000|100%| E|CS|TAMS 0x0000000087200000, 0x0000000087200000| Complete 
| 115|0x0000000087300000, 0x0000000087400000, 0x0000000087400000|100%| E|CS|TAMS 0x0000000087300000, 0x0000000087300000| Complete 
| 116|0x0000000087400000, 0x0000000087500000, 0x0000000087500000|100%| E|CS|TAMS 0x0000000087400000, 0x0000000087400000| Complete 
| 117|0x0000000087500000, 0x0000000087600000, 0x0000000087600000|100%| E|CS|TAMS 0x0000000087500000, 0x0000000087500000| Complete 
| 118|0x0000000087600000, 0x0000000087700000, 0x0000000087700000|100%| E|CS|TAMS 0x0000000087600000, 0x0000000087600000| Complete 
| 119|0x0000000087700000, 0x0000000087800000, 0x0000000087800000|100%| E|CS|TAMS 0x0000000087700000, 0x0000000087700000| Complete 
| 120|0x0000000087800000, 0x0000000087900000, 0x0000000087900000|100%| E|CS|TAMS 0x0000000087800000, 0x0000000087800000| Complete 
| 121|0x0000000087900000, 0x0000000087a00000, 0x0000000087a00000|100%| E|CS|TAMS 0x0000000087900000, 0x0000000087900000| Complete 
| 122|0x0000000087a00000, 0x0000000087b00000, 0x0000000087b00000|100%| E|CS|TAMS 0x0000000087a00000, 0x0000000087a00000| Complete 
| 123|0x0000000087b00000, 0x0000000087c00000, 0x0000000087c00000|100%| E|CS|TAMS 0x0000000087b00000, 0x0000000087b00000| Complete 
| 124|0x0000000087c00000, 0x0000000087d00000, 0x0000000087d00000|100%| E|CS|TAMS 0x0000000087c00000, 0x0000000087c00000| Complete 
| 125|0x0000000087d00000, 0x0000000087e00000, 0x0000000087e00000|100%| E|CS|TAMS 0x0000000087d00000, 0x0000000087d00000| Complete 
| 126|0x0000000087e00000, 0x0000000087f00000, 0x0000000087f00000|100%| E|CS|TAMS 0x0000000087e00000, 0x0000000087e00000| Complete 
| 127|0x0000000087f00000, 0x0000000088000000, 0x0000000088000000|100%| E|CS|TAMS 0x0000000087f00000, 0x0000000087f00000| Complete 
| 128|0x0000000088000000, 0x0000000088100000, 0x0000000088100000|100%| E|CS|TAMS 0x0000000088000000, 0x0000000088000000| Complete 
| 129|0x0000000088100000, 0x0000000088200000, 0x0000000088200000|100%| E|CS|TAMS 0x0000000088100000, 0x0000000088100000| Complete 
| 130|0x0000000088200000, 0x0000000088300000, 0x0000000088300000|100%| E|CS|TAMS 0x0000000088200000, 0x0000000088200000| Complete 
| 131|0x0000000088300000, 0x0000000088400000, 0x0000000088400000|100%| E|CS|TAMS 0x0000000088300000, 0x0000000088300000| Complete 
| 132|0x0000000088400000, 0x0000000088500000, 0x0000000088500000|100%| E|CS|TAMS 0x0000000088400000, 0x0000000088400000| Complete 
| 133|0x0000000088500000, 0x0000000088600000, 0x0000000088600000|100%| E|CS|TAMS 0x0000000088500000, 0x0000000088500000| Complete 
| 134|0x0000000088600000, 0x0000000088700000, 0x0000000088700000|100%| E|CS|TAMS 0x0000000088600000, 0x0000000088600000| Complete 
| 135|0x0000000088700000, 0x0000000088800000, 0x0000000088800000|100%| E|CS|TAMS 0x0000000088700000, 0x0000000088700000| Complete 
| 136|0x0000000088800000, 0x0000000088900000, 0x0000000088900000|100%| E|CS|TAMS 0x0000000088800000, 0x0000000088800000| Complete 
| 137|0x0000000088900000, 0x0000000088a00000, 0x0000000088a00000|100%| E|CS|TAMS 0x0000000088900000, 0x0000000088900000| Complete 
| 138|0x0000000088a00000, 0x0000000088b00000, 0x0000000088b00000|100%| E|CS|TAMS 0x0000000088a00000, 0x0000000088a00000| Complete 
| 139|0x0000000088b00000, 0x0000000088c00000, 0x0000000088c00000|100%| E|CS|TAMS 0x0000000088b00000, 0x0000000088b00000| Complete 
| 140|0x0000000088c00000, 0x0000000088d00000, 0x0000000088d00000|100%| E|CS|TAMS 0x0000000088c00000, 0x0000000088c00000| Complete 
| 141|0x0000000088d00000, 0x0000000088e00000, 0x0000000088e00000|100%| E|CS|TAMS 0x0000000088d00000, 0x0000000088d00000| Complete 

Card table byte_map: [0x000001efe7970000,0x000001efe7d70000] _byte_map_base: 0x000001efe7570000

Marking Bits (Prev, Next): (CMBitMap*) 0x000001efd456bed8, (CMBitMap*) 0x000001efd456bf10
 Prev Bits: [0x000001efe8170000, 0x000001efea170000)
 Next Bits: [0x000001efea170000, 0x000001efec170000)

Polling page: 0x000001efd2490000

Metaspace:

Usage:
  Non-class:     37.08 MB capacity,    36.41 MB ( 98%) used,   590.12 KB (  2%) free+waste,    98.75 KB ( <1%) overhead. 
      Class:      5.69 MB capacity,     5.33 MB ( 94%) used,   317.04 KB (  5%) free+waste,    47.25 KB ( <1%) overhead. 
       Both:     42.77 MB capacity,    41.74 MB ( 98%) used,   907.16 KB (  2%) free+waste,   146.00 KB ( <1%) overhead. 

Virtual space:
  Non-class space:       38.00 MB reserved,      37.25 MB ( 98%) committed 
      Class space:        1.00 GB reserved,       5.75 MB ( <1%) committed 
             Both:        1.04 GB reserved,      43.00 MB (  4%) committed 

Chunk freelists:
   Non-Class:  46.00 KB
       Class:  2.00 KB
        Both:  48.00 KB

MaxMetaspaceSize: 17179869184.00 GB
CompressedClassSpaceSize: 1.00 GB

CodeHeap 'non-profiled nmethods': size=120000Kb used=1933Kb max_used=1933Kb free=118066Kb
 bounds [0x000001efdfaf0000, 0x000001efdfd60000, 0x000001efe7020000]
CodeHeap 'profiled nmethods': size=120000Kb used=7651Kb max_used=7651Kb free=112348Kb
 bounds [0x000001efd85c0000, 0x000001efd8d40000, 0x000001efdfaf0000]
CodeHeap 'non-nmethods': size=5760Kb used=2201Kb max_used=2240Kb free=3558Kb
 bounds [0x000001efd8020000, 0x000001efd8290000, 0x000001efd85c0000]
 total_blobs=4415 nmethods=3648 adapters=678
 compilation: enabled
              stopped_count=0, restarted_count=0
 full_count=0

Compilation events (20 events):
Event: 4.551 Thread 0x000001efeee00800 nmethod 3630 0x000001efd8d1f510 code [0x000001efd8d1f7a0, 0x000001efd8d208c8]
Event: 4.551 Thread 0x000001efeee00800 3631       3       java.util.Arrays::sort (47 bytes)
Event: 4.551 Thread 0x000001efeee00800 nmethod 3631 0x000001efd8d20e10 code [0x000001efd8d21000, 0x000001efd8d21338]
Event: 4.551 Thread 0x000001efeee00800 3632       3       java.util.ArrayList::sort (45 bytes)
Event: 4.552 Thread 0x000001efeee00800 nmethod 3632 0x000001efd8d21490 code [0x000001efd8d21660, 0x000001efd8d218b8]
Event: 4.552 Thread 0x000001efeee00800 3634       3       com.sun.beans.util.Cache::getEntryValue (33 bytes)
Event: 4.552 Thread 0x000001efeee00800 nmethod 3634 0x000001efd8d21a10 code [0x000001efd8d21c00, 0x000001efd8d220c8]
Event: 4.552 Thread 0x000001efeee00800 3636       3       groovy.lang.MetaProperty::<init> (15 bytes)
Event: 4.552 Thread 0x000001efeee00800 nmethod 3636 0x000001efd8d22290 code [0x000001efd8d22440, 0x000001efd8d22658]
Event: 4.552 Thread 0x000001efeee00800 3637  s!   3       java.beans.PropertyDescriptor::getPropertyType (33 bytes)
Event: 4.553 Thread 0x000001efeee00800 nmethod 3637 0x000001efd8d22710 code [0x000001efd8d22960, 0x000001efd8d233c8]
Event: 4.553 Thread 0x000001efeee00800 3635       3       java.beans.PropertyDescriptor::setClass0 (25 bytes)
Event: 4.553 Thread 0x000001efeee00800 nmethod 3635 0x000001efd8d23710 code [0x000001efd8d23960, 0x000001efd8d243f8]
Event: 4.553 Thread 0x000001efeee00800 3633       3       java.util.HashMap::values (25 bytes)
Event: 4.554 Thread 0x000001efeee00800 nmethod 3633 0x000001efd8d24690 code [0x000001efd8d24860, 0x000001efd8d24bd8]
Event: 4.556 Thread 0x000001eff1ba1800 nmethod 3625 0x000001efdfcd1f10 code [0x000001efdfcd20e0, 0x000001efdfcd2cf8]
Event: 4.556 Thread 0x000001eff1ba1800 3626       4       groovy.lang.MetaClassImpl$1MOPIter::methodNameAction (325 bytes)
Event: 4.571 Thread 0x000001efeee00800 3639       3       org.gradle.internal.instantiation.generator.AbstractClassGenerator$PropertyMetadata::addGetter (129 bytes)
Event: 4.572 Thread 0x000001efeee00800 nmethod 3639 0x000001efd8d24d10 code [0x000001efd8d24fe0, 0x000001efd8d26108]
Event: 4.572 Thread 0x000001efeee00800 3640   !   3       jdk.internal.loader.AbstractClassLoaderValue::computeIfAbsent (113 bytes)

GC Heap History (14 events):
Event: 0.720 GC heap before
{Heap before GC invocations=0 (full 0):
 garbage-first heap   total 120832K, used 29696K [0x0000000080000000, 0x0000000100000000)
  region size 1024K, 24 young (24576K), 0 survivors (0K)
 Metaspace       used 9788K, capacity 9986K, committed 10112K, reserved 1058816K
  class space    used 1021K, capacity 1102K, committed 1152K, reserved 1048576K
}
Event: 0.731 GC heap after
{Heap after GC invocations=1 (full 0):
 garbage-first heap   total 120832K, used 9157K [0x0000000080000000, 0x0000000100000000)
  region size 1024K, 3 young (3072K), 3 survivors (3072K)
 Metaspace       used 9788K, capacity 9986K, committed 10112K, reserved 1058816K
  class space    used 1021K, capacity 1102K, committed 1152K, reserved 1048576K
}
Event: 2.136 GC heap before
{Heap before GC invocations=1 (full 0):
 garbage-first heap   total 120832K, used 77765K [0x0000000080000000, 0x0000000100000000)
  region size 1024K, 70 young (71680K), 3 survivors (3072K)
 Metaspace       used 17356K, capacity 17766K, committed 17792K, reserved 1064960K
  class space    used 2027K, capacity 2172K, committed 2176K, reserved 1048576K
}
Event: 2.145 GC heap after
{Heap after GC invocations=2 (full 0):
 garbage-first heap   total 120832K, used 15627K [0x0000000080000000, 0x0000000100000000)
  region size 1024K, 9 young (9216K), 9 survivors (9216K)
 Metaspace       used 17356K, capacity 17766K, committed 17792K, reserved 1064960K
  class space    used 2027K, capacity 2172K, committed 2176K, reserved 1048576K
}
Event: 2.435 GC heap before
{Heap before GC invocations=2 (full 0):
 garbage-first heap   total 120832K, used 43275K [0x0000000080000000, 0x0000000100000000)
  region size 1024K, 37 young (37888K), 9 survivors (9216K)
 Metaspace       used 20581K, capacity 21118K, committed 21248K, reserved 1067008K
  class space    used 2517K, capacity 2720K, committed 2816K, reserved 1048576K
}
Event: 2.448 GC heap after
{Heap after GC invocations=3 (full 0):
 garbage-first heap   total 120832K, used 16799K [0x0000000080000000, 0x0000000100000000)
  region size 1024K, 2 young (2048K), 2 survivors (2048K)
 Metaspace       used 20581K, capacity 21118K, committed 21248K, reserved 1067008K
  class space    used 2517K, capacity 2720K, committed 2816K, reserved 1048576K
}
Event: 2.875 GC heap before
{Heap before GC invocations=4 (full 0):
 garbage-first heap   total 120832K, used 63903K [0x0000000080000000, 0x0000000100000000)
  region size 1024K, 48 young (49152K), 2 survivors (2048K)
 Metaspace       used 25379K, capacity 25902K, committed 26112K, reserved 1071104K
  class space    used 3315K, capacity 3533K, committed 3584K, reserved 1048576K
}
Event: 2.879 GC heap after
{Heap after GC invocations=5 (full 0):
 garbage-first heap   total 120832K, used 18316K [0x0000000080000000, 0x0000000100000000)
  region size 1024K, 3 young (3072K), 3 survivors (3072K)
 Metaspace       used 25379K, capacity 25902K, committed 26112K, reserved 1071104K
  class space    used 3315K, capacity 3533K, committed 3584K, reserved 1048576K
}
Event: 3.518 GC heap before
{Heap before GC invocations=5 (full 0):
 garbage-first heap   total 120832K, used 70540K [0x0000000080000000, 0x0000000100000000)
  region size 1024K, 55 young (56320K), 3 survivors (3072K)
 Metaspace       used 31293K, capacity 32034K, committed 32128K, reserved 1077248K
  class space    used 4152K, capacity 4407K, committed 4480K, reserved 1048576K
}
Event: 3.523 GC heap after
{Heap after GC invocations=6 (full 0):
 garbage-first heap   total 120832K, used 20503K [0x0000000080000000, 0x0000000100000000)
  region size 1024K, 5 young (5120K), 5 survivors (5120K)
 Metaspace       used 31293K, capacity 32034K, committed 32128K, reserved 1077248K
  class space    used 4152K, capacity 4407K, committed 4480K, reserved 1048576K
}
Event: 3.712 GC heap before
{Heap before GC invocations=6 (full 0):
 garbage-first heap   total 120832K, used 30743K [0x0000000080000000, 0x0000000100000000)
  region size 1024K, 16 young (16384K), 5 survivors (5120K)
 Metaspace       used 34987K, capacity 35798K, committed 35840K, reserved 1081344K
  class space    used 4536K, capacity 4832K, committed 4864K, reserved 1048576K
}
Event: 3.719 GC heap after
{Heap after GC invocations=7 (full 0):
 garbage-first heap   total 120832K, used 22132K [0x0000000080000000, 0x0000000100000000)
  region size 1024K, 6 young (6144K), 6 survivors (6144K)
 Metaspace       used 34987K, capacity 35798K, committed 35840K, reserved 1081344K
  class space    used 4536K, capacity 4832K, committed 4864K, reserved 1048576K
}
Event: 4.134 GC heap before
{Heap before GC invocations=8 (full 0):
 garbage-first heap   total 120832K, used 72308K [0x0000000080000000, 0x0000000100000000)
  region size 1024K, 53 young (54272K), 6 survivors (6144K)
 Metaspace       used 38581K, capacity 39503K, committed 39680K, reserved 1083392K
  class space    used 4920K, capacity 5251K, committed 5376K, reserved 1048576K
}
Event: 4.143 GC heap after
{Heap after GC invocations=9 (full 0):
 garbage-first heap   total 145408K, used 26067K [0x0000000080000000, 0x0000000100000000)
  region size 1024K, 7 young (7168K), 7 survivors (7168K)
 Metaspace       used 38581K, capacity 39503K, committed 39680K, reserved 1083392K
  class space    used 4920K, capacity 5251K, committed 5376K, reserved 1048576K
}

Deoptimization events (20 events):
Event: 4.419 Thread 0x000001eff17d1000 Uncommon trap: trap_request=0xffffff4d fr.pc=0x000001efdfbe7b04 relative=0x00000000000001c4
Event: 4.419 Thread 0x000001eff17d1000 Uncommon trap: reason=unstable_if action=reinterpret pc=0x000001efdfbe7b04 method=java.util.HashMap.getNode(ILjava/lang/Object;)Ljava/util/HashMap$Node; @ 53 c2
Event: 4.419 Thread 0x000001eff17d1000 DEOPT PACKING pc=0x000001efdfbe7b04 sp=0x0000004ca4af9300
Event: 4.419 Thread 0x000001eff17d1000 DEOPT UNPACKING pc=0x000001efd80478af sp=0x0000004ca4af9288 mode 2
Event: 4.419 Thread 0x000001eff17d1000 Uncommon trap: trap_request=0xffffff4d fr.pc=0x000001efdfc62b9c relative=0x000000000000071c
Event: 4.419 Thread 0x000001eff17d1000 Uncommon trap: reason=unstable_if action=reinterpret pc=0x000001efdfc62b9c method=java.util.HashMap.putVal(ILjava/lang/Object;Ljava/lang/Object;ZZ)Ljava/lang/Object; @ 85 c2
Event: 4.419 Thread 0x000001eff17d1000 DEOPT PACKING pc=0x000001efdfc62b9c sp=0x0000004ca4af9330
Event: 4.419 Thread 0x000001eff17d1000 DEOPT UNPACKING pc=0x000001efd80478af sp=0x0000004ca4af9260 mode 2
Event: 4.424 Thread 0x000001eff17d1000 Uncommon trap: trap_request=0xffffff4d fr.pc=0x000001efdfc2b960 relative=0x0000000000000300
Event: 4.424 Thread 0x000001eff17d1000 Uncommon trap: reason=unstable_if action=reinterpret pc=0x000001efdfc2b960 method=org.gradle.internal.reflect.PropertyAccessorType.isGetGetterName(Ljava/lang/String;)Z @ 14 c2
Event: 4.424 Thread 0x000001eff17d1000 DEOPT PACKING pc=0x000001efdfc2b960 sp=0x0000004ca4af9c30
Event: 4.424 Thread 0x000001eff17d1000 DEOPT UNPACKING pc=0x000001efd80478af sp=0x0000004ca4af9b88 mode 2
Event: 4.447 Thread 0x000001eff17d1000 Uncommon trap: trap_request=0xffffff4d fr.pc=0x000001efdfc2b308 relative=0x00000000000000e8
Event: 4.447 Thread 0x000001eff17d1000 Uncommon trap: reason=unstable_if action=reinterpret pc=0x000001efdfc2b308 method=org.objectweb.asm.ByteVector.putShort(I)Lorg/objectweb/asm/ByteVector; @ 13 c2
Event: 4.447 Thread 0x000001eff17d1000 DEOPT PACKING pc=0x000001efdfc2b308 sp=0x0000004ca4af97f0
Event: 4.447 Thread 0x000001eff17d1000 DEOPT UNPACKING pc=0x000001efd80478af sp=0x0000004ca4af9788 mode 2
Event: 4.463 Thread 0x000001eff17d1000 Uncommon trap: trap_request=0xffffff4d fr.pc=0x000001efdfc7ac08 relative=0x0000000000001a88
Event: 4.463 Thread 0x000001eff17d1000 Uncommon trap: reason=unstable_if action=reinterpret pc=0x000001efdfc7ac08 method=java.util.concurrent.ConcurrentHashMap.computeIfAbsent(Ljava/lang/Object;Ljava/util/function/Function;)Ljava/lang/Object; @ 123 c2
Event: 4.463 Thread 0x000001eff17d1000 DEOPT PACKING pc=0x000001efdfc7ac08 sp=0x0000004ca4afacd0
Event: 4.463 Thread 0x000001eff17d1000 DEOPT UNPACKING pc=0x000001efd80478af sp=0x0000004ca4afac70 mode 2

Classes redefined (0 events):
No events

Internal exceptions (20 events):
Event: 4.157 Thread 0x000001eff17d1000 Exception <a 'java/lang/ClassNotFoundException'{0x0000000088a6bbc0}: org/gradle/api/internal/DefaultNamedDomainObjectCollectionCustomizer> (0x0000000088a6bbc0) thrown at [./src/hotspot/share/classfile/systemDictionary.cpp, line 231]
Event: 4.161 Thread 0x000001eff17d1000 Exception <a 'java/lang/ClassNotFoundException'{0x0000000088ae3ce8}: org/gradle/api/internal/DefaultNamedDomainObjectListCustomizer> (0x0000000088ae3ce8) thrown at [./src/hotspot/share/classfile/systemDictionary.cpp, line 231]
Event: 4.162 Thread 0x000001eff17d1000 Exception <a 'java/lang/ClassNotFoundException'{0x0000000088938e08}: org/gradle/api/internal/artifacts/DefaultArtifactRepositoryContainerCustomizer> (0x0000000088938e08) thrown at [./src/hotspot/share/classfile/systemDictionary.cpp, line 231]
Event: 4.164 Thread 0x000001eff17d1000 Exception <a 'java/lang/ClassNotFoundException'{0x0000000088983250}: org/gradle/api/internal/artifacts/dsl/DefaultRepositoryHandlerCustomizer> (0x0000000088983250) thrown at [./src/hotspot/share/classfile/systemDictionary.cpp, line 231]
Event: 4.166 Thread 0x000001eff17d1000 Exception <a 'java/lang/ClassNotFoundException'{0x00000000889e0268}: org/gradle/api/internal/artifacts/dsl/DefaultRepositoryHandler_DecoratedCustomizer> (0x00000000889e0268) thrown at [./src/hotspot/share/classfile/systemDictionary.cpp, line 231]
Event: 4.213 Thread 0x000001eff17d1000 Exception <a 'java/lang/ClassNotFoundException'{0x00000000884bc118}: org/gradle/initialization/DefaultProjectDescriptorBeanInfo> (0x00000000884bc118) thrown at [./src/hotspot/share/classfile/systemDictionary.cpp, line 231]
Event: 4.214 Thread 0x000001eff17d1000 Exception <a 'java/lang/ClassNotFoundException'{0x00000000884e1250}: org/gradle/initialization/DefaultProjectDescriptorCustomizer> (0x00000000884e1250) thrown at [./src/hotspot/share/classfile/systemDictionary.cpp, line 231]
Event: 4.217 Thread 0x000001eff17d1000 Implicit null exception at 0x000001efdfc3386c to 0x000001efdfc33914
Event: 4.328 Thread 0x000001eff12dd800 Exception <a 'java/lang/NoSuchMethodError'{0x0000000088d8de08}: <clinit>> (0x0000000088d8de08) thrown at [./src/hotspot/share/prims/jni.cpp, line 1362]
Event: 4.328 Thread 0x000001eff12dd800 Exception <a 'java/lang/NoSuchMethodError'{0x0000000088d8f3f8}: <clinit>> (0x0000000088d8f3f8) thrown at [./src/hotspot/share/prims/jni.cpp, line 1362]
Event: 4.329 Thread 0x000001eff12dd800 Exception <a 'java/lang/NoSuchMethodError'{0x000000008790e420}: <clinit>> (0x000000008790e420) thrown at [./src/hotspot/share/prims/jni.cpp, line 1362]
Event: 4.330 Thread 0x000001eff12dd800 Exception <a 'java/lang/NoSuchMethodError'{0x00000000879904b0}: <clinit>> (0x00000000879904b0) thrown at [./src/hotspot/share/prims/jni.cpp, line 1362]
Event: 4.331 Thread 0x000001eff12dd800 Exception <a 'java/lang/NoSuchMethodError'{0x000000008799f870}: <clinit>> (0x000000008799f870) thrown at [./src/hotspot/share/prims/jni.cpp, line 1362]
Event: 4.418 Thread 0x000001eff17d1000 Implicit null exception at 0x000001efdfbe5b74 to 0x000001efdfbe5d84
Event: 4.542 Thread 0x000001eff17d1000 Exception <a 'java/lang/ClassNotFoundException'{0x0000000086619988}: build_39nrne1niboef74i92zb4rqzgBeanInfo> (0x0000000086619988) thrown at [./src/hotspot/share/classfile/systemDictionary.cpp, line 231]
Event: 4.542 Thread 0x000001eff17d1000 Exception <a 'java/lang/ClassNotFoundException'{0x000000008662f7d0}: org/gradle/api/internal/project/ProjectScriptBeanInfo> (0x000000008662f7d0) thrown at [./src/hotspot/share/classfile/systemDictionary.cpp, line 231]
Event: 4.543 Thread 0x000001eff17d1000 Exception <a 'java/lang/ClassNotFoundException'{0x00000000866457e8}: org/gradle/api/internal/project/ProjectScriptCustomizer> (0x00000000866457e8) thrown at [./src/hotspot/share/classfile/systemDictionary.cpp, line 231]
Event: 4.544 Thread 0x000001eff17d1000 Exception <a 'java/lang/ClassNotFoundException'{0x00000000866609d8}: build_39nrne1niboef74i92zb4rqzgCustomizer> (0x00000000866609d8) thrown at [./src/hotspot/share/classfile/systemDictionary.cpp, line 231]
Event: 4.551 Thread 0x000001eff17d1000 Exception <a 'java/lang/ClassNotFoundException'{0x000000008650d4f8}: org/gradle/api/internal/initialization/DefaultScriptHandlerBeanInfo> (0x000000008650d4f8) thrown at [./src/hotspot/share/classfile/systemDictionary.cpp, line 231]
Event: 4.551 Thread 0x000001eff17d1000 Exception <a 'java/lang/ClassNotFoundException'{0x00000000865364b0}: org/gradle/api/internal/initialization/DefaultScriptHandlerCustomizer> (0x00000000865364b0) thrown at [./src/hotspot/share/classfile/systemDictionary.cpp, line 231]

Events (20 events):
Event: 4.566 loading class org/gradle/api/internal/artifacts/DefaultDependencyConstraintSet
Event: 4.566 loading class org/gradle/api/internal/artifacts/DefaultDependencyConstraintSet done
Event: 4.566 loading class org/gradle/api/internal/CompositeDomainObjectSet
Event: 4.566 loading class org/gradle/api/internal/CompositeDomainObjectSet done
Event: 4.567 loading class org/gradle/api/internal/artifacts/DefaultPublishArtifactSet
Event: 4.567 loading class org/gradle/api/internal/artifacts/DefaultPublishArtifactSet done
Event: 4.567 loading class org/gradle/api/internal/artifacts/configurations/DefaultConfiguration$ConfigurationResolvableDependencies
Event: 4.567 loading class org/gradle/api/internal/artifacts/configurations/DefaultConfiguration$ConfigurationResolvableDependencies done
Event: 4.568 loading class org/gradle/api/internal/artifacts/configurations/ResolvableDependenciesInternal
Event: 4.568 loading class org/gradle/api/internal/artifacts/configurations/ResolvableDependenciesInternal done
Event: 4.568 loading class org/gradle/api/internal/artifacts/configurations/DefaultConfigurationPublications
Event: 4.568 loading class org/gradle/api/internal/artifacts/configurations/DefaultConfigurationPublications done
Event: 4.569 loading class org/gradle/api/internal/file/collections/FileSystemMirroringFileTree
Event: 4.569 loading class org/gradle/api/internal/file/collections/FileSystemMirroringFileTree done
Event: 4.569 loading class org/gradle/api/file/FileCollection$AntType
Event: 4.569 loading class org/gradle/api/file/FileCollection$AntType done
Event: 4.570 loading class org/gradle/api/artifacts/ExcludeRule
Event: 4.570 loading class org/gradle/api/artifacts/ExcludeRule done
Event: 4.570 loading class org/gradle/api/artifacts/DependencyConstraint
Event: 4.570 loading class org/gradle/api/artifacts/DependencyConstraint done


Dynamic libraries:
0x00007ff6caae0000 - 0x00007ff6caaea000 	C:\Program Files\Android\Android Studio\jre\bin\java.exe
0x00007ffcf46a0000 - 0x00007ffcf48a7000 	C:\WINDOWS\SYSTEM32\ntdll.dll
0x00007ffcf30b0000 - 0x00007ffcf316d000 	C:\WINDOWS\System32\KERNEL32.DLL
0x00007ffcf2150000 - 0x00007ffcf24c2000 	C:\WINDOWS\System32\KERNELBASE.dll
0x00007ffcf1d00000 - 0x00007ffcf1e11000 	C:\WINDOWS\System32\ucrtbase.dll
0x00007ffcebd30000 - 0x00007ffcebd49000 	C:\Program Files\Android\Android Studio\jre\bin\jli.dll
0x00007ffcebd10000 - 0x00007ffcebd27000 	C:\Program Files\Android\Android Studio\jre\bin\VCRUNTIME140.dll
0x00007ffcf3520000 - 0x00007ffcf36cc000 	C:\WINDOWS\System32\USER32.dll
0x00007ffcdd4a0000 - 0x00007ffcdd745000 	C:\WINDOWS\WinSxS\amd64_microsoft.windows.common-controls_6595b64144ccf1df_6.0.21996.1_none_7d6b053978bcd706\COMCTL32.dll
0x00007ffcf2540000 - 0x00007ffcf2566000 	C:\WINDOWS\System32\win32u.dll
0x00007ffcf3be0000 - 0x00007ffcf3c83000 	C:\WINDOWS\System32\msvcrt.dll
0x00007ffcf3280000 - 0x00007ffcf32a9000 	C:\WINDOWS\System32\GDI32.dll
0x00007ffcf1e20000 - 0x00007ffcf1f32000 	C:\WINDOWS\System32\gdi32full.dll
0x00007ffcf1f40000 - 0x00007ffcf1fdd000 	C:\WINDOWS\System32\msvcp_win.dll
0x00007ffcf32b0000 - 0x00007ffcf32e1000 	C:\WINDOWS\System32\IMM32.DLL
0x00007ffcdfce0000 - 0x00007ffcdfd7d000 	C:\Program Files\Android\Android Studio\jre\bin\msvcp140.dll
0x00007ffcbbc60000 - 0x00007ffcbc72f000 	C:\Program Files\Android\Android Studio\jre\bin\server\jvm.dll
0x00007ffcf4510000 - 0x00007ffcf45bc000 	C:\WINDOWS\System32\ADVAPI32.dll
0x00007ffcf45c0000 - 0x00007ffcf465d000 	C:\WINDOWS\System32\sechost.dll
0x00007ffcf32f0000 - 0x00007ffcf3411000 	C:\WINDOWS\System32\RPCRT4.dll
0x00007ffcf3420000 - 0x00007ffcf3428000 	C:\WINDOWS\System32\PSAPI.DLL
0x00007ffceae70000 - 0x00007ffceaea3000 	C:\WINDOWS\SYSTEM32\WINMM.dll
0x00007ffce7c70000 - 0x00007ffce7c7a000 	C:\WINDOWS\SYSTEM32\VERSION.dll
0x00007ffce11f0000 - 0x00007ffce11f9000 	C:\WINDOWS\SYSTEM32\WSOCK32.dll
0x00007ffcf3d20000 - 0x00007ffcf3d8f000 	C:\WINDOWS\System32\WS2_32.dll
0x00007ffcf0cf0000 - 0x00007ffcf0d07000 	C:\WINDOWS\SYSTEM32\kernel.appcore.dll
0x00007ffcd5650000 - 0x00007ffcd5661000 	C:\Program Files\Android\Android Studio\jre\bin\verify.dll
0x00007ffce8ac0000 - 0x00007ffce8ce1000 	C:\WINDOWS\SYSTEM32\DBGHELP.DLL
0x00007ffce0b60000 - 0x00007ffce0b91000 	C:\WINDOWS\SYSTEM32\dbgcore.DLL
0x00007ffcf1c80000 - 0x00007ffcf1d00000 	C:\WINDOWS\System32\bcryptPrimitives.dll
0x00007ffcd40b0000 - 0x00007ffcd40d9000 	C:\Program Files\Android\Android Studio\jre\bin\java.dll
0x00007ffce7c30000 - 0x00007ffce7c3b000 	C:\Program Files\Android\Android Studio\jre\bin\jimage.dll
0x00007ffcd4470000 - 0x00007ffcd4488000 	C:\Program Files\Android\Android Studio\jre\bin\zip.dll
0x00007ffcf3d90000 - 0x00007ffcf44f9000 	C:\WINDOWS\System32\SHELL32.dll
0x00007ffcefd80000 - 0x00007ffcf05d8000 	C:\WINDOWS\SYSTEM32\windows.storage.dll
0x00007ffcf37f0000 - 0x00007ffcf3b65000 	C:\WINDOWS\System32\combase.dll
0x00007ffcefc10000 - 0x00007ffcefd76000 	C:\WINDOWS\SYSTEM32\wintypes.dll
0x00007ffcf3170000 - 0x00007ffcf325a000 	C:\WINDOWS\System32\SHCORE.dll
0x00007ffcf28d0000 - 0x00007ffcf292d000 	C:\WINDOWS\System32\shlwapi.dll
0x00007ffcf1af0000 - 0x00007ffcf1b11000 	C:\WINDOWS\SYSTEM32\profapi.dll
0x00007ffcd2bd0000 - 0x00007ffcd2bea000 	C:\Program Files\Android\Android Studio\jre\bin\net.dll
0x00007ffcec3c0000 - 0x00007ffcec4cc000 	C:\WINDOWS\SYSTEM32\WINHTTP.dll
0x00007ffcf1100000 - 0x00007ffcf1167000 	C:\WINDOWS\system32\mswsock.dll
0x00007ffcd1030000 - 0x00007ffcd1044000 	C:\Program Files\Android\Android Studio\jre\bin\nio.dll
0x00007ffcec390000 - 0x00007ffcec3b7000 	C:\Users\suare\.gradle\native\8bec1ad78214c89d9ad589b4d07fe93259594b29d510b10fafb7a158f7737e5d\windows-amd64\native-platform.dll
0x00007ffcdde40000 - 0x00007ffcddf7d000 	C:\Users\suare\.gradle\native\53dbd7edfb1c66fb8903c78663c9afc45aea4f116125fa6feffd364cf09443e8\windows-amd64\native-platform-file-events.dll
0x00007ffcdf3c0000 - 0x00007ffcdf3ca000 	C:\Program Files\Android\Android Studio\jre\bin\management.dll
0x00007ffcdf1d0000 - 0x00007ffcdf1dc000 	C:\Program Files\Android\Android Studio\jre\bin\management_ext.dll
0x00007ffcf1340000 - 0x00007ffcf1358000 	C:\WINDOWS\SYSTEM32\CRYPTSP.dll
0x00007ffcf0c50000 - 0x00007ffcf0c85000 	C:\WINDOWS\system32\rsaenh.dll
0x00007ffcf11f0000 - 0x00007ffcf1219000 	C:\WINDOWS\SYSTEM32\USERENV.dll
0x00007ffcf1530000 - 0x00007ffcf1557000 	C:\WINDOWS\SYSTEM32\bcrypt.dll
0x00007ffcf1360000 - 0x00007ffcf136c000 	C:\WINDOWS\SYSTEM32\CRYPTBASE.dll
0x00007ffcf0830000 - 0x00007ffcf085d000 	C:\WINDOWS\SYSTEM32\IPHLPAPI.DLL
0x00007ffcf2ab0000 - 0x00007ffcf2ab9000 	C:\WINDOWS\System32\NSI.dll
0x00007ffcec050000 - 0x00007ffcec069000 	C:\WINDOWS\SYSTEM32\dhcpcsvc6.DLL
0x00007ffceca10000 - 0x00007ffceca2e000 	C:\WINDOWS\SYSTEM32\dhcpcsvc.DLL
0x00007ffcf0860000 - 0x00007ffcf0945000 	C:\WINDOWS\SYSTEM32\DNSAPI.dll

dbghelp: loaded successfully - version: 4.0.5 - missing functions: none
symbol engine: initialized successfully - sym options: 0x614 - pdb path: .;C:\Program Files\Android\Android Studio\jre\bin;C:\WINDOWS\SYSTEM32;C:\WINDOWS\WinSxS\amd64_microsoft.windows.common-controls_6595b64144ccf1df_6.0.21996.1_none_7d6b053978bcd706;C:\Program Files\Android\Android Studio\jre\bin\server;C:\Users\suare\.gradle\native\8bec1ad78214c89d9ad589b4d07fe93259594b29d510b10fafb7a158f7737e5d\windows-amd64;C:\Users\suare\.gradle\native\53dbd7edfb1c66fb8903c78663c9afc45aea4f116125fa6feffd364cf09443e8\windows-amd64

VM Arguments:
jvm_args: --add-opens=java.base/java.util=ALL-UNNAMED --add-opens=java.base/java.lang=ALL-UNNAMED --add-opens=java.base/java.lang.invoke=ALL-UNNAMED --add-opens=java.base/java.util=ALL-UNNAMED --add-opens=java.prefs/java.util.prefs=ALL-UNNAMED --add-opens=java.prefs/java.util.prefs=ALL-UNNAMED --add-opens=java.base/java.nio.charset=ALL-UNNAMED --add-opens=java.base/java.net=ALL-UNNAMED --add-opens=java.base/java.util.concurrent.atomic=ALL-UNNAMED -Xmx2048m -Dfile.encoding=UTF-8 -Duser.country=US -Duser.language=en -Duser.variant 
java_command: org.gradle.launcher.daemon.bootstrap.GradleDaemon 7.0.2
java_class_path (initial): C:\Users\suare\.gradle\wrapper\dists\gradle-7.0.2-bin\857tjihv64xamwrf0h14cai3r\gradle-7.0.2\lib\gradle-launcher-7.0.2.jar
Launcher Type: SUN_STANDARD

[Global flags]
     intx CICompilerCount                          = 4                                         {product} {ergonomic}
     uint ConcGCThreads                            = 3                                         {product} {ergonomic}
     uint G1ConcRefinementThreads                  = 10                                        {product} {ergonomic}
   size_t G1HeapRegionSize                         = 1048576                                   {product} {ergonomic}
    uintx GCDrainStackTargetSize                   = 64                                        {product} {ergonomic}
   size_t InitialHeapSize                          = 123731968                                 {product} {ergonomic}
   size_t MarkStackSize                            = 4194304                                   {product} {ergonomic}
   size_t MaxHeapSize                              = 2147483648                                {product} {command line}
   size_t MaxNewSize                               = 1287651328                                {product} {ergonomic}
   size_t MinHeapDeltaBytes                        = 1048576                                   {product} {ergonomic}
    uintx NonNMethodCodeHeapSize                   = 5836300                                {pd product} {ergonomic}
    uintx NonProfiledCodeHeapSize                  = 122910970                              {pd product} {ergonomic}
    uintx ProfiledCodeHeapSize                     = 122910970                              {pd product} {ergonomic}
    uintx ReservedCodeCacheSize                    = 251658240                              {pd product} {ergonomic}
     bool SegmentedCodeCache                       = true                                      {product} {ergonomic}
     bool UseCompressedClassPointers               = true                                 {lp64_product} {ergonomic}
     bool UseCompressedOops                        = true                                 {lp64_product} {ergonomic}
     bool UseG1GC                                  = true                                      {product} {ergonomic}
     bool UseLargePagesIndividualAllocation        = false                                  {pd product} {ergonomic}

Logging:
Log output configuration:
 #0: stdout all=warning uptime,level,tags
 #1: stderr all=off uptime,level,tags

Environment Variables:
PATH=C:\WINDOWS\system32;C:\WINDOWS;C:\WINDOWS\System32\Wbem;C:\WINDOWS\System32\WindowsPowerShell\v1.0\;C:\WINDOWS\System32\OpenSSH\;C:\Program Files\Git\cmd;C:\Users\suare\AppData\Local\Microsoft\WindowsApps;
USERNAME=Itok
OS=Windows_NT
PROCESSOR_IDENTIFIER=AMD64 Family 23 Model 104 Stepping 1, AuthenticAMD



---------------  S Y S T E M  ---------------

OS: Windows 10 , 64 bit Build 21996 (10.0.21996.1)
OS uptime: 3 days 22:30 hours

CPU:total 12 (initial active 12) (12 cores per cpu, 2 threads per core) family 23 model 104 stepping 1 microcode 0x0, cmov, cx8, fxsr, mmx, sse, sse2, sse3, ssse3, sse4.1, sse4.2, popcnt, avx, avx2, aes, clmul, mmxext, 3dnowpref, lzcnt, sse4a, ht, tsc, tscinvbit, tscinv, bmi1, bmi2, adx,

Memory: 4k page, system-wide physical 7530M (927M free)
TotalPageFile size 7530M (AvailPageFile size 5M)
current process WorkingSet (physical memory assigned to process): 294M, peak: 294M
current process commit charge ("private bytes"): 355M, peak: 356M

vm_info: OpenJDK 64-Bit Server VM (11.0.10+0-b96-7249189) for windows-amd64 JRE (11.0.10+0-b96-7249189), built on Mar 31 2021 21:44:00 by "builder" with MS VC++ 14.0 (VS2015)

END.
